2021-01-11 14:36:40.191  INFO 4919 --- [restartedMain] c.a.community.CommunityApplication       : Starting CommunityApplication on fafadeMacBook-Pro.local with PID 4919 (/Users/fafacarbon/Downloads/DemoAll/community/target/classes started by fafacarbon in /Users/fafacarbon/Downloads/DemoAll/community)
2021-01-11 14:36:40.191 DEBUG 4919 --- [restartedMain] c.a.community.CommunityApplication       : Running with Spring Boot v2.3.5.RELEASE, Spring v5.2.10.RELEASE
2021-01-11 14:36:40.191  INFO 4919 --- [restartedMain] c.a.community.CommunityApplication       : No active profile set, falling back to default profiles: default
2021-01-11 14:36:40.518  INFO 4919 --- [restartedMain] o.s.b.w.embedded.tomcat.TomcatWebServer  : Tomcat initialized with port(s): 8080 (http)
2021-01-11 14:36:40.519  INFO 4919 --- [restartedMain] o.apache.catalina.core.StandardService   : Starting service [Tomcat]
2021-01-11 14:36:40.519  INFO 4919 --- [restartedMain] org.apache.catalina.core.StandardEngine  : Starting Servlet engine: [Apache Tomcat/9.0.39]
2021-01-11 14:36:40.533  INFO 4919 --- [restartedMain] o.a.c.c.C.[.[localhost].[/community]     : Initializing Spring embedded WebApplicationContext
2021-01-11 14:36:40.533  INFO 4919 --- [restartedMain] w.s.c.ServletWebServerApplicationContext : Root WebApplicationContext: initialization completed in 340 ms
2021-01-11 14:36:40.626  INFO 4919 --- [restartedMain] .s.s.UserDetailsServiceAutoConfiguration : 

Using generated security password: ec27842e-bd08-48a4-b3fe-decb4d08e060

2021-01-11 14:36:40.632  INFO 4919 --- [restartedMain] o.s.s.web.DefaultSecurityFilterChain     : Creating filter chain: any request, [org.springframework.security.web.context.request.async.WebAsyncManagerIntegrationFilter@1cbff604, org.springframework.security.web.context.SecurityContextPersistenceFilter@247486a6, org.springframework.security.web.header.HeaderWriterFilter@34548020, org.springframework.security.web.authentication.logout.LogoutFilter@32d0d3e4, org.springframework.security.web.savedrequest.RequestCacheAwareFilter@17d732c8, org.springframework.security.web.servletapi.SecurityContextHolderAwareRequestFilter@792f592, org.springframework.security.web.authentication.AnonymousAuthenticationFilter@c91be64, org.springframework.security.web.session.SessionManagementFilter@4bffd927, org.springframework.security.web.access.ExceptionTranslationFilter@616b0d0]
2021-01-11 14:36:40.654  INFO 4919 --- [restartedMain] o.s.s.concurrent.ThreadPoolTaskExecutor  : Initializing ExecutorService 'applicationTaskExecutor'
2021-01-11 14:36:40.665  INFO 4919 --- [restartedMain] o.s.b.a.w.s.WelcomePageHandlerMapping    : Adding welcome page template: index
2021-01-11 14:36:40.728  INFO 4919 --- [restartedMain] o.s.b.d.a.OptionalLiveReloadServer       : LiveReload server is running on port 35729
2021-01-11 14:36:40.745  INFO 4919 --- [restartedMain] o.s.b.w.embedded.tomcat.TomcatWebServer  : Tomcat started on port(s): 8080 (http) with context path '/community'
2021-01-11 14:36:40.753  INFO 4919 --- [restartedMain] c.a.community.CommunityApplication       : Started CommunityApplication in 0.607 seconds (JVM running for 1610.075)
2021-01-11 14:36:40.769  INFO 4919 --- [restartedMain] .ConditionEvaluationDeltaLoggingListener : Condition evaluation unchanged
2021-01-11 14:36:41.242  INFO 5096 --- [main] c.animalcrossing.community.LoggerTests   : Starting LoggerTests on fafadeMacBook-Pro.local with PID 5096 (started by fafacarbon in /Users/fafacarbon/Downloads/DemoAll/community)
2021-01-11 14:36:41.243 DEBUG 5096 --- [main] c.animalcrossing.community.LoggerTests   : Running with Spring Boot v2.3.5.RELEASE, Spring v5.2.10.RELEASE
2021-01-11 14:36:41.246  INFO 5096 --- [main] c.animalcrossing.community.LoggerTests   : No active profile set, falling back to default profiles: default
2021-01-11 14:36:43.269  INFO 5096 --- [main] .s.s.UserDetailsServiceAutoConfiguration : 

Using generated security password: b6afa35c-36b1-42b1-b9c0-fbaebf6c630a

2021-01-11 14:36:43.404  INFO 5096 --- [main] o.s.s.web.DefaultSecurityFilterChain     : Creating filter chain: any request, [org.springframework.security.web.context.request.async.WebAsyncManagerIntegrationFilter@3dc95b8b, org.springframework.security.web.context.SecurityContextPersistenceFilter@436bd4df, org.springframework.security.web.header.HeaderWriterFilter@177c41d7, org.springframework.security.web.authentication.logout.LogoutFilter@52b3bf03, org.springframework.security.web.savedrequest.RequestCacheAwareFilter@5740ff5e, org.springframework.security.web.servletapi.SecurityContextHolderAwareRequestFilter@68a78f3c, org.springframework.security.web.authentication.AnonymousAuthenticationFilter@2d55e826, org.springframework.security.web.session.SessionManagementFilter@76b47204, org.springframework.security.web.access.ExceptionTranslationFilter@2629d5dc]
2021-01-11 14:36:43.775  INFO 5096 --- [main] o.s.s.concurrent.ThreadPoolTaskExecutor  : Initializing ExecutorService 'applicationTaskExecutor'
2021-01-11 14:36:43.881  INFO 5096 --- [main] o.s.b.a.w.s.WelcomePageHandlerMapping    : Adding welcome page template: index
2021-01-11 14:36:44.184  INFO 5096 --- [main] c.animalcrossing.community.LoggerTests   : Started LoggerTests in 3.541 seconds (JVM running for 4.895)
2021-01-11 14:36:44.622 DEBUG 5096 --- [main] c.animalcrossing.community.LoggerTests   : debug log
2021-01-11 14:36:44.622  INFO 5096 --- [main] c.animalcrossing.community.LoggerTests   : info log
2021-01-11 14:36:44.623  WARN 5096 --- [main] c.animalcrossing.community.LoggerTests   : warn log
2021-01-11 14:36:44.623 ERROR 5096 --- [main] c.animalcrossing.community.LoggerTests   : error log
2021-01-11 14:36:44.643  INFO 5096 --- [SpringContextShutdownHook] o.s.s.concurrent.ThreadPoolTaskExecutor  : Shutting down ExecutorService 'applicationTaskExecutor'
