2021-03-06 00:07:35,780 WARN [HikariPool-1 housekeeper] c.z.h.p.HikariPool [HikariPool.java:787] HikariPool-1 - Thread starvation or clock leap detected (housekeeper delta=7m16s261ms).
2021-03-06 00:17:52,748 WARN [HikariPool-1 housekeeper] c.z.h.p.HikariPool [HikariPool.java:787] HikariPool-1 - Thread starvation or clock leap detected (housekeeper delta=9m46s948ms).
2021-03-06 00:27:39,477 WARN [HikariPool-1 housekeeper] c.z.h.p.HikariPool [HikariPool.java:787] HikariPool-1 - Thread starvation or clock leap detected (housekeeper delta=9m46s729ms).
2021-03-06 00:28:07,700 WARN [HikariPool-1 housekeeper] c.z.h.p.HikariPool [HikariPool.java:779] HikariPool-1 - Retrograde clock change detected (housekeeper delta=28s223ms), soft-evicting connections from pool.
2021-03-06 00:37:52,757 WARN [HikariPool-1 housekeeper] c.z.h.p.HikariPool [HikariPool.java:787] HikariPool-1 - Thread starvation or clock leap detected (housekeeper delta=9m45s57ms).
2021-03-06 00:48:13,584 WARN [HikariPool-1 housekeeper] c.z.h.p.HikariPool [HikariPool.java:787] HikariPool-1 - Thread starvation or clock leap detected (housekeeper delta=9m50s830ms).
2021-03-06 00:58:01,004 WARN [HikariPool-1 housekeeper] c.z.h.p.HikariPool [HikariPool.java:787] HikariPool-1 - Thread starvation or clock leap detected (housekeeper delta=9m47s420ms).
2021-03-06 01:08:18,218 WARN [HikariPool-1 housekeeper] c.z.h.p.HikariPool [HikariPool.java:787] HikariPool-1 - Thread starvation or clock leap detected (housekeeper delta=9m46s708ms).
2021-03-06 01:18:35,536 WARN [HikariPool-1 housekeeper] c.z.h.p.HikariPool [HikariPool.java:787] HikariPool-1 - Thread starvation or clock leap detected (housekeeper delta=9m47s284ms).
2021-03-06 01:28:52,342 WARN [HikariPool-1 housekeeper] c.z.h.p.HikariPool [HikariPool.java:787] HikariPool-1 - Thread starvation or clock leap detected (housekeeper delta=9m46s797ms).
2021-03-06 01:38:39,197 WARN [HikariPool-1 housekeeper] c.z.h.p.HikariPool [HikariPool.java:787] HikariPool-1 - Thread starvation or clock leap detected (housekeeper delta=9m46s855ms).
2021-03-06 01:48:55,998 WARN [HikariPool-1 housekeeper] c.z.h.p.HikariPool [HikariPool.java:787] HikariPool-1 - Thread starvation or clock leap detected (housekeeper delta=9m46s796ms).
2021-03-06 01:59:12,807 WARN [HikariPool-1 housekeeper] c.z.h.p.HikariPool [HikariPool.java:787] HikariPool-1 - Thread starvation or clock leap detected (housekeeper delta=9m46s798ms).
2021-03-06 02:08:59,653 WARN [HikariPool-1 housekeeper] c.z.h.p.HikariPool [HikariPool.java:787] HikariPool-1 - Thread starvation or clock leap detected (housekeeper delta=9m46s846ms).
2021-03-06 02:19:16,657 WARN [HikariPool-1 housekeeper] c.z.h.p.HikariPool [HikariPool.java:787] HikariPool-1 - Thread starvation or clock leap detected (housekeeper delta=9m46s985ms).
2021-03-06 02:29:33,673 WARN [HikariPool-1 housekeeper] c.z.h.p.HikariPool [HikariPool.java:787] HikariPool-1 - Thread starvation or clock leap detected (housekeeper delta=9m47s10ms).
2021-03-06 02:39:20,119 WARN [HikariPool-1 housekeeper] c.z.h.p.HikariPool [HikariPool.java:787] HikariPool-1 - Thread starvation or clock leap detected (housekeeper delta=9m46s446ms).
2021-03-06 02:49:37,363 WARN [HikariPool-1 housekeeper] c.z.h.p.HikariPool [HikariPool.java:787] HikariPool-1 - Thread starvation or clock leap detected (housekeeper delta=9m46s902ms).
2021-03-06 02:59:54,331 WARN [HikariPool-1 housekeeper] c.z.h.p.HikariPool [HikariPool.java:787] HikariPool-1 - Thread starvation or clock leap detected (housekeeper delta=9m46s962ms).
2021-03-06 03:09:41,004 WARN [HikariPool-1 housekeeper] c.z.h.p.HikariPool [HikariPool.java:787] HikariPool-1 - Thread starvation or clock leap detected (housekeeper delta=9m46s673ms).
2021-03-06 03:19:58,789 WARN [HikariPool-1 housekeeper] c.z.h.p.HikariPool [HikariPool.java:787] HikariPool-1 - Thread starvation or clock leap detected (housekeeper delta=9m47s28ms).
2021-03-06 03:30:15,838 WARN [HikariPool-1 housekeeper] c.z.h.p.HikariPool [HikariPool.java:787] HikariPool-1 - Thread starvation or clock leap detected (housekeeper delta=9m47s58ms).
2021-03-06 03:40:32,523 WARN [HikariPool-1 housekeeper] c.z.h.p.HikariPool [HikariPool.java:787] HikariPool-1 - Thread starvation or clock leap detected (housekeeper delta=9m46s679ms).
2021-03-06 03:50:19,414 WARN [HikariPool-1 housekeeper] c.z.h.p.HikariPool [HikariPool.java:787] HikariPool-1 - Thread starvation or clock leap detected (housekeeper delta=9m46s891ms).
2021-03-06 04:00:34,368 WARN [HikariPool-1 housekeeper] c.z.h.p.HikariPool [HikariPool.java:787] HikariPool-1 - Thread starvation or clock leap detected (housekeeper delta=9m44s955ms).
2021-03-06 04:10:53,453 WARN [HikariPool-1 housekeeper] c.z.h.p.HikariPool [HikariPool.java:787] HikariPool-1 - Thread starvation or clock leap detected (housekeeper delta=9m49s81ms).
2021-03-06 04:20:40,249 WARN [HikariPool-1 housekeeper] c.z.h.p.HikariPool [HikariPool.java:787] HikariPool-1 - Thread starvation or clock leap detected (housekeeper delta=9m46s796ms).
2021-03-06 04:30:57,155 WARN [HikariPool-1 housekeeper] c.z.h.p.HikariPool [HikariPool.java:787] HikariPool-1 - Thread starvation or clock leap detected (housekeeper delta=9m46s909ms).
2021-03-06 04:41:14,067 WARN [HikariPool-1 housekeeper] c.z.h.p.HikariPool [HikariPool.java:787] HikariPool-1 - Thread starvation or clock leap detected (housekeeper delta=9m46s901ms).
2021-03-06 04:51:00,821 WARN [HikariPool-1 housekeeper] c.z.h.p.HikariPool [HikariPool.java:787] HikariPool-1 - Thread starvation or clock leap detected (housekeeper delta=9m46s754ms).
2021-03-06 05:01:17,820 WARN [HikariPool-1 housekeeper] c.z.h.p.HikariPool [HikariPool.java:787] HikariPool-1 - Thread starvation or clock leap detected (housekeeper delta=9m47s3ms).
2021-03-06 05:11:34,760 WARN [HikariPool-1 housekeeper] c.z.h.p.HikariPool [HikariPool.java:787] HikariPool-1 - Thread starvation or clock leap detected (housekeeper delta=9m46s930ms).
2021-03-06 05:21:22,004 WARN [HikariPool-1 housekeeper] c.z.h.p.HikariPool [HikariPool.java:787] HikariPool-1 - Thread starvation or clock leap detected (housekeeper delta=9m47s244ms).
2021-03-06 05:31:39,637 WARN [HikariPool-1 housekeeper] c.z.h.p.HikariPool [HikariPool.java:787] HikariPool-1 - Thread starvation or clock leap detected (housekeeper delta=9m46s939ms).
2021-03-06 05:41:56,625 WARN [HikariPool-1 housekeeper] c.z.h.p.HikariPool [HikariPool.java:787] HikariPool-1 - Thread starvation or clock leap detected (housekeeper delta=9m46s970ms).
2021-03-06 05:51:44,004 WARN [HikariPool-1 housekeeper] c.z.h.p.HikariPool [HikariPool.java:787] HikariPool-1 - Thread starvation or clock leap detected (housekeeper delta=9m47s379ms).
2021-03-06 06:02:01,574 WARN [HikariPool-1 housekeeper] c.z.h.p.HikariPool [HikariPool.java:787] HikariPool-1 - Thread starvation or clock leap detected (housekeeper delta=9m47s182ms).
2021-03-06 06:12:18,448 WARN [HikariPool-1 housekeeper] c.z.h.p.HikariPool [HikariPool.java:787] HikariPool-1 - Thread starvation or clock leap detected (housekeeper delta=9m46s884ms).
2021-03-06 06:22:35,481 WARN [HikariPool-1 housekeeper] c.z.h.p.HikariPool [HikariPool.java:787] HikariPool-1 - Thread starvation or clock leap detected (housekeeper delta=9m47s24ms).
2021-03-06 06:32:20,477 WARN [HikariPool-1 housekeeper] c.z.h.p.HikariPool [HikariPool.java:787] HikariPool-1 - Thread starvation or clock leap detected (housekeeper delta=9m44s996ms).
2021-03-06 06:42:39,335 WARN [HikariPool-1 housekeeper] c.z.h.p.HikariPool [HikariPool.java:787] HikariPool-1 - Thread starvation or clock leap detected (housekeeper delta=9m48s856ms).
2021-03-06 06:52:56,210 WARN [HikariPool-1 housekeeper] c.z.h.p.HikariPool [HikariPool.java:787] HikariPool-1 - Thread starvation or clock leap detected (housekeeper delta=9m46s850ms).
2021-03-06 07:02:43,043 WARN [HikariPool-1 housekeeper] c.z.h.p.HikariPool [HikariPool.java:787] HikariPool-1 - Thread starvation or clock leap detected (housekeeper delta=9m46s833ms).
2021-03-06 07:12:59,888 WARN [HikariPool-1 housekeeper] c.z.h.p.HikariPool [HikariPool.java:787] HikariPool-1 - Thread starvation or clock leap detected (housekeeper delta=9m46s837ms).
2021-03-06 07:23:16,954 WARN [HikariPool-1 housekeeper] c.z.h.p.HikariPool [HikariPool.java:787] HikariPool-1 - Thread starvation or clock leap detected (housekeeper delta=9m47s55ms).
2021-03-06 07:33:03,673 WARN [HikariPool-1 housekeeper] c.z.h.p.HikariPool [HikariPool.java:787] HikariPool-1 - Thread starvation or clock leap detected (housekeeper delta=9m46s719ms).
2021-03-06 07:43:20,722 WARN [HikariPool-1 housekeeper] c.z.h.p.HikariPool [HikariPool.java:787] HikariPool-1 - Thread starvation or clock leap detected (housekeeper delta=9m46s888ms).
2021-03-06 07:53:35,881 WARN [HikariPool-1 housekeeper] c.z.h.p.HikariPool [HikariPool.java:787] HikariPool-1 - Thread starvation or clock leap detected (housekeeper delta=9m45s152ms).
2021-03-06 08:03:22,038 WARN [HikariPool-1 housekeeper] c.z.h.p.HikariPool [HikariPool.java:787] HikariPool-1 - Thread starvation or clock leap detected (housekeeper delta=9m46s157ms).
2021-03-06 08:13:39,773 WARN [HikariPool-1 housekeeper] c.z.h.p.HikariPool [HikariPool.java:787] HikariPool-1 - Thread starvation or clock leap detected (housekeeper delta=9m45s1ms).
2021-03-06 08:23:58,833 WARN [HikariPool-1 housekeeper] c.z.h.p.HikariPool [HikariPool.java:787] HikariPool-1 - Thread starvation or clock leap detected (housekeeper delta=9m49s54ms).
2021-03-06 08:33:46,004 WARN [HikariPool-1 housekeeper] c.z.h.p.HikariPool [HikariPool.java:787] HikariPool-1 - Thread starvation or clock leap detected (housekeeper delta=9m47s171ms).
2021-03-06 08:44:03,263 WARN [HikariPool-1 housekeeper] c.z.h.p.HikariPool [HikariPool.java:787] HikariPool-1 - Thread starvation or clock leap detected (housekeeper delta=9m46s760ms).
2021-03-06 08:54:18,185 WARN [HikariPool-1 housekeeper] c.z.h.p.HikariPool [HikariPool.java:787] HikariPool-1 - Thread starvation or clock leap detected (housekeeper delta=9m44s895ms).
2021-03-06 09:04:37,093 WARN [HikariPool-1 housekeeper] c.z.h.p.HikariPool [HikariPool.java:787] HikariPool-1 - Thread starvation or clock leap detected (housekeeper delta=9m48s897ms).
2021-03-06 09:14:24,017 WARN [HikariPool-1 housekeeper] c.z.h.p.HikariPool [HikariPool.java:787] HikariPool-1 - Thread starvation or clock leap detected (housekeeper delta=9m46s924ms).
2021-03-06 09:24:40,981 WARN [HikariPool-1 housekeeper] c.z.h.p.HikariPool [HikariPool.java:787] HikariPool-1 - Thread starvation or clock leap detected (housekeeper delta=9m46s962ms).
2021-03-06 09:34:57,624 WARN [HikariPool-1 housekeeper] c.z.h.p.HikariPool [HikariPool.java:787] HikariPool-1 - Thread starvation or clock leap detected (housekeeper delta=9m46s631ms).
2021-03-06 09:44:43,700 WARN [HikariPool-1 housekeeper] c.z.h.p.HikariPool [HikariPool.java:787] HikariPool-1 - Thread starvation or clock leap detected (housekeeper delta=9m46s76ms).
2021-03-06 09:55:01,786 WARN [HikariPool-1 housekeeper] c.z.h.p.HikariPool [HikariPool.java:787] HikariPool-1 - Thread starvation or clock leap detected (housekeeper delta=9m46s988ms).
2021-03-06 10:05:14,737 WARN [HikariPool-1 housekeeper] c.z.h.p.HikariPool [HikariPool.java:787] HikariPool-1 - Thread starvation or clock leap detected (housekeeper delta=9m42s947ms).
2021-03-06 10:15:00,596 WARN [HikariPool-1 housekeeper] c.z.h.p.HikariPool [HikariPool.java:787] HikariPool-1 - Thread starvation or clock leap detected (housekeeper delta=9m45s859ms).
2021-03-06 10:25:22,526 WARN [HikariPool-1 housekeeper] c.z.h.p.HikariPool [HikariPool.java:787] HikariPool-1 - Thread starvation or clock leap detected (housekeeper delta=9m46s963ms).
2021-03-06 10:35:39,423 WARN [HikariPool-1 housekeeper] c.z.h.p.HikariPool [HikariPool.java:787] HikariPool-1 - Thread starvation or clock leap detected (housekeeper delta=9m46s888ms).
2021-03-06 10:45:54,508 WARN [HikariPool-1 housekeeper] c.z.h.p.HikariPool [HikariPool.java:787] HikariPool-1 - Thread starvation or clock leap detected (housekeeper delta=9m45s82ms).
2021-03-06 10:55:43,298 WARN [HikariPool-1 housekeeper] c.z.h.p.HikariPool [HikariPool.java:787] HikariPool-1 - Thread starvation or clock leap detected (housekeeper delta=9m48s789ms).
2021-03-06 10:59:11,526 WARN [HikariPool-1 housekeeper] c.z.h.p.HikariPool [HikariPool.java:787] HikariPool-1 - Thread starvation or clock leap detected (housekeeper delta=2m58s164ms).
2021-03-06 11:00:11,347 WARN [HikariPool-1 housekeeper] c.z.h.p.HikariPool [HikariPool.java:779] HikariPool-1 - Retrograde clock change detected (housekeeper delta=29s819ms), soft-evicting connections from pool.
2021-03-06 11:01:03,259 WARN [HikariPool-1 housekeeper] c.z.h.p.HikariPool [HikariPool.java:787] HikariPool-1 - Thread starvation or clock leap detected (housekeeper delta=51s912ms).
2021-03-06 11:03:33,107 WARN [HikariPool-1 housekeeper] c.z.h.p.HikariPool [HikariPool.java:787] HikariPool-1 - Thread starvation or clock leap detected (housekeeper delta=1m59s837ms).
2021-03-06 11:05:55,181 WARN [HikariPool-1 housekeeper] c.z.h.p.HikariPool [HikariPool.java:787] HikariPool-1 - Thread starvation or clock leap detected (housekeeper delta=51s775ms).
2021-03-06 11:10:01,360 WARN [HikariPool-1 housekeeper] c.z.h.p.HikariPool [HikariPool.java:779] HikariPool-1 - Retrograde clock change detected (housekeeper delta=29s835ms), soft-evicting connections from pool.
2021-03-06 11:13:42,708 WARN [HikariPool-1 housekeeper] c.z.h.p.HikariPool [HikariPool.java:787] HikariPool-1 - Thread starvation or clock leap detected (housekeeper delta=3m11s342ms).
2021-03-06 11:16:04,776 WARN [HikariPool-1 housekeeper] c.z.h.p.HikariPool [HikariPool.java:787] HikariPool-1 - Thread starvation or clock leap detected (housekeeper delta=50s406ms).
2021-03-06 11:19:41,819 WARN [HikariPool-1 housekeeper] c.z.h.p.HikariPool [HikariPool.java:787] HikariPool-1 - Thread starvation or clock leap detected (housekeeper delta=3m7s31ms).
2021-03-06 11:21:33,907 WARN [HikariPool-1 housekeeper] c.z.h.p.HikariPool [HikariPool.java:787] HikariPool-1 - Thread starvation or clock leap detected (housekeeper delta=51s958ms).
2021-03-06 11:31:47,976 WARN [HikariPool-1 housekeeper] c.z.h.p.HikariPool [HikariPool.java:787] HikariPool-1 - Thread starvation or clock leap detected (housekeeper delta=9m44s93ms).
2021-03-06 11:42:00,091 WARN [HikariPool-1 housekeeper] c.z.h.p.HikariPool [HikariPool.java:787] HikariPool-1 - Thread starvation or clock leap detected (housekeeper delta=9m42s123ms).
2021-03-06 11:46:04,160 WARN [HikariPool-1 housekeeper] c.z.h.p.HikariPool [HikariPool.java:787] HikariPool-1 - Thread starvation or clock leap detected (housekeeper delta=3m34s58ms).
2021-03-06 13:38:59,516 WARN [http-nio-8080-exec-9] o.s.w.s.m.m.a.ExceptionHandlerExceptionResolver [AbstractHandlerExceptionResolver.java:199] Resolved [org.springframework.web.method.annotation.MethodArgumentTypeMismatchException: Failed to convert value of type 'java.lang.String' to required type 'int'; nested exception is java.lang.NumberFormatException: For input string: "followee.html"]
2021-03-06 13:39:09,052 WARN [http-nio-8080-exec-8] o.s.w.s.m.m.a.ExceptionHandlerExceptionResolver [AbstractHandlerExceptionResolver.java:199] Resolved [org.springframework.web.method.annotation.MethodArgumentTypeMismatchException: Failed to convert value of type 'java.lang.String' to required type 'int'; nested exception is java.lang.NumberFormatException: For input string: "followee.html"]
2021-03-06 13:40:23,890 WARN [http-nio-8080-exec-2] o.s.w.s.m.m.a.ExceptionHandlerExceptionResolver [AbstractHandlerExceptionResolver.java:199] Resolved [org.springframework.web.method.annotation.MethodArgumentTypeMismatchException: Failed to convert value of type 'java.lang.String' to required type 'int'; nested exception is java.lang.NumberFormatException: For input string: "my-post.html"]
2021-03-06 13:40:32,327 WARN [http-nio-8080-exec-3] o.s.w.s.m.m.a.ExceptionHandlerExceptionResolver [AbstractHandlerExceptionResolver.java:199] Resolved [org.springframework.web.method.annotation.MethodArgumentTypeMismatchException: Failed to convert value of type 'java.lang.String' to required type 'int'; nested exception is java.lang.NumberFormatException: For input string: "followee.html"]
