2021-03-14 00:08:40,035 WARN [HikariPool-1 housekeeper] c.z.h.p.HikariPool [HikariPool.java:787] HikariPool-1 - Thread starvation or clock leap detected (housekeeper delta=9m45s514ms).
2021-03-14 00:09:09,786 WARN [HikariPool-1 housekeeper] c.z.h.p.HikariPool [HikariPool.java:779] HikariPool-1 - Retrograde clock change detected (housekeeper delta=29s751ms), soft-evicting connections from pool.
2021-03-14 00:18:53,341 WARN [HikariPool-1 housekeeper] c.z.h.p.HikariPool [HikariPool.java:787] HikariPool-1 - Thread starvation or clock leap detected (housekeeper delta=9m43s555ms).
2021-03-14 00:29:07,703 WARN [HikariPool-1 housekeeper] c.z.h.p.HikariPool [HikariPool.java:787] HikariPool-1 - Thread starvation or clock leap detected (housekeeper delta=9m43s908ms).
2021-03-14 00:39:23,777 WARN [HikariPool-1 housekeeper] c.z.h.p.HikariPool [HikariPool.java:787] HikariPool-1 - Thread starvation or clock leap detected (housekeeper delta=9m46s58ms).
2021-03-14 00:49:37,813 WARN [HikariPool-1 housekeeper] c.z.h.p.HikariPool [HikariPool.java:787] HikariPool-1 - Thread starvation or clock leap detected (housekeeper delta=9m44s32ms).
2021-03-14 00:59:52,056 WARN [HikariPool-1 housekeeper] c.z.h.p.HikariPool [HikariPool.java:787] HikariPool-1 - Thread starvation or clock leap detected (housekeeper delta=9m44s231ms).
2021-03-14 01:07:10,008 WARN [HikariPool-1 housekeeper] c.z.h.p.HikariPool [HikariPool.java:787] HikariPool-1 - Thread starvation or clock leap detected (housekeeper delta=7m17s952ms).
2021-03-14 01:07:39,782 WARN [HikariPool-1 housekeeper] c.z.h.p.HikariPool [HikariPool.java:779] HikariPool-1 - Retrograde clock change detected (housekeeper delta=29s774ms), soft-evicting connections from pool.
2021-03-14 01:22:14,551 WARN [HikariPool-1 housekeeper] c.z.h.p.HikariPool [HikariPool.java:787] HikariPool-1 - Thread starvation or clock leap detected (housekeeper delta=14m34s769ms).
2021-03-14 01:32:31,642 WARN [HikariPool-1 housekeeper] c.z.h.p.HikariPool [HikariPool.java:787] HikariPool-1 - Thread starvation or clock leap detected (housekeeper delta=9m47s93ms).
2021-03-14 01:42:48,782 WARN [HikariPool-1 housekeeper] c.z.h.p.HikariPool [HikariPool.java:787] HikariPool-1 - Thread starvation or clock leap detected (housekeeper delta=9m47s129ms).
2021-03-14 01:52:35,645 WARN [HikariPool-1 housekeeper] c.z.h.p.HikariPool [HikariPool.java:787] HikariPool-1 - Thread starvation or clock leap detected (housekeeper delta=9m46s863ms).
2021-03-14 02:02:52,795 WARN [HikariPool-1 housekeeper] c.z.h.p.HikariPool [HikariPool.java:787] HikariPool-1 - Thread starvation or clock leap detected (housekeeper delta=9m47s142ms).
2021-03-14 02:13:09,877 WARN [HikariPool-1 housekeeper] c.z.h.p.HikariPool [HikariPool.java:787] HikariPool-1 - Thread starvation or clock leap detected (housekeeper delta=9m47s82ms).
2021-03-14 02:23:26,606 WARN [HikariPool-1 housekeeper] c.z.h.p.HikariPool [HikariPool.java:787] HikariPool-1 - Thread starvation or clock leap detected (housekeeper delta=9m46s714ms).
2021-03-14 02:33:13,684 WARN [HikariPool-1 housekeeper] c.z.h.p.HikariPool [HikariPool.java:787] HikariPool-1 - Thread starvation or clock leap detected (housekeeper delta=9m47s78ms).
2021-03-14 02:43:30,521 WARN [HikariPool-1 housekeeper] c.z.h.p.HikariPool [HikariPool.java:787] HikariPool-1 - Thread starvation or clock leap detected (housekeeper delta=9m46s840ms).
2021-03-14 02:53:47,641 WARN [HikariPool-1 housekeeper] c.z.h.p.HikariPool [HikariPool.java:787] HikariPool-1 - Thread starvation or clock leap detected (housekeeper delta=9m47s112ms).
2021-03-14 03:03:34,548 WARN [HikariPool-1 housekeeper] c.z.h.p.HikariPool [HikariPool.java:787] HikariPool-1 - Thread starvation or clock leap detected (housekeeper delta=9m46s907ms).
2021-03-14 03:13:51,611 WARN [HikariPool-1 housekeeper] c.z.h.p.HikariPool [HikariPool.java:787] HikariPool-1 - Thread starvation or clock leap detected (housekeeper delta=9m47s49ms).
2021-03-14 03:24:08,463 WARN [HikariPool-1 housekeeper] c.z.h.p.HikariPool [HikariPool.java:787] HikariPool-1 - Thread starvation or clock leap detected (housekeeper delta=9m46s843ms).
2021-03-14 03:30:02,319 WARN [HikariPool-1 housekeeper] c.z.h.p.HikariPool [HikariPool.java:787] HikariPool-1 - Thread starvation or clock leap detected (housekeeper delta=5m23s850ms).
2021-03-14 03:39:49,440 WARN [HikariPool-1 housekeeper] c.z.h.p.HikariPool [HikariPool.java:787] HikariPool-1 - Thread starvation or clock leap detected (housekeeper delta=9m47s121ms).
2021-03-14 03:40:19,153 WARN [HikariPool-1 housekeeper] c.z.h.p.HikariPool [HikariPool.java:779] HikariPool-1 - Retrograde clock change detected (housekeeper delta=29s713ms), soft-evicting connections from pool.
2021-03-14 03:50:08,041 WARN [HikariPool-1 housekeeper] c.z.h.p.HikariPool [HikariPool.java:787] HikariPool-1 - Thread starvation or clock leap detected (housekeeper delta=9m48s888ms).
2021-03-14 04:00:24,833 WARN [HikariPool-1 housekeeper] c.z.h.p.HikariPool [HikariPool.java:787] HikariPool-1 - Thread starvation or clock leap detected (housekeeper delta=9m46s781ms).
2021-03-14 04:10:11,005 WARN [HikariPool-1 housekeeper] c.z.h.p.HikariPool [HikariPool.java:787] HikariPool-1 - Thread starvation or clock leap detected (housekeeper delta=9m46s172ms).
2021-03-14 04:20:29,347 WARN [HikariPool-1 housekeeper] c.z.h.p.HikariPool [HikariPool.java:787] HikariPool-1 - Thread starvation or clock leap detected (housekeeper delta=9m46s744ms).
2021-03-14 04:30:46,286 WARN [HikariPool-1 housekeeper] c.z.h.p.HikariPool [HikariPool.java:787] HikariPool-1 - Thread starvation or clock leap detected (housekeeper delta=9m46s935ms).
2021-03-14 04:41:03,135 WARN [HikariPool-1 housekeeper] c.z.h.p.HikariPool [HikariPool.java:787] HikariPool-1 - Thread starvation or clock leap detected (housekeeper delta=9m46s844ms).
2021-03-14 04:50:49,657 WARN [HikariPool-1 housekeeper] c.z.h.p.HikariPool [HikariPool.java:787] HikariPool-1 - Thread starvation or clock leap detected (housekeeper delta=9m46s522ms).
2021-03-14 05:01:07,136 WARN [HikariPool-1 housekeeper] c.z.h.p.HikariPool [HikariPool.java:787] HikariPool-1 - Thread starvation or clock leap detected (housekeeper delta=9m46s957ms).
2021-03-14 05:11:24,026 WARN [HikariPool-1 housekeeper] c.z.h.p.HikariPool [HikariPool.java:787] HikariPool-1 - Thread starvation or clock leap detected (housekeeper delta=9m46s878ms).
2021-03-14 05:21:41,120 WARN [HikariPool-1 housekeeper] c.z.h.p.HikariPool [HikariPool.java:787] HikariPool-1 - Thread starvation or clock leap detected (housekeeper delta=9m47s80ms).
2021-03-14 05:31:27,557 WARN [HikariPool-1 housekeeper] c.z.h.p.HikariPool [HikariPool.java:787] HikariPool-1 - Thread starvation or clock leap detected (housekeeper delta=9m46s437ms).
2021-03-14 05:41:44,793 WARN [HikariPool-1 housekeeper] c.z.h.p.HikariPool [HikariPool.java:787] HikariPool-1 - Thread starvation or clock leap detected (housekeeper delta=9m46s762ms).
2021-03-14 05:51:59,851 WARN [HikariPool-1 housekeeper] c.z.h.p.HikariPool [HikariPool.java:787] HikariPool-1 - Thread starvation or clock leap detected (housekeeper delta=9m45s47ms).
2021-03-14 06:02:18,652 WARN [HikariPool-1 housekeeper] c.z.h.p.HikariPool [HikariPool.java:787] HikariPool-1 - Thread starvation or clock leap detected (housekeeper delta=9m48s789ms).
2021-03-14 06:12:05,947 WARN [HikariPool-1 housekeeper] c.z.h.p.HikariPool [HikariPool.java:787] HikariPool-1 - Thread starvation or clock leap detected (housekeeper delta=9m47s295ms).
2021-03-14 06:22:22,838 WARN [HikariPool-1 housekeeper] c.z.h.p.HikariPool [HikariPool.java:787] HikariPool-1 - Thread starvation or clock leap detected (housekeeper delta=9m46s913ms).
2021-03-14 06:32:39,545 WARN [HikariPool-1 housekeeper] c.z.h.p.HikariPool [HikariPool.java:787] HikariPool-1 - Thread starvation or clock leap detected (housekeeper delta=9m46s697ms).
2021-03-14 06:42:56,422 WARN [HikariPool-1 housekeeper] c.z.h.p.HikariPool [HikariPool.java:787] HikariPool-1 - Thread starvation or clock leap detected (housekeeper delta=9m46s869ms).
2021-03-14 06:52:43,427 WARN [HikariPool-1 housekeeper] c.z.h.p.HikariPool [HikariPool.java:787] HikariPool-1 - Thread starvation or clock leap detected (housekeeper delta=9m47s5ms).
2021-03-14 07:03:00,277 WARN [HikariPool-1 housekeeper] c.z.h.p.HikariPool [HikariPool.java:787] HikariPool-1 - Thread starvation or clock leap detected (housekeeper delta=9m46s843ms).
2021-03-14 07:13:15,355 WARN [HikariPool-1 housekeeper] c.z.h.p.HikariPool [HikariPool.java:787] HikariPool-1 - Thread starvation or clock leap detected (housekeeper delta=9m45s65ms).
2021-03-14 07:23:01,384 WARN [HikariPool-1 housekeeper] c.z.h.p.HikariPool [HikariPool.java:787] HikariPool-1 - Thread starvation or clock leap detected (housekeeper delta=9m46s29ms).
2021-03-14 07:33:20,895 WARN [HikariPool-1 housekeeper] c.z.h.p.HikariPool [HikariPool.java:787] HikariPool-1 - Thread starvation or clock leap detected (housekeeper delta=9m46s753ms).
2021-03-14 07:43:37,911 WARN [HikariPool-1 housekeeper] c.z.h.p.HikariPool [HikariPool.java:787] HikariPool-1 - Thread starvation or clock leap detected (housekeeper delta=9m47s25ms).
2021-03-14 07:53:54,854 WARN [HikariPool-1 housekeeper] c.z.h.p.HikariPool [HikariPool.java:787] HikariPool-1 - Thread starvation or clock leap detected (housekeeper delta=9m46s938ms).
2021-03-14 08:03:40,942 WARN [HikariPool-1 housekeeper] c.z.h.p.HikariPool [HikariPool.java:787] HikariPool-1 - Thread starvation or clock leap detected (housekeeper delta=9m46s88ms).
2021-03-14 08:04:09,721 WARN [HikariPool-1 housekeeper] c.z.h.p.HikariPool [HikariPool.java:779] HikariPool-1 - Retrograde clock change detected (housekeeper delta=28s779ms), soft-evicting connections from pool.
2021-03-14 08:13:56,628 WARN [HikariPool-1 housekeeper] c.z.h.p.HikariPool [HikariPool.java:787] HikariPool-1 - Thread starvation or clock leap detected (housekeeper delta=9m46s907ms).
2021-03-14 08:24:15,394 WARN [HikariPool-1 housekeeper] c.z.h.p.HikariPool [HikariPool.java:787] HikariPool-1 - Thread starvation or clock leap detected (housekeeper delta=9m48s757ms).
2021-03-14 08:34:32,284 WARN [HikariPool-1 housekeeper] c.z.h.p.HikariPool [HikariPool.java:787] HikariPool-1 - Thread starvation or clock leap detected (housekeeper delta=9m46s872ms).
2021-03-14 08:44:19,163 WARN [HikariPool-1 housekeeper] c.z.h.p.HikariPool [HikariPool.java:787] HikariPool-1 - Thread starvation or clock leap detected (housekeeper delta=9m46s879ms).
2021-03-14 08:54:36,028 WARN [HikariPool-1 housekeeper] c.z.h.p.HikariPool [HikariPool.java:787] HikariPool-1 - Thread starvation or clock leap detected (housekeeper delta=9m46s843ms).
2021-03-14 09:04:52,974 WARN [HikariPool-1 housekeeper] c.z.h.p.HikariPool [HikariPool.java:787] HikariPool-1 - Thread starvation or clock leap detected (housekeeper delta=9m46s952ms).
2021-03-14 09:14:39,622 WARN [HikariPool-1 housekeeper] c.z.h.p.HikariPool [HikariPool.java:787] HikariPool-1 - Thread starvation or clock leap detected (housekeeper delta=9m46s648ms).
2021-03-14 09:24:57,006 WARN [HikariPool-1 housekeeper] c.z.h.p.HikariPool [HikariPool.java:787] HikariPool-1 - Thread starvation or clock leap detected (housekeeper delta=9m46s970ms).
2021-03-14 09:35:14,079 WARN [HikariPool-1 housekeeper] c.z.h.p.HikariPool [HikariPool.java:787] HikariPool-1 - Thread starvation or clock leap detected (housekeeper delta=9m47s68ms).
2021-03-14 09:45:30,793 WARN [HikariPool-1 housekeeper] c.z.h.p.HikariPool [HikariPool.java:787] HikariPool-1 - Thread starvation or clock leap detected (housekeeper delta=9m46s708ms).
2021-03-14 09:55:17,011 WARN [HikariPool-1 housekeeper] c.z.h.p.HikariPool [HikariPool.java:787] HikariPool-1 - Thread starvation or clock leap detected (housekeeper delta=9m46s219ms).
2021-03-14 10:05:34,480 WARN [HikariPool-1 housekeeper] c.z.h.p.HikariPool [HikariPool.java:787] HikariPool-1 - Thread starvation or clock leap detected (housekeeper delta=9m46s522ms).
2021-03-14 10:15:51,293 WARN [HikariPool-1 housekeeper] c.z.h.p.HikariPool [HikariPool.java:787] HikariPool-1 - Thread starvation or clock leap detected (housekeeper delta=9m46s808ms).
2021-03-14 10:26:08,444 WARN [HikariPool-1 housekeeper] c.z.h.p.HikariPool [HikariPool.java:787] HikariPool-1 - Thread starvation or clock leap detected (housekeeper delta=9m47s143ms).
2021-03-14 10:35:53,104 WARN [HikariPool-1 housekeeper] c.z.h.p.HikariPool [HikariPool.java:787] HikariPool-1 - Thread starvation or clock leap detected (housekeeper delta=9m44s660ms).
2021-03-14 10:46:09,634 WARN [HikariPool-1 housekeeper] c.z.h.p.HikariPool [HikariPool.java:787] HikariPool-1 - Thread starvation or clock leap detected (housekeeper delta=9m46s518ms).
2021-03-14 10:56:25,552 WARN [HikariPool-1 housekeeper] c.z.h.p.HikariPool [HikariPool.java:787] HikariPool-1 - Thread starvation or clock leap detected (housekeeper delta=9m43s150ms).
2021-03-14 11:06:46,451 WARN [HikariPool-1 housekeeper] c.z.h.p.HikariPool [HikariPool.java:787] HikariPool-1 - Thread starvation or clock leap detected (housekeeper delta=9m50s892ms).
2021-03-14 11:07:33,354 WARN [HikariPool-1 housekeeper] c.z.h.p.HikariPool [HikariPool.java:787] HikariPool-1 - Thread starvation or clock leap detected (housekeeper delta=46s903ms).
2021-03-14 11:09:53,390 WARN [HikariPool-1 housekeeper] c.z.h.p.HikariPool [HikariPool.java:787] HikariPool-1 - Thread starvation or clock leap detected (housekeeper delta=49s718ms).
2021-03-14 11:12:34,582 WARN [HikariPool-1 housekeeper] c.z.h.p.HikariPool [HikariPool.java:787] HikariPool-1 - Thread starvation or clock leap detected (housekeeper delta=2m11s174ms).
2021-03-14 11:46:45,848 WARN [main] o.s.d.c.CustomConversions [CustomConversions.java:273] Registering converter from class org.springframework.data.geo.Point to interface java.util.Map as writing converter although it doesn't convert to a store-supported type! You might want to check your annotation setup at the converter implementation.
2021-03-14 11:46:45,850 WARN [main] o.s.d.c.CustomConversions [CustomConversions.java:263] Registering converter from interface java.util.Map to class org.springframework.data.geo.Point as reading converter although it doesn't convert from a store-supported type! You might want to check your annotation setup at the converter implementation.
2021-03-14 11:46:45,851 WARN [main] o.s.d.c.CustomConversions [CustomConversions.java:273] Registering converter from class org.springframework.data.elasticsearch.core.geo.GeoPoint to interface java.util.Map as writing converter although it doesn't convert to a store-supported type! You might want to check your annotation setup at the converter implementation.
2021-03-14 11:46:45,852 WARN [main] o.s.d.c.CustomConversions [CustomConversions.java:263] Registering converter from interface java.util.Map to class org.springframework.data.elasticsearch.core.geo.GeoPoint as reading converter although it doesn't convert from a store-supported type! You might want to check your annotation setup at the converter implementation.
2021-03-14 11:53:33,260 WARN [main] o.s.d.c.CustomConversions [CustomConversions.java:273] Registering converter from class org.springframework.data.geo.Point to interface java.util.Map as writing converter although it doesn't convert to a store-supported type! You might want to check your annotation setup at the converter implementation.
2021-03-14 11:53:33,262 WARN [main] o.s.d.c.CustomConversions [CustomConversions.java:263] Registering converter from interface java.util.Map to class org.springframework.data.geo.Point as reading converter although it doesn't convert from a store-supported type! You might want to check your annotation setup at the converter implementation.
2021-03-14 11:53:33,262 WARN [main] o.s.d.c.CustomConversions [CustomConversions.java:273] Registering converter from class org.springframework.data.elasticsearch.core.geo.GeoPoint to interface java.util.Map as writing converter although it doesn't convert to a store-supported type! You might want to check your annotation setup at the converter implementation.
2021-03-14 11:53:33,263 WARN [main] o.s.d.c.CustomConversions [CustomConversions.java:263] Registering converter from interface java.util.Map to class org.springframework.data.elasticsearch.core.geo.GeoPoint as reading converter although it doesn't convert from a store-supported type! You might want to check your annotation setup at the converter implementation.
2021-03-14 12:09:46,959 WARN [main] o.s.d.c.CustomConversions [CustomConversions.java:273] Registering converter from class org.springframework.data.geo.Point to interface java.util.Map as writing converter although it doesn't convert to a store-supported type! You might want to check your annotation setup at the converter implementation.
2021-03-14 12:09:46,960 WARN [main] o.s.d.c.CustomConversions [CustomConversions.java:263] Registering converter from interface java.util.Map to class org.springframework.data.geo.Point as reading converter although it doesn't convert from a store-supported type! You might want to check your annotation setup at the converter implementation.
2021-03-14 12:09:46,960 WARN [main] o.s.d.c.CustomConversions [CustomConversions.java:273] Registering converter from class org.springframework.data.elasticsearch.core.geo.GeoPoint to interface java.util.Map as writing converter although it doesn't convert to a store-supported type! You might want to check your annotation setup at the converter implementation.
2021-03-14 12:09:46,961 WARN [main] o.s.d.c.CustomConversions [CustomConversions.java:263] Registering converter from interface java.util.Map to class org.springframework.data.elasticsearch.core.geo.GeoPoint as reading converter although it doesn't convert from a store-supported type! You might want to check your annotation setup at the converter implementation.
2021-03-14 12:19:57,516 WARN [main] o.s.d.c.CustomConversions [CustomConversions.java:273] Registering converter from class org.springframework.data.geo.Point to interface java.util.Map as writing converter although it doesn't convert to a store-supported type! You might want to check your annotation setup at the converter implementation.
2021-03-14 12:19:57,517 WARN [main] o.s.d.c.CustomConversions [CustomConversions.java:263] Registering converter from interface java.util.Map to class org.springframework.data.geo.Point as reading converter although it doesn't convert from a store-supported type! You might want to check your annotation setup at the converter implementation.
2021-03-14 12:19:57,518 WARN [main] o.s.d.c.CustomConversions [CustomConversions.java:273] Registering converter from class org.springframework.data.elasticsearch.core.geo.GeoPoint to interface java.util.Map as writing converter although it doesn't convert to a store-supported type! You might want to check your annotation setup at the converter implementation.
2021-03-14 12:19:57,518 WARN [main] o.s.d.c.CustomConversions [CustomConversions.java:263] Registering converter from interface java.util.Map to class org.springframework.data.elasticsearch.core.geo.GeoPoint as reading converter although it doesn't convert from a store-supported type! You might want to check your annotation setup at the converter implementation.
2021-03-14 12:30:31,182 WARN [HikariPool-1 housekeeper] c.z.h.p.HikariPool [HikariPool.java:779] HikariPool-1 - Retrograde clock change detected (housekeeper delta=26s108ms), soft-evicting connections from pool.
2021-03-14 12:38:34,247 WARN [HikariPool-1 housekeeper] c.z.h.p.HikariPool [HikariPool.java:787] HikariPool-1 - Thread starvation or clock leap detected (housekeeper delta=6m57s879ms).
2021-03-14 12:42:03,259 WARN [HikariPool-1 housekeeper] c.z.h.p.HikariPool [HikariPool.java:779] HikariPool-1 - Retrograde clock change detected (housekeeper delta=28s104ms), soft-evicting connections from pool.
2021-03-14 15:13:49,257 WARN [HikariPool-1 housekeeper] c.z.h.p.HikariPool [HikariPool.java:787] HikariPool-1 - Thread starvation or clock leap detected (housekeeper delta=9m43s116ms).
2021-03-14 15:16:51,639 WARN [HikariPool-1 housekeeper] c.z.h.p.HikariPool [HikariPool.java:787] HikariPool-1 - Thread starvation or clock leap detected (housekeeper delta=2m31s387ms).
2021-03-14 15:27:05,760 WARN [HikariPool-1 housekeeper] c.z.h.p.HikariPool [HikariPool.java:787] HikariPool-1 - Thread starvation or clock leap detected (housekeeper delta=9m44s112ms).
2021-03-14 15:36:51,005 WARN [HikariPool-1 housekeeper] c.z.h.p.HikariPool [HikariPool.java:787] HikariPool-1 - Thread starvation or clock leap detected (housekeeper delta=9m45s245ms).
2021-03-14 15:37:19,323 WARN [HikariPool-1 housekeeper] c.z.h.p.HikariPool [HikariPool.java:779] HikariPool-1 - Retrograde clock change detected (housekeeper delta=28s318ms), soft-evicting connections from pool.
2021-03-14 15:47:05,151 WARN [HikariPool-1 housekeeper] c.z.h.p.HikariPool [HikariPool.java:787] HikariPool-1 - Thread starvation or clock leap detected (housekeeper delta=9m45s828ms).
2021-03-14 15:57:19,212 WARN [HikariPool-1 housekeeper] c.z.h.p.HikariPool [HikariPool.java:787] HikariPool-1 - Thread starvation or clock leap detected (housekeeper delta=9m44s48ms).
2021-03-14 16:07:33,046 WARN [HikariPool-1 housekeeper] c.z.h.p.HikariPool [HikariPool.java:787] HikariPool-1 - Thread starvation or clock leap detected (housekeeper delta=9m43s822ms).
2021-03-14 16:17:20,005 WARN [HikariPool-1 housekeeper] c.z.h.p.HikariPool [HikariPool.java:787] HikariPool-1 - Thread starvation or clock leap detected (housekeeper delta=9m46s959ms).
2021-03-14 16:27:35,028 WARN [HikariPool-1 housekeeper] c.z.h.p.HikariPool [HikariPool.java:787] HikariPool-1 - Thread starvation or clock leap detected (housekeeper delta=9m44s13ms).
2021-03-14 16:37:48,962 WARN [HikariPool-1 housekeeper] c.z.h.p.HikariPool [HikariPool.java:787] HikariPool-1 - Thread starvation or clock leap detected (housekeeper delta=9m43s925ms).
2021-03-14 16:43:47,962 WARN [HikariPool-1 housekeeper] c.z.h.p.HikariPool [HikariPool.java:787] HikariPool-1 - Thread starvation or clock leap detected (housekeeper delta=5m28s983ms).
2021-03-14 16:54:03,827 WARN [HikariPool-1 housekeeper] c.z.h.p.HikariPool [HikariPool.java:787] HikariPool-1 - Thread starvation or clock leap detected (housekeeper delta=9m45s852ms).
2021-03-14 16:56:05,784 WARN [HikariPool-1 housekeeper] c.z.h.p.HikariPool [HikariPool.java:779] HikariPool-1 - Retrograde clock change detected (housekeeper delta=28s167ms), soft-evicting connections from pool.
2021-03-14 16:57:17,743 WARN [HikariPool-1 housekeeper] c.z.h.p.HikariPool [HikariPool.java:787] HikariPool-1 - Thread starvation or clock leap detected (housekeeper delta=1m11s958ms).
2021-03-14 17:04:29,607 WARN [HikariPool-1 housekeeper] c.z.h.p.HikariPool [HikariPool.java:787] HikariPool-1 - Thread starvation or clock leap detected (housekeeper delta=7m11s865ms).
2021-03-14 17:06:51,809 WARN [HikariPool-1 housekeeper] c.z.h.p.HikariPool [HikariPool.java:787] HikariPool-1 - Thread starvation or clock leap detected (housekeeper delta=51s912ms).
2021-03-14 17:17:05,507 WARN [HikariPool-1 housekeeper] c.z.h.p.HikariPool [HikariPool.java:787] HikariPool-1 - Thread starvation or clock leap detected (housekeeper delta=9m43s671ms).
2021-03-14 17:27:20,117 WARN [HikariPool-1 housekeeper] c.z.h.p.HikariPool [HikariPool.java:787] HikariPool-1 - Thread starvation or clock leap detected (housekeeper delta=9m44s599ms).
2021-03-14 17:37:33,932 WARN [HikariPool-1 housekeeper] c.z.h.p.HikariPool [HikariPool.java:787] HikariPool-1 - Thread starvation or clock leap detected (housekeeper delta=9m43s810ms).
2021-03-14 17:47:17,734 WARN [HikariPool-1 housekeeper] c.z.h.p.HikariPool [HikariPool.java:787] HikariPool-1 - Thread starvation or clock leap detected (housekeeper delta=9m43s801ms).
2021-03-14 17:57:32,057 WARN [HikariPool-1 housekeeper] c.z.h.p.HikariPool [HikariPool.java:787] HikariPool-1 - Thread starvation or clock leap detected (housekeeper delta=9m44s312ms).
2021-03-14 18:07:46,067 WARN [HikariPool-1 housekeeper] c.z.h.p.HikariPool [HikariPool.java:787] HikariPool-1 - Thread starvation or clock leap detected (housekeeper delta=9m44s8ms).
2021-03-14 18:17:56,330 WARN [HikariPool-1 housekeeper] c.z.h.p.HikariPool [HikariPool.java:787] HikariPool-1 - Thread starvation or clock leap detected (housekeeper delta=9m40s244ms).
2021-03-14 18:27:44,024 WARN [HikariPool-1 housekeeper] c.z.h.p.HikariPool [HikariPool.java:787] HikariPool-1 - Thread starvation or clock leap detected (housekeeper delta=9m47s694ms).
2021-03-14 18:37:58,335 WARN [HikariPool-1 housekeeper] c.z.h.p.HikariPool [HikariPool.java:787] HikariPool-1 - Thread starvation or clock leap detected (housekeeper delta=9m40s40ms).
2021-03-14 18:48:16,061 WARN [HikariPool-1 housekeeper] c.z.h.p.HikariPool [HikariPool.java:787] HikariPool-1 - Thread starvation or clock leap detected (housekeeper delta=9m47s725ms).
2021-03-14 18:55:57,096 WARN [HikariPool-1 housekeeper] c.z.h.p.HikariPool [HikariPool.java:787] HikariPool-1 - Thread starvation or clock leap detected (housekeeper delta=7m11s46ms).
2021-03-14 19:04:28,014 WARN [HikariPool-1 housekeeper] c.z.h.p.HikariPool [HikariPool.java:787] HikariPool-1 - Thread starvation or clock leap detected (housekeeper delta=8m30s918ms).
2021-03-14 19:04:56,567 WARN [HikariPool-1 housekeeper] c.z.h.p.HikariPool [HikariPool.java:779] HikariPool-1 - Retrograde clock change detected (housekeeper delta=28s553ms), soft-evicting connections from pool.
2021-03-14 19:14:41,560 WARN [HikariPool-1 housekeeper] c.z.h.p.HikariPool [HikariPool.java:787] HikariPool-1 - Thread starvation or clock leap detected (housekeeper delta=9m44s993ms).
2021-03-14 19:25:02,850 WARN [HikariPool-1 housekeeper] c.z.h.p.HikariPool [HikariPool.java:787] HikariPool-1 - Thread starvation or clock leap detected (housekeeper delta=9m51s289ms).
2021-03-14 19:35:17,505 WARN [HikariPool-1 housekeeper] c.z.h.p.HikariPool [HikariPool.java:787] HikariPool-1 - Thread starvation or clock leap detected (housekeeper delta=9m44s638ms).
2021-03-14 19:45:06,713 WARN [HikariPool-1 housekeeper] c.z.h.p.HikariPool [HikariPool.java:787] HikariPool-1 - Thread starvation or clock leap detected (housekeeper delta=9m49s208ms).
2021-03-14 19:55:23,546 WARN [HikariPool-1 housekeeper] c.z.h.p.HikariPool [HikariPool.java:787] HikariPool-1 - Thread starvation or clock leap detected (housekeeper delta=9m46s812ms).
2021-03-14 20:05:38,328 WARN [HikariPool-1 housekeeper] c.z.h.p.HikariPool [HikariPool.java:787] HikariPool-1 - Thread starvation or clock leap detected (housekeeper delta=9m44s751ms).
2021-03-14 20:15:27,199 WARN [HikariPool-1 housekeeper] c.z.h.p.HikariPool [HikariPool.java:787] HikariPool-1 - Thread starvation or clock leap detected (housekeeper delta=9m48s871ms).
2021-03-14 20:25:44,349 WARN [HikariPool-1 housekeeper] c.z.h.p.HikariPool [HikariPool.java:787] HikariPool-1 - Thread starvation or clock leap detected (housekeeper delta=9m47s144ms).
2021-03-14 20:35:59,252 WARN [HikariPool-1 housekeeper] c.z.h.p.HikariPool [HikariPool.java:787] HikariPool-1 - Thread starvation or clock leap detected (housekeeper delta=9m44s899ms).
2021-03-14 20:45:48,355 WARN [HikariPool-1 housekeeper] c.z.h.p.HikariPool [HikariPool.java:787] HikariPool-1 - Thread starvation or clock leap detected (housekeeper delta=9m49s103ms).
2021-03-14 20:50:18,138 WARN [HikariPool-1 housekeeper] c.z.h.p.HikariPool [HikariPool.java:787] HikariPool-1 - Thread starvation or clock leap detected (housekeeper delta=3m59s782ms).
2021-03-14 21:01:34,968 WARN [HikariPool-1 housekeeper] c.z.h.p.HikariPool [HikariPool.java:787] HikariPool-1 - Thread starvation or clock leap detected (housekeeper delta=9m46s811ms).
2021-03-14 21:11:53,893 WARN [HikariPool-1 housekeeper] c.z.h.p.HikariPool [HikariPool.java:787] HikariPool-1 - Thread starvation or clock leap detected (housekeeper delta=9m48s914ms).
2021-03-14 21:22:09,107 WARN [HikariPool-1 housekeeper] c.z.h.p.HikariPool [HikariPool.java:787] HikariPool-1 - Thread starvation or clock leap detected (housekeeper delta=9m45s209ms).
2021-03-14 21:31:57,828 WARN [HikariPool-1 housekeeper] c.z.h.p.HikariPool [HikariPool.java:787] HikariPool-1 - Thread starvation or clock leap detected (housekeeper delta=9m48s721ms).
2021-03-14 21:42:11,019 WARN [HikariPool-1 housekeeper] c.z.h.p.HikariPool [HikariPool.java:787] HikariPool-1 - Thread starvation or clock leap detected (housekeeper delta=9m43s183ms).
2021-03-14 21:52:31,517 WARN [HikariPool-1 housekeeper] c.z.h.p.HikariPool [HikariPool.java:787] HikariPool-1 - Thread starvation or clock leap detected (housekeeper delta=9m50s487ms).
2021-03-14 21:55:15,629 WARN [HikariPool-1 housekeeper] c.z.h.p.HikariPool [HikariPool.java:787] HikariPool-1 - Thread starvation or clock leap detected (housekeeper delta=2m44s112ms).
2021-03-14 23:39:16,073 WARN [HikariPool-1 housekeeper] c.z.h.p.HikariPool [HikariPool.java:779] HikariPool-1 - Retrograde clock change detected (housekeeper delta=29s546ms), soft-evicting connections from pool.
2021-03-14 23:56:39,910 WARN [HikariPool-1 housekeeper] c.z.h.p.HikariPool [HikariPool.java:787] HikariPool-1 - Thread starvation or clock leap detected (housekeeper delta=16m53s819ms).
