2021-03-11 00:07:56,360 WARN [HikariPool-1 housekeeper] c.z.h.p.HikariPool [HikariPool.java:787] HikariPool-1 - Thread starvation or clock leap detected (housekeeper delta=9m43s955ms).
2021-03-11 00:16:31,004 WARN [HikariPool-1 housekeeper] c.z.h.p.HikariPool [HikariPool.java:787] HikariPool-1 - Thread starvation or clock leap detected (housekeeper delta=8m34s644ms).
2021-03-11 00:56:29,725 WARN [HikariPool-1 housekeeper] c.z.h.p.HikariPool [HikariPool.java:787] HikariPool-1 - Thread starvation or clock leap detected (housekeeper delta=9m28s531ms).
2021-03-11 01:06:13,022 WARN [HikariPool-1 housekeeper] c.z.h.p.HikariPool [HikariPool.java:787] HikariPool-1 - Thread starvation or clock leap detected (housekeeper delta=9m43s297ms).
2021-03-11 01:16:27,815 WARN [HikariPool-1 housekeeper] c.z.h.p.HikariPool [HikariPool.java:787] HikariPool-1 - Thread starvation or clock leap detected (housekeeper delta=9m43s725ms).
2021-03-11 01:16:57,682 WARN [HikariPool-1 housekeeper] c.z.h.p.HikariPool [HikariPool.java:779] HikariPool-1 - Retrograde clock change detected (housekeeper delta=29s867ms), soft-evicting connections from pool.
2021-03-11 01:20:29,778 WARN [HikariPool-1 housekeeper] c.z.h.p.HikariPool [HikariPool.java:787] HikariPool-1 - Thread starvation or clock leap detected (housekeeper delta=3m32s96ms).
2021-03-11 01:30:46,576 WARN [HikariPool-1 housekeeper] c.z.h.p.HikariPool [HikariPool.java:787] HikariPool-1 - Thread starvation or clock leap detected (housekeeper delta=9m46s799ms).
2021-03-11 01:41:03,469 WARN [HikariPool-1 housekeeper] c.z.h.p.HikariPool [HikariPool.java:787] HikariPool-1 - Thread starvation or clock leap detected (housekeeper delta=9m46s891ms).
2021-03-11 01:50:50,332 WARN [HikariPool-1 housekeeper] c.z.h.p.HikariPool [HikariPool.java:787] HikariPool-1 - Thread starvation or clock leap detected (housekeeper delta=9m46s863ms).
2021-03-11 02:01:07,224 WARN [HikariPool-1 housekeeper] c.z.h.p.HikariPool [HikariPool.java:787] HikariPool-1 - Thread starvation or clock leap detected (housekeeper delta=9m47s17ms).
2021-03-11 02:11:24,087 WARN [HikariPool-1 housekeeper] c.z.h.p.HikariPool [HikariPool.java:787] HikariPool-1 - Thread starvation or clock leap detected (housekeeper delta=9m46s857ms).
2021-03-11 02:21:11,019 WARN [HikariPool-1 housekeeper] c.z.h.p.HikariPool [HikariPool.java:787] HikariPool-1 - Thread starvation or clock leap detected (housekeeper delta=9m46s932ms).
2021-03-11 02:31:28,541 WARN [HikariPool-1 housekeeper] c.z.h.p.HikariPool [HikariPool.java:787] HikariPool-1 - Thread starvation or clock leap detected (housekeeper delta=9m46s772ms).
2021-03-11 02:41:45,426 WARN [HikariPool-1 housekeeper] c.z.h.p.HikariPool [HikariPool.java:787] HikariPool-1 - Thread starvation or clock leap detected (housekeeper delta=9m46s881ms).
2021-03-11 02:51:58,359 WARN [HikariPool-1 housekeeper] c.z.h.p.HikariPool [HikariPool.java:787] HikariPool-1 - Thread starvation or clock leap detected (housekeeper delta=9m42s944ms).
2021-03-11 03:01:49,251 WARN [HikariPool-1 housekeeper] c.z.h.p.HikariPool [HikariPool.java:787] HikariPool-1 - Thread starvation or clock leap detected (housekeeper delta=9m50s892ms).
2021-03-11 03:12:06,168 WARN [HikariPool-1 housekeeper] c.z.h.p.HikariPool [HikariPool.java:787] HikariPool-1 - Thread starvation or clock leap detected (housekeeper delta=9m46s901ms).
2021-03-11 03:22:22,976 WARN [HikariPool-1 housekeeper] c.z.h.p.HikariPool [HikariPool.java:787] HikariPool-1 - Thread starvation or clock leap detected (housekeeper delta=9m46s808ms).
2021-03-11 03:27:50,016 WARN [HikariPool-1 housekeeper] c.z.h.p.HikariPool [HikariPool.java:787] HikariPool-1 - Thread starvation or clock leap detected (housekeeper delta=5m27s40ms).
2021-03-11 03:38:05,294 WARN [HikariPool-1 housekeeper] c.z.h.p.HikariPool [HikariPool.java:787] HikariPool-1 - Thread starvation or clock leap detected (housekeeper delta=9m45s181ms).
2021-03-11 03:48:24,425 WARN [HikariPool-1 housekeeper] c.z.h.p.HikariPool [HikariPool.java:787] HikariPool-1 - Thread starvation or clock leap detected (housekeeper delta=9m49s128ms).
2021-03-11 03:58:41,224 WARN [HikariPool-1 housekeeper] c.z.h.p.HikariPool [HikariPool.java:787] HikariPool-1 - Thread starvation or clock leap detected (housekeeper delta=9m46s791ms).
2021-03-11 04:08:28,163 WARN [HikariPool-1 housekeeper] c.z.h.p.HikariPool [HikariPool.java:787] HikariPool-1 - Thread starvation or clock leap detected (housekeeper delta=9m46s939ms).
2021-03-11 04:18:44,925 WARN [HikariPool-1 housekeeper] c.z.h.p.HikariPool [HikariPool.java:787] HikariPool-1 - Thread starvation or clock leap detected (housekeeper delta=9m46s733ms).
2021-03-11 04:29:01,788 WARN [HikariPool-1 housekeeper] c.z.h.p.HikariPool [HikariPool.java:787] HikariPool-1 - Thread starvation or clock leap detected (housekeeper delta=9m46s846ms).
2021-03-11 04:38:47,637 WARN [HikariPool-1 housekeeper] c.z.h.p.HikariPool [HikariPool.java:787] HikariPool-1 - Thread starvation or clock leap detected (housekeeper delta=9m45s849ms).
2021-03-11 04:49:05,813 WARN [HikariPool-1 housekeeper] c.z.h.p.HikariPool [HikariPool.java:787] HikariPool-1 - Thread starvation or clock leap detected (housekeeper delta=9m47s72ms).
2021-03-11 05:14:22,832 WARN [HikariPool-1 housekeeper] c.z.h.p.HikariPool [HikariPool.java:787] HikariPool-1 - Thread starvation or clock leap detected (housekeeper delta=9m46s855ms).
2021-03-11 05:24:09,725 WARN [HikariPool-1 housekeeper] c.z.h.p.HikariPool [HikariPool.java:787] HikariPool-1 - Thread starvation or clock leap detected (housekeeper delta=9m46s893ms).
2021-03-11 05:34:26,624 WARN [HikariPool-1 housekeeper] c.z.h.p.HikariPool [HikariPool.java:787] HikariPool-1 - Thread starvation or clock leap detected (housekeeper delta=9m46s877ms).
2021-03-11 05:44:43,469 WARN [HikariPool-1 housekeeper] c.z.h.p.HikariPool [HikariPool.java:787] HikariPool-1 - Thread starvation or clock leap detected (housekeeper delta=9m46s838ms).
2021-03-11 05:54:58,261 WARN [HikariPool-1 housekeeper] c.z.h.p.HikariPool [HikariPool.java:787] HikariPool-1 - Thread starvation or clock leap detected (housekeeper delta=9m44s796ms).
2021-03-11 06:04:47,133 WARN [HikariPool-1 housekeeper] c.z.h.p.HikariPool [HikariPool.java:787] HikariPool-1 - Thread starvation or clock leap detected (housekeeper delta=9m48s872ms).
2021-03-11 06:15:04,073 WARN [HikariPool-1 housekeeper] c.z.h.p.HikariPool [HikariPool.java:787] HikariPool-1 - Thread starvation or clock leap detected (housekeeper delta=9m46s933ms).
2021-03-11 06:25:21,031 WARN [HikariPool-1 housekeeper] c.z.h.p.HikariPool [HikariPool.java:787] HikariPool-1 - Thread starvation or clock leap detected (housekeeper delta=9m46s969ms).
2021-03-11 06:35:07,457 WARN [HikariPool-1 housekeeper] c.z.h.p.HikariPool [HikariPool.java:787] HikariPool-1 - Thread starvation or clock leap detected (housekeeper delta=9m46s426ms).
2021-03-11 06:45:24,557 WARN [HikariPool-1 housekeeper] c.z.h.p.HikariPool [HikariPool.java:787] HikariPool-1 - Thread starvation or clock leap detected (housekeeper delta=9m46s715ms).
2021-03-11 06:55:41,474 WARN [HikariPool-1 housekeeper] c.z.h.p.HikariPool [HikariPool.java:787] HikariPool-1 - Thread starvation or clock leap detected (housekeeper delta=9m46s904ms).
2021-03-11 07:05:58,425 WARN [HikariPool-1 housekeeper] c.z.h.p.HikariPool [HikariPool.java:787] HikariPool-1 - Thread starvation or clock leap detected (housekeeper delta=9m46s959ms).
2021-03-11 07:15:45,309 WARN [HikariPool-1 housekeeper] c.z.h.p.HikariPool [HikariPool.java:787] HikariPool-1 - Thread starvation or clock leap detected (housekeeper delta=9m46s884ms).
2021-03-11 07:26:01,966 WARN [HikariPool-1 housekeeper] c.z.h.p.HikariPool [HikariPool.java:787] HikariPool-1 - Thread starvation or clock leap detected (housekeeper delta=9m46s647ms).
2021-03-11 07:36:16,889 WARN [HikariPool-1 housekeeper] c.z.h.p.HikariPool [HikariPool.java:787] HikariPool-1 - Thread starvation or clock leap detected (housekeeper delta=9m44s917ms).
2021-03-11 07:46:03,102 WARN [HikariPool-1 housekeeper] c.z.h.p.HikariPool [HikariPool.java:787] HikariPool-1 - Thread starvation or clock leap detected (housekeeper delta=9m46s213ms).
2021-03-11 07:56:22,487 WARN [HikariPool-1 housekeeper] c.z.h.p.HikariPool [HikariPool.java:787] HikariPool-1 - Thread starvation or clock leap detected (housekeeper delta=9m46s837ms).
2021-03-11 08:06:39,282 WARN [HikariPool-1 housekeeper] c.z.h.p.HikariPool [HikariPool.java:787] HikariPool-1 - Thread starvation or clock leap detected (housekeeper delta=9m46s812ms).
2021-03-11 08:16:56,174 WARN [HikariPool-1 housekeeper] c.z.h.p.HikariPool [HikariPool.java:787] HikariPool-1 - Thread starvation or clock leap detected (housekeeper delta=9m46s886ms).
2021-03-11 08:26:43,191 WARN [HikariPool-1 housekeeper] c.z.h.p.HikariPool [HikariPool.java:787] HikariPool-1 - Thread starvation or clock leap detected (housekeeper delta=9m47s17ms).
2021-03-11 08:36:59,971 WARN [HikariPool-1 housekeeper] c.z.h.p.HikariPool [HikariPool.java:787] HikariPool-1 - Thread starvation or clock leap detected (housekeeper delta=9m46s797ms).
2021-03-11 08:47:12,935 WARN [HikariPool-1 housekeeper] c.z.h.p.HikariPool [HikariPool.java:787] HikariPool-1 - Thread starvation or clock leap detected (housekeeper delta=9m42s969ms).
2021-03-11 08:57:33,759 WARN [HikariPool-1 housekeeper] c.z.h.p.HikariPool [HikariPool.java:787] HikariPool-1 - Thread starvation or clock leap detected (housekeeper delta=9m50s815ms).
2021-03-11 09:07:20,738 WARN [HikariPool-1 housekeeper] c.z.h.p.HikariPool [HikariPool.java:787] HikariPool-1 - Thread starvation or clock leap detected (housekeeper delta=9m46s979ms).
2021-03-11 09:17:37,661 WARN [HikariPool-1 housekeeper] c.z.h.p.HikariPool [HikariPool.java:787] HikariPool-1 - Thread starvation or clock leap detected (housekeeper delta=9m46s912ms).
2021-03-11 09:27:54,643 WARN [HikariPool-1 housekeeper] c.z.h.p.HikariPool [HikariPool.java:787] HikariPool-1 - Thread starvation or clock leap detected (housekeeper delta=9m46s966ms).
2021-03-11 09:37:41,331 WARN [HikariPool-1 housekeeper] c.z.h.p.HikariPool [HikariPool.java:787] HikariPool-1 - Thread starvation or clock leap detected (housekeeper delta=9m46s688ms).
2021-03-11 09:47:58,412 WARN [HikariPool-1 housekeeper] c.z.h.p.HikariPool [HikariPool.java:787] HikariPool-1 - Thread starvation or clock leap detected (housekeeper delta=9m47s86ms).
2021-03-11 09:58:15,147 WARN [HikariPool-1 housekeeper] c.z.h.p.HikariPool [HikariPool.java:787] HikariPool-1 - Thread starvation or clock leap detected (housekeeper delta=9m46s734ms).
2021-03-11 10:08:02,019 WARN [HikariPool-1 housekeeper] c.z.h.p.HikariPool [HikariPool.java:787] HikariPool-1 - Thread starvation or clock leap detected (housekeeper delta=9m46s872ms).
2021-03-11 10:18:20,325 WARN [HikariPool-1 housekeeper] c.z.h.p.HikariPool [HikariPool.java:787] HikariPool-1 - Thread starvation or clock leap detected (housekeeper delta=9m47s131ms).
2021-03-11 10:28:37,176 WARN [HikariPool-1 housekeeper] c.z.h.p.HikariPool [HikariPool.java:787] HikariPool-1 - Thread starvation or clock leap detected (housekeeper delta=9m46s843ms).
2021-03-11 19:28:40,490 WARN [restartedMain] o.s.d.c.CustomConversions [CustomConversions.java:273] Registering converter from class org.springframework.data.geo.Point to interface java.util.Map as writing converter although it doesn't convert to a store-supported type! You might want to check your annotation setup at the converter implementation.
2021-03-11 19:28:40,491 WARN [restartedMain] o.s.d.c.CustomConversions [CustomConversions.java:263] Registering converter from interface java.util.Map to class org.springframework.data.geo.Point as reading converter although it doesn't convert from a store-supported type! You might want to check your annotation setup at the converter implementation.
2021-03-11 19:28:40,491 WARN [restartedMain] o.s.d.c.CustomConversions [CustomConversions.java:273] Registering converter from class org.springframework.data.elasticsearch.core.geo.GeoPoint to interface java.util.Map as writing converter although it doesn't convert to a store-supported type! You might want to check your annotation setup at the converter implementation.
2021-03-11 19:28:40,492 WARN [restartedMain] o.s.d.c.CustomConversions [CustomConversions.java:263] Registering converter from interface java.util.Map to class org.springframework.data.elasticsearch.core.geo.GeoPoint as reading converter although it doesn't convert from a store-supported type! You might want to check your annotation setup at the converter implementation.
2021-03-11 19:28:42,343 WARN [org.springframework.kafka.KafkaListenerEndpointContainer#1-0-C-1] o.a.k.c.NetworkClient [NetworkClient.java:1077] [Consumer clientId=consumer-test-consumer-group-2, groupId=test-consumer-group] Error while fetching metadata with correlation id 2 : {publish=LEADER_NOT_AVAILABLE}
2021-03-11 19:28:42,459 WARN [org.springframework.kafka.KafkaListenerEndpointContainer#1-0-C-1] o.a.k.c.NetworkClient [NetworkClient.java:1077] [Consumer clientId=consumer-test-consumer-group-2, groupId=test-consumer-group] Error while fetching metadata with correlation id 7 : {publish=LEADER_NOT_AVAILABLE}
2021-03-11 19:29:33,025 WARN [http-nio-8080-exec-1] o.s.w.s.m.m.a.ExceptionHandlerExceptionResolver [AbstractHandlerExceptionResolver.java:199] Resolved [org.springframework.data.elasticsearch.UncategorizedElasticsearchException: Elasticsearch exception [type=search_phase_execution_exception, reason=all shards failed]; nested exception is ElasticsearchStatusException[Elasticsearch exception [type=search_phase_execution_exception, reason=all shards failed]]; nested: ElasticsearchException[Elasticsearch exception [type=illegal_argument_exception, reason=Text fields are not optimised for operations that require per-document field data like aggregations and sorting, so these operations are disabled by default. Please use a keyword field instead. Alternatively, set fielddata=true on [createTime] in order to load field data by uninverting the inverted index. Note that this can use significant memory.]]; nested: ElasticsearchException[Elasticsearch exception [type=illegal_argument_exception, reason=Text fields are not optimised for operations that require per-document field data like aggregations and sorting, so these operations are disabled by default. Please use a keyword field instead. Alternatively, set fielddata=true on [createTime] in order to load field data by uninverting the inverted index. Note that this can use significant memory.]];]
2021-03-11 19:30:50,728 WARN [restartedMain] o.s.d.c.CustomConversions [CustomConversions.java:273] Registering converter from class org.springframework.data.geo.Point to interface java.util.Map as writing converter although it doesn't convert to a store-supported type! You might want to check your annotation setup at the converter implementation.
2021-03-11 19:30:50,728 WARN [restartedMain] o.s.d.c.CustomConversions [CustomConversions.java:263] Registering converter from interface java.util.Map to class org.springframework.data.geo.Point as reading converter although it doesn't convert from a store-supported type! You might want to check your annotation setup at the converter implementation.
2021-03-11 19:30:50,729 WARN [restartedMain] o.s.d.c.CustomConversions [CustomConversions.java:273] Registering converter from class org.springframework.data.elasticsearch.core.geo.GeoPoint to interface java.util.Map as writing converter although it doesn't convert to a store-supported type! You might want to check your annotation setup at the converter implementation.
2021-03-11 19:30:50,729 WARN [restartedMain] o.s.d.c.CustomConversions [CustomConversions.java:263] Registering converter from interface java.util.Map to class org.springframework.data.elasticsearch.core.geo.GeoPoint as reading converter although it doesn't convert from a store-supported type! You might want to check your annotation setup at the converter implementation.
