2021-03-11 19:29:33,000 ERROR [http-nio-8080-exec-1] c.a.c.c.a.ExceptionAdvice [ExceptionAdvice.java:30] 服务器发生异常Elasticsearch exception [type=search_phase_execution_exception, reason=all shards failed]; nested exception is ElasticsearchStatusException[Elasticsearch exception [type=search_phase_execution_exception, reason=all shards failed]]; nested: ElasticsearchException[Elasticsearch exception [type=illegal_argument_exception, reason=Text fields are not optimised for operations that require per-document field data like aggregations and sorting, so these operations are disabled by default. Please use a keyword field instead. Alternatively, set fielddata=true on [createTime] in order to load field data by uninverting the inverted index. Note that this can use significant memory.]]; nested: ElasticsearchException[Elasticsearch exception [type=illegal_argument_exception, reason=Text fields are not optimised for operations that require per-document field data like aggregations and sorting, so these operations are disabled by default. Please use a keyword field instead. Alternatively, set fielddata=true on [createTime] in order to load field data by uninverting the inverted index. Note that this can use significant memory.]];
2021-03-11 19:29:33,004 ERROR [http-nio-8080-exec-1] c.a.c.c.a.ExceptionAdvice [ExceptionAdvice.java:32] org.springframework.data.elasticsearch.core.ElasticsearchExceptionTranslator.translateExceptionIfPossible(ElasticsearchExceptionTranslator.java:67)
2021-03-11 19:29:33,005 ERROR [http-nio-8080-exec-1] c.a.c.c.a.ExceptionAdvice [ExceptionAdvice.java:32] org.springframework.data.elasticsearch.core.ElasticsearchRestTemplate.translateException(ElasticsearchRestTemplate.java:378)
2021-03-11 19:29:33,005 ERROR [http-nio-8080-exec-1] c.a.c.c.a.ExceptionAdvice [ExceptionAdvice.java:32] org.springframework.data.elasticsearch.core.ElasticsearchRestTemplate.execute(ElasticsearchRestTemplate.java:361)
2021-03-11 19:29:33,005 ERROR [http-nio-8080-exec-1] c.a.c.c.a.ExceptionAdvice [ExceptionAdvice.java:32] org.springframework.data.elasticsearch.core.ElasticsearchRestTemplate.search(ElasticsearchRestTemplate.java:269)
2021-03-11 19:29:33,005 ERROR [http-nio-8080-exec-1] c.a.c.c.a.ExceptionAdvice [ExceptionAdvice.java:32] org.springframework.data.elasticsearch.core.AbstractElasticsearchTemplate.search(AbstractElasticsearchTemplate.java:331)
2021-03-11 19:29:33,006 ERROR [http-nio-8080-exec-1] c.a.c.c.a.ExceptionAdvice [ExceptionAdvice.java:32] com.animalcrossing.community.service.ElasticSearchService.search(ElasticSearchService.java:57)
2021-03-11 19:29:33,006 ERROR [http-nio-8080-exec-1] c.a.c.c.a.ExceptionAdvice [ExceptionAdvice.java:32] com.animalcrossing.community.service.ElasticSearchService$$FastClassBySpringCGLIB$$5ade8259.invoke(<generated>)
2021-03-11 19:29:33,007 ERROR [http-nio-8080-exec-1] c.a.c.c.a.ExceptionAdvice [ExceptionAdvice.java:32] org.springframework.cglib.proxy.MethodProxy.invoke(MethodProxy.java:218)
2021-03-11 19:29:33,007 ERROR [http-nio-8080-exec-1] c.a.c.c.a.ExceptionAdvice [ExceptionAdvice.java:32] org.springframework.aop.framework.CglibAopProxy$CglibMethodInvocation.invokeJoinpoint(CglibAopProxy.java:771)
2021-03-11 19:29:33,007 ERROR [http-nio-8080-exec-1] c.a.c.c.a.ExceptionAdvice [ExceptionAdvice.java:32] org.springframework.aop.framework.ReflectiveMethodInvocation.proceed(ReflectiveMethodInvocation.java:163)
2021-03-11 19:29:33,007 ERROR [http-nio-8080-exec-1] c.a.c.c.a.ExceptionAdvice [ExceptionAdvice.java:32] org.springframework.aop.framework.CglibAopProxy$CglibMethodInvocation.proceed(CglibAopProxy.java:749)
2021-03-11 19:29:33,007 ERROR [http-nio-8080-exec-1] c.a.c.c.a.ExceptionAdvice [ExceptionAdvice.java:32] org.springframework.aop.framework.adapter.MethodBeforeAdviceInterceptor.invoke(MethodBeforeAdviceInterceptor.java:56)
2021-03-11 19:29:33,007 ERROR [http-nio-8080-exec-1] c.a.c.c.a.ExceptionAdvice [ExceptionAdvice.java:32] org.springframework.aop.framework.ReflectiveMethodInvocation.proceed(ReflectiveMethodInvocation.java:186)
2021-03-11 19:29:33,008 ERROR [http-nio-8080-exec-1] c.a.c.c.a.ExceptionAdvice [ExceptionAdvice.java:32] org.springframework.aop.framework.CglibAopProxy$CglibMethodInvocation.proceed(CglibAopProxy.java:749)
2021-03-11 19:29:33,008 ERROR [http-nio-8080-exec-1] c.a.c.c.a.ExceptionAdvice [ExceptionAdvice.java:32] org.springframework.aop.interceptor.ExposeInvocationInterceptor.invoke(ExposeInvocationInterceptor.java:95)
2021-03-11 19:29:33,008 ERROR [http-nio-8080-exec-1] c.a.c.c.a.ExceptionAdvice [ExceptionAdvice.java:32] org.springframework.aop.framework.ReflectiveMethodInvocation.proceed(ReflectiveMethodInvocation.java:186)
2021-03-11 19:29:33,008 ERROR [http-nio-8080-exec-1] c.a.c.c.a.ExceptionAdvice [ExceptionAdvice.java:32] org.springframework.aop.framework.CglibAopProxy$CglibMethodInvocation.proceed(CglibAopProxy.java:749)
2021-03-11 19:29:33,008 ERROR [http-nio-8080-exec-1] c.a.c.c.a.ExceptionAdvice [ExceptionAdvice.java:32] org.springframework.aop.framework.CglibAopProxy$DynamicAdvisedInterceptor.intercept(CglibAopProxy.java:691)
2021-03-11 19:29:33,008 ERROR [http-nio-8080-exec-1] c.a.c.c.a.ExceptionAdvice [ExceptionAdvice.java:32] com.animalcrossing.community.service.ElasticSearchService$$EnhancerBySpringCGLIB$$fc1eafad.search(<generated>)
2021-03-11 19:29:33,009 ERROR [http-nio-8080-exec-1] c.a.c.c.a.ExceptionAdvice [ExceptionAdvice.java:32] com.animalcrossing.community.controller.SearchController.getSearchList(SearchController.java:36)
2021-03-11 19:29:33,009 ERROR [http-nio-8080-exec-1] c.a.c.c.a.ExceptionAdvice [ExceptionAdvice.java:32] java.base/jdk.internal.reflect.NativeMethodAccessorImpl.invoke0(Native Method)
2021-03-11 19:29:33,009 ERROR [http-nio-8080-exec-1] c.a.c.c.a.ExceptionAdvice [ExceptionAdvice.java:32] java.base/jdk.internal.reflect.NativeMethodAccessorImpl.invoke(NativeMethodAccessorImpl.java:62)
2021-03-11 19:29:33,009 ERROR [http-nio-8080-exec-1] c.a.c.c.a.ExceptionAdvice [ExceptionAdvice.java:32] java.base/jdk.internal.reflect.DelegatingMethodAccessorImpl.invoke(DelegatingMethodAccessorImpl.java:43)
2021-03-11 19:29:33,009 ERROR [http-nio-8080-exec-1] c.a.c.c.a.ExceptionAdvice [ExceptionAdvice.java:32] java.base/java.lang.reflect.Method.invoke(Method.java:564)
2021-03-11 19:29:33,009 ERROR [http-nio-8080-exec-1] c.a.c.c.a.ExceptionAdvice [ExceptionAdvice.java:32] org.springframework.web.method.support.InvocableHandlerMethod.doInvoke(InvocableHandlerMethod.java:190)
2021-03-11 19:29:33,009 ERROR [http-nio-8080-exec-1] c.a.c.c.a.ExceptionAdvice [ExceptionAdvice.java:32] org.springframework.web.method.support.InvocableHandlerMethod.invokeForRequest(InvocableHandlerMethod.java:138)
2021-03-11 19:29:33,010 ERROR [http-nio-8080-exec-1] c.a.c.c.a.ExceptionAdvice [ExceptionAdvice.java:32] org.springframework.web.servlet.mvc.method.annotation.ServletInvocableHandlerMethod.invokeAndHandle(ServletInvocableHandlerMethod.java:105)
2021-03-11 19:29:33,010 ERROR [http-nio-8080-exec-1] c.a.c.c.a.ExceptionAdvice [ExceptionAdvice.java:32] org.springframework.web.servlet.mvc.method.annotation.RequestMappingHandlerAdapter.invokeHandlerMethod(RequestMappingHandlerAdapter.java:878)
2021-03-11 19:29:33,010 ERROR [http-nio-8080-exec-1] c.a.c.c.a.ExceptionAdvice [ExceptionAdvice.java:32] org.springframework.web.servlet.mvc.method.annotation.RequestMappingHandlerAdapter.handleInternal(RequestMappingHandlerAdapter.java:792)
2021-03-11 19:29:33,010 ERROR [http-nio-8080-exec-1] c.a.c.c.a.ExceptionAdvice [ExceptionAdvice.java:32] org.springframework.web.servlet.mvc.method.AbstractHandlerMethodAdapter.handle(AbstractHandlerMethodAdapter.java:87)
2021-03-11 19:29:33,010 ERROR [http-nio-8080-exec-1] c.a.c.c.a.ExceptionAdvice [ExceptionAdvice.java:32] org.springframework.web.servlet.DispatcherServlet.doDispatch(DispatcherServlet.java:1040)
2021-03-11 19:29:33,010 ERROR [http-nio-8080-exec-1] c.a.c.c.a.ExceptionAdvice [ExceptionAdvice.java:32] org.springframework.web.servlet.DispatcherServlet.doService(DispatcherServlet.java:943)
2021-03-11 19:29:33,010 ERROR [http-nio-8080-exec-1] c.a.c.c.a.ExceptionAdvice [ExceptionAdvice.java:32] org.springframework.web.servlet.FrameworkServlet.processRequest(FrameworkServlet.java:1006)
2021-03-11 19:29:33,011 ERROR [http-nio-8080-exec-1] c.a.c.c.a.ExceptionAdvice [ExceptionAdvice.java:32] org.springframework.web.servlet.FrameworkServlet.doGet(FrameworkServlet.java:898)
2021-03-11 19:29:33,011 ERROR [http-nio-8080-exec-1] c.a.c.c.a.ExceptionAdvice [ExceptionAdvice.java:32] javax.servlet.http.HttpServlet.service(HttpServlet.java:626)
2021-03-11 19:29:33,011 ERROR [http-nio-8080-exec-1] c.a.c.c.a.ExceptionAdvice [ExceptionAdvice.java:32] org.springframework.web.servlet.FrameworkServlet.service(FrameworkServlet.java:883)
2021-03-11 19:29:33,011 ERROR [http-nio-8080-exec-1] c.a.c.c.a.ExceptionAdvice [ExceptionAdvice.java:32] javax.servlet.http.HttpServlet.service(HttpServlet.java:733)
2021-03-11 19:29:33,011 ERROR [http-nio-8080-exec-1] c.a.c.c.a.ExceptionAdvice [ExceptionAdvice.java:32] org.apache.catalina.core.ApplicationFilterChain.internalDoFilter(ApplicationFilterChain.java:231)
2021-03-11 19:29:33,011 ERROR [http-nio-8080-exec-1] c.a.c.c.a.ExceptionAdvice [ExceptionAdvice.java:32] org.apache.catalina.core.ApplicationFilterChain.doFilter(ApplicationFilterChain.java:166)
2021-03-11 19:29:33,011 ERROR [http-nio-8080-exec-1] c.a.c.c.a.ExceptionAdvice [ExceptionAdvice.java:32] org.apache.tomcat.websocket.server.WsFilter.doFilter(WsFilter.java:53)
2021-03-11 19:29:33,012 ERROR [http-nio-8080-exec-1] c.a.c.c.a.ExceptionAdvice [ExceptionAdvice.java:32] org.apache.catalina.core.ApplicationFilterChain.internalDoFilter(ApplicationFilterChain.java:193)
2021-03-11 19:29:33,012 ERROR [http-nio-8080-exec-1] c.a.c.c.a.ExceptionAdvice [ExceptionAdvice.java:32] org.apache.catalina.core.ApplicationFilterChain.doFilter(ApplicationFilterChain.java:166)
2021-03-11 19:29:33,012 ERROR [http-nio-8080-exec-1] c.a.c.c.a.ExceptionAdvice [ExceptionAdvice.java:32] org.springframework.security.web.FilterChainProxy$VirtualFilterChain.doFilter(FilterChainProxy.java:320)
2021-03-11 19:29:33,012 ERROR [http-nio-8080-exec-1] c.a.c.c.a.ExceptionAdvice [ExceptionAdvice.java:32] org.springframework.security.web.access.ExceptionTranslationFilter.doFilter(ExceptionTranslationFilter.java:118)
2021-03-11 19:29:33,013 ERROR [http-nio-8080-exec-1] c.a.c.c.a.ExceptionAdvice [ExceptionAdvice.java:32] org.springframework.security.web.FilterChainProxy$VirtualFilterChain.doFilter(FilterChainProxy.java:334)
2021-03-11 19:29:33,013 ERROR [http-nio-8080-exec-1] c.a.c.c.a.ExceptionAdvice [ExceptionAdvice.java:32] org.springframework.security.web.session.SessionManagementFilter.doFilter(SessionManagementFilter.java:137)
2021-03-11 19:29:33,013 ERROR [http-nio-8080-exec-1] c.a.c.c.a.ExceptionAdvice [ExceptionAdvice.java:32] org.springframework.security.web.FilterChainProxy$VirtualFilterChain.doFilter(FilterChainProxy.java:334)
2021-03-11 19:29:33,013 ERROR [http-nio-8080-exec-1] c.a.c.c.a.ExceptionAdvice [ExceptionAdvice.java:32] org.springframework.security.web.authentication.AnonymousAuthenticationFilter.doFilter(AnonymousAuthenticationFilter.java:111)
2021-03-11 19:29:33,013 ERROR [http-nio-8080-exec-1] c.a.c.c.a.ExceptionAdvice [ExceptionAdvice.java:32] org.springframework.security.web.FilterChainProxy$VirtualFilterChain.doFilter(FilterChainProxy.java:334)
2021-03-11 19:29:33,014 ERROR [http-nio-8080-exec-1] c.a.c.c.a.ExceptionAdvice [ExceptionAdvice.java:32] org.springframework.security.web.servletapi.SecurityContextHolderAwareRequestFilter.doFilter(SecurityContextHolderAwareRequestFilter.java:158)
2021-03-11 19:29:33,014 ERROR [http-nio-8080-exec-1] c.a.c.c.a.ExceptionAdvice [ExceptionAdvice.java:32] org.springframework.security.web.FilterChainProxy$VirtualFilterChain.doFilter(FilterChainProxy.java:334)
2021-03-11 19:29:33,014 ERROR [http-nio-8080-exec-1] c.a.c.c.a.ExceptionAdvice [ExceptionAdvice.java:32] org.springframework.security.web.savedrequest.RequestCacheAwareFilter.doFilter(RequestCacheAwareFilter.java:63)
2021-03-11 19:29:33,014 ERROR [http-nio-8080-exec-1] c.a.c.c.a.ExceptionAdvice [ExceptionAdvice.java:32] org.springframework.security.web.FilterChainProxy$VirtualFilterChain.doFilter(FilterChainProxy.java:334)
2021-03-11 19:29:33,014 ERROR [http-nio-8080-exec-1] c.a.c.c.a.ExceptionAdvice [ExceptionAdvice.java:32] org.springframework.security.web.authentication.logout.LogoutFilter.doFilter(LogoutFilter.java:116)
2021-03-11 19:29:33,014 ERROR [http-nio-8080-exec-1] c.a.c.c.a.ExceptionAdvice [ExceptionAdvice.java:32] org.springframework.security.web.FilterChainProxy$VirtualFilterChain.doFilter(FilterChainProxy.java:334)
2021-03-11 19:29:33,015 ERROR [http-nio-8080-exec-1] c.a.c.c.a.ExceptionAdvice [ExceptionAdvice.java:32] org.springframework.security.web.header.HeaderWriterFilter.doHeadersAfter(HeaderWriterFilter.java:92)
2021-03-11 19:29:33,015 ERROR [http-nio-8080-exec-1] c.a.c.c.a.ExceptionAdvice [ExceptionAdvice.java:32] org.springframework.security.web.header.HeaderWriterFilter.doFilterInternal(HeaderWriterFilter.java:77)
2021-03-11 19:29:33,015 ERROR [http-nio-8080-exec-1] c.a.c.c.a.ExceptionAdvice [ExceptionAdvice.java:32] org.springframework.web.filter.OncePerRequestFilter.doFilter(OncePerRequestFilter.java:119)
2021-03-11 19:29:33,015 ERROR [http-nio-8080-exec-1] c.a.c.c.a.ExceptionAdvice [ExceptionAdvice.java:32] org.springframework.security.web.FilterChainProxy$VirtualFilterChain.doFilter(FilterChainProxy.java:334)
2021-03-11 19:29:33,016 ERROR [http-nio-8080-exec-1] c.a.c.c.a.ExceptionAdvice [ExceptionAdvice.java:32] org.springframework.security.web.context.SecurityContextPersistenceFilter.doFilter(SecurityContextPersistenceFilter.java:105)
2021-03-11 19:29:33,016 ERROR [http-nio-8080-exec-1] c.a.c.c.a.ExceptionAdvice [ExceptionAdvice.java:32] org.springframework.security.web.FilterChainProxy$VirtualFilterChain.doFilter(FilterChainProxy.java:334)
2021-03-11 19:29:33,016 ERROR [http-nio-8080-exec-1] c.a.c.c.a.ExceptionAdvice [ExceptionAdvice.java:32] org.springframework.security.web.context.request.async.WebAsyncManagerIntegrationFilter.doFilterInternal(WebAsyncManagerIntegrationFilter.java:56)
2021-03-11 19:29:33,016 ERROR [http-nio-8080-exec-1] c.a.c.c.a.ExceptionAdvice [ExceptionAdvice.java:32] org.springframework.web.filter.OncePerRequestFilter.doFilter(OncePerRequestFilter.java:119)
2021-03-11 19:29:33,016 ERROR [http-nio-8080-exec-1] c.a.c.c.a.ExceptionAdvice [ExceptionAdvice.java:32] org.springframework.security.web.FilterChainProxy$VirtualFilterChain.doFilter(FilterChainProxy.java:334)
2021-03-11 19:29:33,017 ERROR [http-nio-8080-exec-1] c.a.c.c.a.ExceptionAdvice [ExceptionAdvice.java:32] org.springframework.security.web.FilterChainProxy.doFilterInternal(FilterChainProxy.java:215)
2021-03-11 19:29:33,017 ERROR [http-nio-8080-exec-1] c.a.c.c.a.ExceptionAdvice [ExceptionAdvice.java:32] org.springframework.security.web.FilterChainProxy.doFilter(FilterChainProxy.java:178)
2021-03-11 19:29:33,017 ERROR [http-nio-8080-exec-1] c.a.c.c.a.ExceptionAdvice [ExceptionAdvice.java:32] org.springframework.web.filter.DelegatingFilterProxy.invokeDelegate(DelegatingFilterProxy.java:358)
2021-03-11 19:29:33,018 ERROR [http-nio-8080-exec-1] c.a.c.c.a.ExceptionAdvice [ExceptionAdvice.java:32] org.springframework.web.filter.DelegatingFilterProxy.doFilter(DelegatingFilterProxy.java:271)
2021-03-11 19:29:33,018 ERROR [http-nio-8080-exec-1] c.a.c.c.a.ExceptionAdvice [ExceptionAdvice.java:32] org.apache.catalina.core.ApplicationFilterChain.internalDoFilter(ApplicationFilterChain.java:193)
2021-03-11 19:29:33,018 ERROR [http-nio-8080-exec-1] c.a.c.c.a.ExceptionAdvice [ExceptionAdvice.java:32] org.apache.catalina.core.ApplicationFilterChain.doFilter(ApplicationFilterChain.java:166)
2021-03-11 19:29:33,018 ERROR [http-nio-8080-exec-1] c.a.c.c.a.ExceptionAdvice [ExceptionAdvice.java:32] org.springframework.web.filter.RequestContextFilter.doFilterInternal(RequestContextFilter.java:100)
2021-03-11 19:29:33,019 ERROR [http-nio-8080-exec-1] c.a.c.c.a.ExceptionAdvice [ExceptionAdvice.java:32] org.springframework.web.filter.OncePerRequestFilter.doFilter(OncePerRequestFilter.java:119)
2021-03-11 19:29:33,019 ERROR [http-nio-8080-exec-1] c.a.c.c.a.ExceptionAdvice [ExceptionAdvice.java:32] org.apache.catalina.core.ApplicationFilterChain.internalDoFilter(ApplicationFilterChain.java:193)
2021-03-11 19:29:33,019 ERROR [http-nio-8080-exec-1] c.a.c.c.a.ExceptionAdvice [ExceptionAdvice.java:32] org.apache.catalina.core.ApplicationFilterChain.doFilter(ApplicationFilterChain.java:166)
2021-03-11 19:29:33,019 ERROR [http-nio-8080-exec-1] c.a.c.c.a.ExceptionAdvice [ExceptionAdvice.java:32] org.springframework.web.filter.FormContentFilter.doFilterInternal(FormContentFilter.java:93)
2021-03-11 19:29:33,019 ERROR [http-nio-8080-exec-1] c.a.c.c.a.ExceptionAdvice [ExceptionAdvice.java:32] org.springframework.web.filter.OncePerRequestFilter.doFilter(OncePerRequestFilter.java:119)
2021-03-11 19:29:33,019 ERROR [http-nio-8080-exec-1] c.a.c.c.a.ExceptionAdvice [ExceptionAdvice.java:32] org.apache.catalina.core.ApplicationFilterChain.internalDoFilter(ApplicationFilterChain.java:193)
2021-03-11 19:29:33,020 ERROR [http-nio-8080-exec-1] c.a.c.c.a.ExceptionAdvice [ExceptionAdvice.java:32] org.apache.catalina.core.ApplicationFilterChain.doFilter(ApplicationFilterChain.java:166)
2021-03-11 19:29:33,020 ERROR [http-nio-8080-exec-1] c.a.c.c.a.ExceptionAdvice [ExceptionAdvice.java:32] org.springframework.web.filter.CharacterEncodingFilter.doFilterInternal(CharacterEncodingFilter.java:201)
2021-03-11 19:29:33,020 ERROR [http-nio-8080-exec-1] c.a.c.c.a.ExceptionAdvice [ExceptionAdvice.java:32] org.springframework.web.filter.OncePerRequestFilter.doFilter(OncePerRequestFilter.java:119)
2021-03-11 19:29:33,020 ERROR [http-nio-8080-exec-1] c.a.c.c.a.ExceptionAdvice [ExceptionAdvice.java:32] org.apache.catalina.core.ApplicationFilterChain.internalDoFilter(ApplicationFilterChain.java:193)
2021-03-11 19:29:33,020 ERROR [http-nio-8080-exec-1] c.a.c.c.a.ExceptionAdvice [ExceptionAdvice.java:32] org.apache.catalina.core.ApplicationFilterChain.doFilter(ApplicationFilterChain.java:166)
2021-03-11 19:29:33,021 ERROR [http-nio-8080-exec-1] c.a.c.c.a.ExceptionAdvice [ExceptionAdvice.java:32] org.apache.catalina.core.StandardWrapperValve.invoke(StandardWrapperValve.java:202)
2021-03-11 19:29:33,021 ERROR [http-nio-8080-exec-1] c.a.c.c.a.ExceptionAdvice [ExceptionAdvice.java:32] org.apache.catalina.core.StandardContextValve.invoke(StandardContextValve.java:97)
2021-03-11 19:29:33,021 ERROR [http-nio-8080-exec-1] c.a.c.c.a.ExceptionAdvice [ExceptionAdvice.java:32] org.apache.catalina.authenticator.AuthenticatorBase.invoke(AuthenticatorBase.java:542)
2021-03-11 19:29:33,022 ERROR [http-nio-8080-exec-1] c.a.c.c.a.ExceptionAdvice [ExceptionAdvice.java:32] org.apache.catalina.core.StandardHostValve.invoke(StandardHostValve.java:143)
2021-03-11 19:29:33,022 ERROR [http-nio-8080-exec-1] c.a.c.c.a.ExceptionAdvice [ExceptionAdvice.java:32] org.apache.catalina.valves.ErrorReportValve.invoke(ErrorReportValve.java:92)
2021-03-11 19:29:33,022 ERROR [http-nio-8080-exec-1] c.a.c.c.a.ExceptionAdvice [ExceptionAdvice.java:32] org.apache.catalina.core.StandardEngineValve.invoke(StandardEngineValve.java:78)
2021-03-11 19:29:33,022 ERROR [http-nio-8080-exec-1] c.a.c.c.a.ExceptionAdvice [ExceptionAdvice.java:32] org.apache.catalina.connector.CoyoteAdapter.service(CoyoteAdapter.java:343)
2021-03-11 19:29:33,022 ERROR [http-nio-8080-exec-1] c.a.c.c.a.ExceptionAdvice [ExceptionAdvice.java:32] org.apache.coyote.http11.Http11Processor.service(Http11Processor.java:374)
2021-03-11 19:29:33,023 ERROR [http-nio-8080-exec-1] c.a.c.c.a.ExceptionAdvice [ExceptionAdvice.java:32] org.apache.coyote.AbstractProcessorLight.process(AbstractProcessorLight.java:65)
2021-03-11 19:29:33,023 ERROR [http-nio-8080-exec-1] c.a.c.c.a.ExceptionAdvice [ExceptionAdvice.java:32] org.apache.coyote.AbstractProtocol$ConnectionHandler.process(AbstractProtocol.java:868)
2021-03-11 19:29:33,023 ERROR [http-nio-8080-exec-1] c.a.c.c.a.ExceptionAdvice [ExceptionAdvice.java:32] org.apache.tomcat.util.net.NioEndpoint$SocketProcessor.doRun(NioEndpoint.java:1590)
2021-03-11 19:29:33,023 ERROR [http-nio-8080-exec-1] c.a.c.c.a.ExceptionAdvice [ExceptionAdvice.java:32] org.apache.tomcat.util.net.SocketProcessorBase.run(SocketProcessorBase.java:49)
2021-03-11 19:29:33,023 ERROR [http-nio-8080-exec-1] c.a.c.c.a.ExceptionAdvice [ExceptionAdvice.java:32] java.base/java.util.concurrent.ThreadPoolExecutor.runWorker(ThreadPoolExecutor.java:1130)
2021-03-11 19:29:33,024 ERROR [http-nio-8080-exec-1] c.a.c.c.a.ExceptionAdvice [ExceptionAdvice.java:32] java.base/java.util.concurrent.ThreadPoolExecutor$Worker.run(ThreadPoolExecutor.java:630)
2021-03-11 19:29:33,024 ERROR [http-nio-8080-exec-1] c.a.c.c.a.ExceptionAdvice [ExceptionAdvice.java:32] org.apache.tomcat.util.threads.TaskThread$WrappingRunnable.run(TaskThread.java:61)
2021-03-11 19:29:33,024 ERROR [http-nio-8080-exec-1] c.a.c.c.a.ExceptionAdvice [ExceptionAdvice.java:32] java.base/java.lang.Thread.run(Thread.java:832)
