2021-03-10 12:38:19,815 ERROR [http-nio-8080-exec-6] c.a.c.c.a.ExceptionAdvice [ExceptionAdvice.java:30] 服务器发生异常Failed to convert value of type 'java.lang.String' to required type 'int'; nested exception is java.lang.NumberFormatException: For input string: "my-post.html"
2021-03-10 12:38:19,817 ERROR [http-nio-8080-exec-6] c.a.c.c.a.ExceptionAdvice [ExceptionAdvice.java:32] org.springframework.web.method.annotation.AbstractNamedValueMethodArgumentResolver.resolveArgument(AbstractNamedValueMethodArgumentResolver.java:133)
2021-03-10 12:38:19,818 ERROR [http-nio-8080-exec-6] c.a.c.c.a.ExceptionAdvice [ExceptionAdvice.java:32] org.springframework.web.method.support.HandlerMethodArgumentResolverComposite.resolveArgument(HandlerMethodArgumentResolverComposite.java:121)
2021-03-10 12:38:19,818 ERROR [http-nio-8080-exec-6] c.a.c.c.a.ExceptionAdvice [ExceptionAdvice.java:32] org.springframework.web.method.support.InvocableHandlerMethod.getMethodArgumentValues(InvocableHandlerMethod.java:167)
2021-03-10 12:38:19,818 ERROR [http-nio-8080-exec-6] c.a.c.c.a.ExceptionAdvice [ExceptionAdvice.java:32] org.springframework.web.method.support.InvocableHandlerMethod.invokeForRequest(InvocableHandlerMethod.java:134)
2021-03-10 12:38:19,818 ERROR [http-nio-8080-exec-6] c.a.c.c.a.ExceptionAdvice [ExceptionAdvice.java:32] org.springframework.web.servlet.mvc.method.annotation.ServletInvocableHandlerMethod.invokeAndHandle(ServletInvocableHandlerMethod.java:105)
2021-03-10 12:38:19,818 ERROR [http-nio-8080-exec-6] c.a.c.c.a.ExceptionAdvice [ExceptionAdvice.java:32] org.springframework.web.servlet.mvc.method.annotation.RequestMappingHandlerAdapter.invokeHandlerMethod(RequestMappingHandlerAdapter.java:878)
2021-03-10 12:38:19,818 ERROR [http-nio-8080-exec-6] c.a.c.c.a.ExceptionAdvice [ExceptionAdvice.java:32] org.springframework.web.servlet.mvc.method.annotation.RequestMappingHandlerAdapter.handleInternal(RequestMappingHandlerAdapter.java:792)
2021-03-10 12:38:19,818 ERROR [http-nio-8080-exec-6] c.a.c.c.a.ExceptionAdvice [ExceptionAdvice.java:32] org.springframework.web.servlet.mvc.method.AbstractHandlerMethodAdapter.handle(AbstractHandlerMethodAdapter.java:87)
2021-03-10 12:38:19,819 ERROR [http-nio-8080-exec-6] c.a.c.c.a.ExceptionAdvice [ExceptionAdvice.java:32] org.springframework.web.servlet.DispatcherServlet.doDispatch(DispatcherServlet.java:1040)
2021-03-10 12:38:19,819 ERROR [http-nio-8080-exec-6] c.a.c.c.a.ExceptionAdvice [ExceptionAdvice.java:32] org.springframework.web.servlet.DispatcherServlet.doService(DispatcherServlet.java:943)
2021-03-10 12:38:19,819 ERROR [http-nio-8080-exec-6] c.a.c.c.a.ExceptionAdvice [ExceptionAdvice.java:32] org.springframework.web.servlet.FrameworkServlet.processRequest(FrameworkServlet.java:1006)
2021-03-10 12:38:19,819 ERROR [http-nio-8080-exec-6] c.a.c.c.a.ExceptionAdvice [ExceptionAdvice.java:32] org.springframework.web.servlet.FrameworkServlet.doGet(FrameworkServlet.java:898)
2021-03-10 12:38:19,819 ERROR [http-nio-8080-exec-6] c.a.c.c.a.ExceptionAdvice [ExceptionAdvice.java:32] javax.servlet.http.HttpServlet.service(HttpServlet.java:626)
2021-03-10 12:38:19,819 ERROR [http-nio-8080-exec-6] c.a.c.c.a.ExceptionAdvice [ExceptionAdvice.java:32] org.springframework.web.servlet.FrameworkServlet.service(FrameworkServlet.java:883)
2021-03-10 12:38:19,819 ERROR [http-nio-8080-exec-6] c.a.c.c.a.ExceptionAdvice [ExceptionAdvice.java:32] javax.servlet.http.HttpServlet.service(HttpServlet.java:733)
2021-03-10 12:38:19,819 ERROR [http-nio-8080-exec-6] c.a.c.c.a.ExceptionAdvice [ExceptionAdvice.java:32] org.apache.catalina.core.ApplicationFilterChain.internalDoFilter(ApplicationFilterChain.java:231)
2021-03-10 12:38:19,820 ERROR [http-nio-8080-exec-6] c.a.c.c.a.ExceptionAdvice [ExceptionAdvice.java:32] org.apache.catalina.core.ApplicationFilterChain.doFilter(ApplicationFilterChain.java:166)
2021-03-10 12:38:19,820 ERROR [http-nio-8080-exec-6] c.a.c.c.a.ExceptionAdvice [ExceptionAdvice.java:32] org.apache.tomcat.websocket.server.WsFilter.doFilter(WsFilter.java:53)
2021-03-10 12:38:19,820 ERROR [http-nio-8080-exec-6] c.a.c.c.a.ExceptionAdvice [ExceptionAdvice.java:32] org.apache.catalina.core.ApplicationFilterChain.internalDoFilter(ApplicationFilterChain.java:193)
2021-03-10 12:38:19,820 ERROR [http-nio-8080-exec-6] c.a.c.c.a.ExceptionAdvice [ExceptionAdvice.java:32] org.apache.catalina.core.ApplicationFilterChain.doFilter(ApplicationFilterChain.java:166)
2021-03-10 12:38:19,820 ERROR [http-nio-8080-exec-6] c.a.c.c.a.ExceptionAdvice [ExceptionAdvice.java:32] org.springframework.security.web.FilterChainProxy$VirtualFilterChain.doFilter(FilterChainProxy.java:320)
2021-03-10 12:38:19,820 ERROR [http-nio-8080-exec-6] c.a.c.c.a.ExceptionAdvice [ExceptionAdvice.java:32] org.springframework.security.web.access.ExceptionTranslationFilter.doFilter(ExceptionTranslationFilter.java:118)
2021-03-10 12:38:19,820 ERROR [http-nio-8080-exec-6] c.a.c.c.a.ExceptionAdvice [ExceptionAdvice.java:32] org.springframework.security.web.FilterChainProxy$VirtualFilterChain.doFilter(FilterChainProxy.java:334)
2021-03-10 12:38:19,820 ERROR [http-nio-8080-exec-6] c.a.c.c.a.ExceptionAdvice [ExceptionAdvice.java:32] org.springframework.security.web.session.SessionManagementFilter.doFilter(SessionManagementFilter.java:137)
2021-03-10 12:38:19,821 ERROR [http-nio-8080-exec-6] c.a.c.c.a.ExceptionAdvice [ExceptionAdvice.java:32] org.springframework.security.web.FilterChainProxy$VirtualFilterChain.doFilter(FilterChainProxy.java:334)
2021-03-10 12:38:19,821 ERROR [http-nio-8080-exec-6] c.a.c.c.a.ExceptionAdvice [ExceptionAdvice.java:32] org.springframework.security.web.authentication.AnonymousAuthenticationFilter.doFilter(AnonymousAuthenticationFilter.java:111)
2021-03-10 12:38:19,821 ERROR [http-nio-8080-exec-6] c.a.c.c.a.ExceptionAdvice [ExceptionAdvice.java:32] org.springframework.security.web.FilterChainProxy$VirtualFilterChain.doFilter(FilterChainProxy.java:334)
2021-03-10 12:38:19,821 ERROR [http-nio-8080-exec-6] c.a.c.c.a.ExceptionAdvice [ExceptionAdvice.java:32] org.springframework.security.web.servletapi.SecurityContextHolderAwareRequestFilter.doFilter(SecurityContextHolderAwareRequestFilter.java:158)
2021-03-10 12:38:19,821 ERROR [http-nio-8080-exec-6] c.a.c.c.a.ExceptionAdvice [ExceptionAdvice.java:32] org.springframework.security.web.FilterChainProxy$VirtualFilterChain.doFilter(FilterChainProxy.java:334)
2021-03-10 12:38:19,821 ERROR [http-nio-8080-exec-6] c.a.c.c.a.ExceptionAdvice [ExceptionAdvice.java:32] org.springframework.security.web.savedrequest.RequestCacheAwareFilter.doFilter(RequestCacheAwareFilter.java:63)
2021-03-10 12:38:19,821 ERROR [http-nio-8080-exec-6] c.a.c.c.a.ExceptionAdvice [ExceptionAdvice.java:32] org.springframework.security.web.FilterChainProxy$VirtualFilterChain.doFilter(FilterChainProxy.java:334)
2021-03-10 12:38:19,821 ERROR [http-nio-8080-exec-6] c.a.c.c.a.ExceptionAdvice [ExceptionAdvice.java:32] org.springframework.security.web.authentication.logout.LogoutFilter.doFilter(LogoutFilter.java:116)
2021-03-10 12:38:19,822 ERROR [http-nio-8080-exec-6] c.a.c.c.a.ExceptionAdvice [ExceptionAdvice.java:32] org.springframework.security.web.FilterChainProxy$VirtualFilterChain.doFilter(FilterChainProxy.java:334)
2021-03-10 12:38:19,822 ERROR [http-nio-8080-exec-6] c.a.c.c.a.ExceptionAdvice [ExceptionAdvice.java:32] org.springframework.security.web.header.HeaderWriterFilter.doHeadersAfter(HeaderWriterFilter.java:92)
2021-03-10 12:38:19,822 ERROR [http-nio-8080-exec-6] c.a.c.c.a.ExceptionAdvice [ExceptionAdvice.java:32] org.springframework.security.web.header.HeaderWriterFilter.doFilterInternal(HeaderWriterFilter.java:77)
2021-03-10 12:38:19,822 ERROR [http-nio-8080-exec-6] c.a.c.c.a.ExceptionAdvice [ExceptionAdvice.java:32] org.springframework.web.filter.OncePerRequestFilter.doFilter(OncePerRequestFilter.java:119)
2021-03-10 12:38:19,822 ERROR [http-nio-8080-exec-6] c.a.c.c.a.ExceptionAdvice [ExceptionAdvice.java:32] org.springframework.security.web.FilterChainProxy$VirtualFilterChain.doFilter(FilterChainProxy.java:334)
2021-03-10 12:38:19,822 ERROR [http-nio-8080-exec-6] c.a.c.c.a.ExceptionAdvice [ExceptionAdvice.java:32] org.springframework.security.web.context.SecurityContextPersistenceFilter.doFilter(SecurityContextPersistenceFilter.java:105)
2021-03-10 12:38:19,823 ERROR [http-nio-8080-exec-6] c.a.c.c.a.ExceptionAdvice [ExceptionAdvice.java:32] org.springframework.security.web.FilterChainProxy$VirtualFilterChain.doFilter(FilterChainProxy.java:334)
2021-03-10 12:38:19,823 ERROR [http-nio-8080-exec-6] c.a.c.c.a.ExceptionAdvice [ExceptionAdvice.java:32] org.springframework.security.web.context.request.async.WebAsyncManagerIntegrationFilter.doFilterInternal(WebAsyncManagerIntegrationFilter.java:56)
2021-03-10 12:38:19,823 ERROR [http-nio-8080-exec-6] c.a.c.c.a.ExceptionAdvice [ExceptionAdvice.java:32] org.springframework.web.filter.OncePerRequestFilter.doFilter(OncePerRequestFilter.java:119)
2021-03-10 12:38:19,823 ERROR [http-nio-8080-exec-6] c.a.c.c.a.ExceptionAdvice [ExceptionAdvice.java:32] org.springframework.security.web.FilterChainProxy$VirtualFilterChain.doFilter(FilterChainProxy.java:334)
2021-03-10 12:38:19,823 ERROR [http-nio-8080-exec-6] c.a.c.c.a.ExceptionAdvice [ExceptionAdvice.java:32] org.springframework.security.web.FilterChainProxy.doFilterInternal(FilterChainProxy.java:215)
2021-03-10 12:38:19,824 ERROR [http-nio-8080-exec-6] c.a.c.c.a.ExceptionAdvice [ExceptionAdvice.java:32] org.springframework.security.web.FilterChainProxy.doFilter(FilterChainProxy.java:178)
2021-03-10 12:38:19,824 ERROR [http-nio-8080-exec-6] c.a.c.c.a.ExceptionAdvice [ExceptionAdvice.java:32] org.springframework.web.filter.DelegatingFilterProxy.invokeDelegate(DelegatingFilterProxy.java:358)
2021-03-10 12:38:19,824 ERROR [http-nio-8080-exec-6] c.a.c.c.a.ExceptionAdvice [ExceptionAdvice.java:32] org.springframework.web.filter.DelegatingFilterProxy.doFilter(DelegatingFilterProxy.java:271)
2021-03-10 12:38:19,824 ERROR [http-nio-8080-exec-6] c.a.c.c.a.ExceptionAdvice [ExceptionAdvice.java:32] org.apache.catalina.core.ApplicationFilterChain.internalDoFilter(ApplicationFilterChain.java:193)
2021-03-10 12:38:19,825 ERROR [http-nio-8080-exec-6] c.a.c.c.a.ExceptionAdvice [ExceptionAdvice.java:32] org.apache.catalina.core.ApplicationFilterChain.doFilter(ApplicationFilterChain.java:166)
2021-03-10 12:38:19,825 ERROR [http-nio-8080-exec-6] c.a.c.c.a.ExceptionAdvice [ExceptionAdvice.java:32] org.springframework.web.filter.RequestContextFilter.doFilterInternal(RequestContextFilter.java:100)
2021-03-10 12:38:19,826 ERROR [http-nio-8080-exec-6] c.a.c.c.a.ExceptionAdvice [ExceptionAdvice.java:32] org.springframework.web.filter.OncePerRequestFilter.doFilter(OncePerRequestFilter.java:119)
2021-03-10 12:38:19,826 ERROR [http-nio-8080-exec-6] c.a.c.c.a.ExceptionAdvice [ExceptionAdvice.java:32] org.apache.catalina.core.ApplicationFilterChain.internalDoFilter(ApplicationFilterChain.java:193)
2021-03-10 12:38:19,826 ERROR [http-nio-8080-exec-6] c.a.c.c.a.ExceptionAdvice [ExceptionAdvice.java:32] org.apache.catalina.core.ApplicationFilterChain.doFilter(ApplicationFilterChain.java:166)
2021-03-10 12:38:19,827 ERROR [http-nio-8080-exec-6] c.a.c.c.a.ExceptionAdvice [ExceptionAdvice.java:32] org.springframework.web.filter.FormContentFilter.doFilterInternal(FormContentFilter.java:93)
2021-03-10 12:38:19,827 ERROR [http-nio-8080-exec-6] c.a.c.c.a.ExceptionAdvice [ExceptionAdvice.java:32] org.springframework.web.filter.OncePerRequestFilter.doFilter(OncePerRequestFilter.java:119)
2021-03-10 12:38:19,827 ERROR [http-nio-8080-exec-6] c.a.c.c.a.ExceptionAdvice [ExceptionAdvice.java:32] org.apache.catalina.core.ApplicationFilterChain.internalDoFilter(ApplicationFilterChain.java:193)
2021-03-10 12:38:19,827 ERROR [http-nio-8080-exec-6] c.a.c.c.a.ExceptionAdvice [ExceptionAdvice.java:32] org.apache.catalina.core.ApplicationFilterChain.doFilter(ApplicationFilterChain.java:166)
2021-03-10 12:38:19,828 ERROR [http-nio-8080-exec-6] c.a.c.c.a.ExceptionAdvice [ExceptionAdvice.java:32] org.springframework.web.filter.CharacterEncodingFilter.doFilterInternal(CharacterEncodingFilter.java:201)
2021-03-10 12:38:19,828 ERROR [http-nio-8080-exec-6] c.a.c.c.a.ExceptionAdvice [ExceptionAdvice.java:32] org.springframework.web.filter.OncePerRequestFilter.doFilter(OncePerRequestFilter.java:119)
2021-03-10 12:38:19,828 ERROR [http-nio-8080-exec-6] c.a.c.c.a.ExceptionAdvice [ExceptionAdvice.java:32] org.apache.catalina.core.ApplicationFilterChain.internalDoFilter(ApplicationFilterChain.java:193)
2021-03-10 12:38:19,829 ERROR [http-nio-8080-exec-6] c.a.c.c.a.ExceptionAdvice [ExceptionAdvice.java:32] org.apache.catalina.core.ApplicationFilterChain.doFilter(ApplicationFilterChain.java:166)
2021-03-10 12:38:19,829 ERROR [http-nio-8080-exec-6] c.a.c.c.a.ExceptionAdvice [ExceptionAdvice.java:32] org.apache.catalina.core.StandardWrapperValve.invoke(StandardWrapperValve.java:202)
2021-03-10 12:38:19,829 ERROR [http-nio-8080-exec-6] c.a.c.c.a.ExceptionAdvice [ExceptionAdvice.java:32] org.apache.catalina.core.StandardContextValve.invoke(StandardContextValve.java:97)
2021-03-10 12:38:19,829 ERROR [http-nio-8080-exec-6] c.a.c.c.a.ExceptionAdvice [ExceptionAdvice.java:32] org.apache.catalina.authenticator.AuthenticatorBase.invoke(AuthenticatorBase.java:542)
2021-03-10 12:38:19,829 ERROR [http-nio-8080-exec-6] c.a.c.c.a.ExceptionAdvice [ExceptionAdvice.java:32] org.apache.catalina.core.StandardHostValve.invoke(StandardHostValve.java:143)
2021-03-10 12:38:19,829 ERROR [http-nio-8080-exec-6] c.a.c.c.a.ExceptionAdvice [ExceptionAdvice.java:32] org.apache.catalina.valves.ErrorReportValve.invoke(ErrorReportValve.java:92)
2021-03-10 12:38:19,829 ERROR [http-nio-8080-exec-6] c.a.c.c.a.ExceptionAdvice [ExceptionAdvice.java:32] org.apache.catalina.core.StandardEngineValve.invoke(StandardEngineValve.java:78)
2021-03-10 12:38:19,830 ERROR [http-nio-8080-exec-6] c.a.c.c.a.ExceptionAdvice [ExceptionAdvice.java:32] org.apache.catalina.connector.CoyoteAdapter.service(CoyoteAdapter.java:343)
2021-03-10 12:38:19,830 ERROR [http-nio-8080-exec-6] c.a.c.c.a.ExceptionAdvice [ExceptionAdvice.java:32] org.apache.coyote.http11.Http11Processor.service(Http11Processor.java:374)
2021-03-10 12:38:19,830 ERROR [http-nio-8080-exec-6] c.a.c.c.a.ExceptionAdvice [ExceptionAdvice.java:32] org.apache.coyote.AbstractProcessorLight.process(AbstractProcessorLight.java:65)
2021-03-10 12:38:19,830 ERROR [http-nio-8080-exec-6] c.a.c.c.a.ExceptionAdvice [ExceptionAdvice.java:32] org.apache.coyote.AbstractProtocol$ConnectionHandler.process(AbstractProtocol.java:868)
2021-03-10 12:38:19,830 ERROR [http-nio-8080-exec-6] c.a.c.c.a.ExceptionAdvice [ExceptionAdvice.java:32] org.apache.tomcat.util.net.NioEndpoint$SocketProcessor.doRun(NioEndpoint.java:1590)
2021-03-10 12:38:19,830 ERROR [http-nio-8080-exec-6] c.a.c.c.a.ExceptionAdvice [ExceptionAdvice.java:32] org.apache.tomcat.util.net.SocketProcessorBase.run(SocketProcessorBase.java:49)
2021-03-10 12:38:19,830 ERROR [http-nio-8080-exec-6] c.a.c.c.a.ExceptionAdvice [ExceptionAdvice.java:32] java.base/java.util.concurrent.ThreadPoolExecutor.runWorker(ThreadPoolExecutor.java:1130)
2021-03-10 12:38:19,830 ERROR [http-nio-8080-exec-6] c.a.c.c.a.ExceptionAdvice [ExceptionAdvice.java:32] java.base/java.util.concurrent.ThreadPoolExecutor$Worker.run(ThreadPoolExecutor.java:630)
2021-03-10 12:38:19,831 ERROR [http-nio-8080-exec-6] c.a.c.c.a.ExceptionAdvice [ExceptionAdvice.java:32] org.apache.tomcat.util.threads.TaskThread$WrappingRunnable.run(TaskThread.java:61)
2021-03-10 12:38:19,831 ERROR [http-nio-8080-exec-6] c.a.c.c.a.ExceptionAdvice [ExceptionAdvice.java:32] java.base/java.lang.Thread.run(Thread.java:832)
2021-03-10 19:06:12,548 ERROR [http-nio-8080-exec-4] c.a.c.c.a.ExceptionAdvice [ExceptionAdvice.java:30] 服务器发生异常Failed to convert value of type 'java.lang.String' to required type 'int'; nested exception is java.lang.NumberFormatException: For input string: "my-post.html"
2021-03-10 19:06:12,548 ERROR [http-nio-8080-exec-4] c.a.c.c.a.ExceptionAdvice [ExceptionAdvice.java:32] org.springframework.web.method.annotation.AbstractNamedValueMethodArgumentResolver.resolveArgument(AbstractNamedValueMethodArgumentResolver.java:133)
2021-03-10 19:06:12,548 ERROR [http-nio-8080-exec-4] c.a.c.c.a.ExceptionAdvice [ExceptionAdvice.java:32] org.springframework.web.method.support.HandlerMethodArgumentResolverComposite.resolveArgument(HandlerMethodArgumentResolverComposite.java:121)
2021-03-10 19:06:12,549 ERROR [http-nio-8080-exec-4] c.a.c.c.a.ExceptionAdvice [ExceptionAdvice.java:32] org.springframework.web.method.support.InvocableHandlerMethod.getMethodArgumentValues(InvocableHandlerMethod.java:167)
2021-03-10 19:06:12,549 ERROR [http-nio-8080-exec-4] c.a.c.c.a.ExceptionAdvice [ExceptionAdvice.java:32] org.springframework.web.method.support.InvocableHandlerMethod.invokeForRequest(InvocableHandlerMethod.java:134)
2021-03-10 19:06:12,549 ERROR [http-nio-8080-exec-4] c.a.c.c.a.ExceptionAdvice [ExceptionAdvice.java:32] org.springframework.web.servlet.mvc.method.annotation.ServletInvocableHandlerMethod.invokeAndHandle(ServletInvocableHandlerMethod.java:105)
2021-03-10 19:06:12,549 ERROR [http-nio-8080-exec-4] c.a.c.c.a.ExceptionAdvice [ExceptionAdvice.java:32] org.springframework.web.servlet.mvc.method.annotation.RequestMappingHandlerAdapter.invokeHandlerMethod(RequestMappingHandlerAdapter.java:878)
2021-03-10 19:06:12,549 ERROR [http-nio-8080-exec-4] c.a.c.c.a.ExceptionAdvice [ExceptionAdvice.java:32] org.springframework.web.servlet.mvc.method.annotation.RequestMappingHandlerAdapter.handleInternal(RequestMappingHandlerAdapter.java:792)
2021-03-10 19:06:12,549 ERROR [http-nio-8080-exec-4] c.a.c.c.a.ExceptionAdvice [ExceptionAdvice.java:32] org.springframework.web.servlet.mvc.method.AbstractHandlerMethodAdapter.handle(AbstractHandlerMethodAdapter.java:87)
2021-03-10 19:06:12,549 ERROR [http-nio-8080-exec-4] c.a.c.c.a.ExceptionAdvice [ExceptionAdvice.java:32] org.springframework.web.servlet.DispatcherServlet.doDispatch(DispatcherServlet.java:1040)
2021-03-10 19:06:12,549 ERROR [http-nio-8080-exec-4] c.a.c.c.a.ExceptionAdvice [ExceptionAdvice.java:32] org.springframework.web.servlet.DispatcherServlet.doService(DispatcherServlet.java:943)
2021-03-10 19:06:12,549 ERROR [http-nio-8080-exec-4] c.a.c.c.a.ExceptionAdvice [ExceptionAdvice.java:32] org.springframework.web.servlet.FrameworkServlet.processRequest(FrameworkServlet.java:1006)
2021-03-10 19:06:12,549 ERROR [http-nio-8080-exec-4] c.a.c.c.a.ExceptionAdvice [ExceptionAdvice.java:32] org.springframework.web.servlet.FrameworkServlet.doGet(FrameworkServlet.java:898)
2021-03-10 19:06:12,549 ERROR [http-nio-8080-exec-4] c.a.c.c.a.ExceptionAdvice [ExceptionAdvice.java:32] javax.servlet.http.HttpServlet.service(HttpServlet.java:626)
2021-03-10 19:06:12,549 ERROR [http-nio-8080-exec-4] c.a.c.c.a.ExceptionAdvice [ExceptionAdvice.java:32] org.springframework.web.servlet.FrameworkServlet.service(FrameworkServlet.java:883)
2021-03-10 19:06:12,550 ERROR [http-nio-8080-exec-4] c.a.c.c.a.ExceptionAdvice [ExceptionAdvice.java:32] javax.servlet.http.HttpServlet.service(HttpServlet.java:733)
2021-03-10 19:06:12,550 ERROR [http-nio-8080-exec-4] c.a.c.c.a.ExceptionAdvice [ExceptionAdvice.java:32] org.apache.catalina.core.ApplicationFilterChain.internalDoFilter(ApplicationFilterChain.java:231)
2021-03-10 19:06:12,550 ERROR [http-nio-8080-exec-4] c.a.c.c.a.ExceptionAdvice [ExceptionAdvice.java:32] org.apache.catalina.core.ApplicationFilterChain.doFilter(ApplicationFilterChain.java:166)
2021-03-10 19:06:12,550 ERROR [http-nio-8080-exec-4] c.a.c.c.a.ExceptionAdvice [ExceptionAdvice.java:32] org.apache.tomcat.websocket.server.WsFilter.doFilter(WsFilter.java:53)
2021-03-10 19:06:12,550 ERROR [http-nio-8080-exec-4] c.a.c.c.a.ExceptionAdvice [ExceptionAdvice.java:32] org.apache.catalina.core.ApplicationFilterChain.internalDoFilter(ApplicationFilterChain.java:193)
2021-03-10 19:06:12,550 ERROR [http-nio-8080-exec-4] c.a.c.c.a.ExceptionAdvice [ExceptionAdvice.java:32] org.apache.catalina.core.ApplicationFilterChain.doFilter(ApplicationFilterChain.java:166)
2021-03-10 19:06:12,550 ERROR [http-nio-8080-exec-4] c.a.c.c.a.ExceptionAdvice [ExceptionAdvice.java:32] org.springframework.security.web.FilterChainProxy$VirtualFilterChain.doFilter(FilterChainProxy.java:320)
2021-03-10 19:06:12,550 ERROR [http-nio-8080-exec-4] c.a.c.c.a.ExceptionAdvice [ExceptionAdvice.java:32] org.springframework.security.web.access.ExceptionTranslationFilter.doFilter(ExceptionTranslationFilter.java:118)
2021-03-10 19:06:12,550 ERROR [http-nio-8080-exec-4] c.a.c.c.a.ExceptionAdvice [ExceptionAdvice.java:32] org.springframework.security.web.FilterChainProxy$VirtualFilterChain.doFilter(FilterChainProxy.java:334)
2021-03-10 19:06:12,550 ERROR [http-nio-8080-exec-4] c.a.c.c.a.ExceptionAdvice [ExceptionAdvice.java:32] org.springframework.security.web.session.SessionManagementFilter.doFilter(SessionManagementFilter.java:137)
2021-03-10 19:06:12,550 ERROR [http-nio-8080-exec-4] c.a.c.c.a.ExceptionAdvice [ExceptionAdvice.java:32] org.springframework.security.web.FilterChainProxy$VirtualFilterChain.doFilter(FilterChainProxy.java:334)
2021-03-10 19:06:12,550 ERROR [http-nio-8080-exec-4] c.a.c.c.a.ExceptionAdvice [ExceptionAdvice.java:32] org.springframework.security.web.authentication.AnonymousAuthenticationFilter.doFilter(AnonymousAuthenticationFilter.java:111)
2021-03-10 19:06:12,550 ERROR [http-nio-8080-exec-4] c.a.c.c.a.ExceptionAdvice [ExceptionAdvice.java:32] org.springframework.security.web.FilterChainProxy$VirtualFilterChain.doFilter(FilterChainProxy.java:334)
2021-03-10 19:06:12,551 ERROR [http-nio-8080-exec-4] c.a.c.c.a.ExceptionAdvice [ExceptionAdvice.java:32] org.springframework.security.web.servletapi.SecurityContextHolderAwareRequestFilter.doFilter(SecurityContextHolderAwareRequestFilter.java:158)
2021-03-10 19:06:12,551 ERROR [http-nio-8080-exec-4] c.a.c.c.a.ExceptionAdvice [ExceptionAdvice.java:32] org.springframework.security.web.FilterChainProxy$VirtualFilterChain.doFilter(FilterChainProxy.java:334)
2021-03-10 19:06:12,551 ERROR [http-nio-8080-exec-4] c.a.c.c.a.ExceptionAdvice [ExceptionAdvice.java:32] org.springframework.security.web.savedrequest.RequestCacheAwareFilter.doFilter(RequestCacheAwareFilter.java:63)
2021-03-10 19:06:12,551 ERROR [http-nio-8080-exec-4] c.a.c.c.a.ExceptionAdvice [ExceptionAdvice.java:32] org.springframework.security.web.FilterChainProxy$VirtualFilterChain.doFilter(FilterChainProxy.java:334)
2021-03-10 19:06:12,551 ERROR [http-nio-8080-exec-4] c.a.c.c.a.ExceptionAdvice [ExceptionAdvice.java:32] org.springframework.security.web.authentication.logout.LogoutFilter.doFilter(LogoutFilter.java:116)
2021-03-10 19:06:12,551 ERROR [http-nio-8080-exec-4] c.a.c.c.a.ExceptionAdvice [ExceptionAdvice.java:32] org.springframework.security.web.FilterChainProxy$VirtualFilterChain.doFilter(FilterChainProxy.java:334)
2021-03-10 19:06:12,551 ERROR [http-nio-8080-exec-4] c.a.c.c.a.ExceptionAdvice [ExceptionAdvice.java:32] org.springframework.security.web.header.HeaderWriterFilter.doHeadersAfter(HeaderWriterFilter.java:92)
2021-03-10 19:06:12,551 ERROR [http-nio-8080-exec-4] c.a.c.c.a.ExceptionAdvice [ExceptionAdvice.java:32] org.springframework.security.web.header.HeaderWriterFilter.doFilterInternal(HeaderWriterFilter.java:77)
2021-03-10 19:06:12,551 ERROR [http-nio-8080-exec-4] c.a.c.c.a.ExceptionAdvice [ExceptionAdvice.java:32] org.springframework.web.filter.OncePerRequestFilter.doFilter(OncePerRequestFilter.java:119)
2021-03-10 19:06:12,551 ERROR [http-nio-8080-exec-4] c.a.c.c.a.ExceptionAdvice [ExceptionAdvice.java:32] org.springframework.security.web.FilterChainProxy$VirtualFilterChain.doFilter(FilterChainProxy.java:334)
2021-03-10 19:06:12,551 ERROR [http-nio-8080-exec-4] c.a.c.c.a.ExceptionAdvice [ExceptionAdvice.java:32] org.springframework.security.web.context.SecurityContextPersistenceFilter.doFilter(SecurityContextPersistenceFilter.java:105)
2021-03-10 19:06:12,552 ERROR [http-nio-8080-exec-4] c.a.c.c.a.ExceptionAdvice [ExceptionAdvice.java:32] org.springframework.security.web.FilterChainProxy$VirtualFilterChain.doFilter(FilterChainProxy.java:334)
2021-03-10 19:06:12,552 ERROR [http-nio-8080-exec-4] c.a.c.c.a.ExceptionAdvice [ExceptionAdvice.java:32] org.springframework.security.web.context.request.async.WebAsyncManagerIntegrationFilter.doFilterInternal(WebAsyncManagerIntegrationFilter.java:56)
2021-03-10 19:06:12,552 ERROR [http-nio-8080-exec-4] c.a.c.c.a.ExceptionAdvice [ExceptionAdvice.java:32] org.springframework.web.filter.OncePerRequestFilter.doFilter(OncePerRequestFilter.java:119)
2021-03-10 19:06:12,552 ERROR [http-nio-8080-exec-4] c.a.c.c.a.ExceptionAdvice [ExceptionAdvice.java:32] org.springframework.security.web.FilterChainProxy$VirtualFilterChain.doFilter(FilterChainProxy.java:334)
2021-03-10 19:06:12,552 ERROR [http-nio-8080-exec-4] c.a.c.c.a.ExceptionAdvice [ExceptionAdvice.java:32] org.springframework.security.web.FilterChainProxy.doFilterInternal(FilterChainProxy.java:215)
2021-03-10 19:06:12,552 ERROR [http-nio-8080-exec-4] c.a.c.c.a.ExceptionAdvice [ExceptionAdvice.java:32] org.springframework.security.web.FilterChainProxy.doFilter(FilterChainProxy.java:178)
2021-03-10 19:06:12,552 ERROR [http-nio-8080-exec-4] c.a.c.c.a.ExceptionAdvice [ExceptionAdvice.java:32] org.springframework.web.filter.DelegatingFilterProxy.invokeDelegate(DelegatingFilterProxy.java:358)
2021-03-10 19:06:12,553 ERROR [http-nio-8080-exec-4] c.a.c.c.a.ExceptionAdvice [ExceptionAdvice.java:32] org.springframework.web.filter.DelegatingFilterProxy.doFilter(DelegatingFilterProxy.java:271)
2021-03-10 19:06:12,553 ERROR [http-nio-8080-exec-4] c.a.c.c.a.ExceptionAdvice [ExceptionAdvice.java:32] org.apache.catalina.core.ApplicationFilterChain.internalDoFilter(ApplicationFilterChain.java:193)
2021-03-10 19:06:12,553 ERROR [http-nio-8080-exec-4] c.a.c.c.a.ExceptionAdvice [ExceptionAdvice.java:32] org.apache.catalina.core.ApplicationFilterChain.doFilter(ApplicationFilterChain.java:166)
2021-03-10 19:06:12,553 ERROR [http-nio-8080-exec-4] c.a.c.c.a.ExceptionAdvice [ExceptionAdvice.java:32] org.springframework.web.filter.RequestContextFilter.doFilterInternal(RequestContextFilter.java:100)
2021-03-10 19:06:12,553 ERROR [http-nio-8080-exec-4] c.a.c.c.a.ExceptionAdvice [ExceptionAdvice.java:32] org.springframework.web.filter.OncePerRequestFilter.doFilter(OncePerRequestFilter.java:119)
2021-03-10 19:06:12,553 ERROR [http-nio-8080-exec-4] c.a.c.c.a.ExceptionAdvice [ExceptionAdvice.java:32] org.apache.catalina.core.ApplicationFilterChain.internalDoFilter(ApplicationFilterChain.java:193)
2021-03-10 19:06:12,553 ERROR [http-nio-8080-exec-4] c.a.c.c.a.ExceptionAdvice [ExceptionAdvice.java:32] org.apache.catalina.core.ApplicationFilterChain.doFilter(ApplicationFilterChain.java:166)
2021-03-10 19:06:12,553 ERROR [http-nio-8080-exec-4] c.a.c.c.a.ExceptionAdvice [ExceptionAdvice.java:32] org.springframework.web.filter.FormContentFilter.doFilterInternal(FormContentFilter.java:93)
2021-03-10 19:06:12,554 ERROR [http-nio-8080-exec-4] c.a.c.c.a.ExceptionAdvice [ExceptionAdvice.java:32] org.springframework.web.filter.OncePerRequestFilter.doFilter(OncePerRequestFilter.java:119)
2021-03-10 19:06:12,554 ERROR [http-nio-8080-exec-4] c.a.c.c.a.ExceptionAdvice [ExceptionAdvice.java:32] org.apache.catalina.core.ApplicationFilterChain.internalDoFilter(ApplicationFilterChain.java:193)
2021-03-10 19:06:12,554 ERROR [http-nio-8080-exec-4] c.a.c.c.a.ExceptionAdvice [ExceptionAdvice.java:32] org.apache.catalina.core.ApplicationFilterChain.doFilter(ApplicationFilterChain.java:166)
2021-03-10 19:06:12,555 ERROR [http-nio-8080-exec-4] c.a.c.c.a.ExceptionAdvice [ExceptionAdvice.java:32] org.springframework.web.filter.CharacterEncodingFilter.doFilterInternal(CharacterEncodingFilter.java:201)
2021-03-10 19:06:12,555 ERROR [http-nio-8080-exec-4] c.a.c.c.a.ExceptionAdvice [ExceptionAdvice.java:32] org.springframework.web.filter.OncePerRequestFilter.doFilter(OncePerRequestFilter.java:119)
2021-03-10 19:06:12,555 ERROR [http-nio-8080-exec-4] c.a.c.c.a.ExceptionAdvice [ExceptionAdvice.java:32] org.apache.catalina.core.ApplicationFilterChain.internalDoFilter(ApplicationFilterChain.java:193)
2021-03-10 19:06:12,556 ERROR [http-nio-8080-exec-4] c.a.c.c.a.ExceptionAdvice [ExceptionAdvice.java:32] org.apache.catalina.core.ApplicationFilterChain.doFilter(ApplicationFilterChain.java:166)
2021-03-10 19:06:12,557 ERROR [http-nio-8080-exec-4] c.a.c.c.a.ExceptionAdvice [ExceptionAdvice.java:32] org.apache.catalina.core.StandardWrapperValve.invoke(StandardWrapperValve.java:202)
2021-03-10 19:06:12,557 ERROR [http-nio-8080-exec-4] c.a.c.c.a.ExceptionAdvice [ExceptionAdvice.java:32] org.apache.catalina.core.StandardContextValve.invoke(StandardContextValve.java:97)
2021-03-10 19:06:12,557 ERROR [http-nio-8080-exec-4] c.a.c.c.a.ExceptionAdvice [ExceptionAdvice.java:32] org.apache.catalina.authenticator.AuthenticatorBase.invoke(AuthenticatorBase.java:542)
2021-03-10 19:06:12,557 ERROR [http-nio-8080-exec-4] c.a.c.c.a.ExceptionAdvice [ExceptionAdvice.java:32] org.apache.catalina.core.StandardHostValve.invoke(StandardHostValve.java:143)
2021-03-10 19:06:12,558 ERROR [http-nio-8080-exec-4] c.a.c.c.a.ExceptionAdvice [ExceptionAdvice.java:32] org.apache.catalina.valves.ErrorReportValve.invoke(ErrorReportValve.java:92)
2021-03-10 19:06:12,558 ERROR [http-nio-8080-exec-4] c.a.c.c.a.ExceptionAdvice [ExceptionAdvice.java:32] org.apache.catalina.core.StandardEngineValve.invoke(StandardEngineValve.java:78)
2021-03-10 19:06:12,558 ERROR [http-nio-8080-exec-4] c.a.c.c.a.ExceptionAdvice [ExceptionAdvice.java:32] org.apache.catalina.connector.CoyoteAdapter.service(CoyoteAdapter.java:343)
2021-03-10 19:06:12,558 ERROR [http-nio-8080-exec-4] c.a.c.c.a.ExceptionAdvice [ExceptionAdvice.java:32] org.apache.coyote.http11.Http11Processor.service(Http11Processor.java:374)
2021-03-10 19:06:12,558 ERROR [http-nio-8080-exec-4] c.a.c.c.a.ExceptionAdvice [ExceptionAdvice.java:32] org.apache.coyote.AbstractProcessorLight.process(AbstractProcessorLight.java:65)
2021-03-10 19:06:12,558 ERROR [http-nio-8080-exec-4] c.a.c.c.a.ExceptionAdvice [ExceptionAdvice.java:32] org.apache.coyote.AbstractProtocol$ConnectionHandler.process(AbstractProtocol.java:868)
2021-03-10 19:06:12,558 ERROR [http-nio-8080-exec-4] c.a.c.c.a.ExceptionAdvice [ExceptionAdvice.java:32] org.apache.tomcat.util.net.NioEndpoint$SocketProcessor.doRun(NioEndpoint.java:1590)
2021-03-10 19:06:12,558 ERROR [http-nio-8080-exec-4] c.a.c.c.a.ExceptionAdvice [ExceptionAdvice.java:32] org.apache.tomcat.util.net.SocketProcessorBase.run(SocketProcessorBase.java:49)
2021-03-10 19:06:12,559 ERROR [http-nio-8080-exec-4] c.a.c.c.a.ExceptionAdvice [ExceptionAdvice.java:32] java.base/java.util.concurrent.ThreadPoolExecutor.runWorker(ThreadPoolExecutor.java:1130)
2021-03-10 19:06:12,559 ERROR [http-nio-8080-exec-4] c.a.c.c.a.ExceptionAdvice [ExceptionAdvice.java:32] java.base/java.util.concurrent.ThreadPoolExecutor$Worker.run(ThreadPoolExecutor.java:630)
2021-03-10 19:06:12,559 ERROR [http-nio-8080-exec-4] c.a.c.c.a.ExceptionAdvice [ExceptionAdvice.java:32] org.apache.tomcat.util.threads.TaskThread$WrappingRunnable.run(TaskThread.java:61)
2021-03-10 19:06:12,559 ERROR [http-nio-8080-exec-4] c.a.c.c.a.ExceptionAdvice [ExceptionAdvice.java:32] java.base/java.lang.Thread.run(Thread.java:832)
2021-03-10 19:06:15,683 ERROR [http-nio-8080-exec-4] c.a.c.c.a.ExceptionAdvice [ExceptionAdvice.java:30] 服务器发生异常Failed to convert value of type 'java.lang.String' to required type 'int'; nested exception is java.lang.NumberFormatException: For input string: "my-reply.html"
2021-03-10 19:06:15,683 ERROR [http-nio-8080-exec-4] c.a.c.c.a.ExceptionAdvice [ExceptionAdvice.java:32] org.springframework.web.method.annotation.AbstractNamedValueMethodArgumentResolver.resolveArgument(AbstractNamedValueMethodArgumentResolver.java:133)
2021-03-10 19:06:15,683 ERROR [http-nio-8080-exec-4] c.a.c.c.a.ExceptionAdvice [ExceptionAdvice.java:32] org.springframework.web.method.support.HandlerMethodArgumentResolverComposite.resolveArgument(HandlerMethodArgumentResolverComposite.java:121)
2021-03-10 19:06:15,683 ERROR [http-nio-8080-exec-4] c.a.c.c.a.ExceptionAdvice [ExceptionAdvice.java:32] org.springframework.web.method.support.InvocableHandlerMethod.getMethodArgumentValues(InvocableHandlerMethod.java:167)
2021-03-10 19:06:15,683 ERROR [http-nio-8080-exec-4] c.a.c.c.a.ExceptionAdvice [ExceptionAdvice.java:32] org.springframework.web.method.support.InvocableHandlerMethod.invokeForRequest(InvocableHandlerMethod.java:134)
2021-03-10 19:06:15,683 ERROR [http-nio-8080-exec-4] c.a.c.c.a.ExceptionAdvice [ExceptionAdvice.java:32] org.springframework.web.servlet.mvc.method.annotation.ServletInvocableHandlerMethod.invokeAndHandle(ServletInvocableHandlerMethod.java:105)
2021-03-10 19:06:15,684 ERROR [http-nio-8080-exec-4] c.a.c.c.a.ExceptionAdvice [ExceptionAdvice.java:32] org.springframework.web.servlet.mvc.method.annotation.RequestMappingHandlerAdapter.invokeHandlerMethod(RequestMappingHandlerAdapter.java:878)
2021-03-10 19:06:15,684 ERROR [http-nio-8080-exec-4] c.a.c.c.a.ExceptionAdvice [ExceptionAdvice.java:32] org.springframework.web.servlet.mvc.method.annotation.RequestMappingHandlerAdapter.handleInternal(RequestMappingHandlerAdapter.java:792)
2021-03-10 19:06:15,684 ERROR [http-nio-8080-exec-4] c.a.c.c.a.ExceptionAdvice [ExceptionAdvice.java:32] org.springframework.web.servlet.mvc.method.AbstractHandlerMethodAdapter.handle(AbstractHandlerMethodAdapter.java:87)
2021-03-10 19:06:15,684 ERROR [http-nio-8080-exec-4] c.a.c.c.a.ExceptionAdvice [ExceptionAdvice.java:32] org.springframework.web.servlet.DispatcherServlet.doDispatch(DispatcherServlet.java:1040)
2021-03-10 19:06:15,684 ERROR [http-nio-8080-exec-4] c.a.c.c.a.ExceptionAdvice [ExceptionAdvice.java:32] org.springframework.web.servlet.DispatcherServlet.doService(DispatcherServlet.java:943)
2021-03-10 19:06:15,684 ERROR [http-nio-8080-exec-4] c.a.c.c.a.ExceptionAdvice [ExceptionAdvice.java:32] org.springframework.web.servlet.FrameworkServlet.processRequest(FrameworkServlet.java:1006)
2021-03-10 19:06:15,684 ERROR [http-nio-8080-exec-4] c.a.c.c.a.ExceptionAdvice [ExceptionAdvice.java:32] org.springframework.web.servlet.FrameworkServlet.doGet(FrameworkServlet.java:898)
2021-03-10 19:06:15,684 ERROR [http-nio-8080-exec-4] c.a.c.c.a.ExceptionAdvice [ExceptionAdvice.java:32] javax.servlet.http.HttpServlet.service(HttpServlet.java:626)
2021-03-10 19:06:15,684 ERROR [http-nio-8080-exec-4] c.a.c.c.a.ExceptionAdvice [ExceptionAdvice.java:32] org.springframework.web.servlet.FrameworkServlet.service(FrameworkServlet.java:883)
2021-03-10 19:06:15,684 ERROR [http-nio-8080-exec-4] c.a.c.c.a.ExceptionAdvice [ExceptionAdvice.java:32] javax.servlet.http.HttpServlet.service(HttpServlet.java:733)
2021-03-10 19:06:15,685 ERROR [http-nio-8080-exec-4] c.a.c.c.a.ExceptionAdvice [ExceptionAdvice.java:32] org.apache.catalina.core.ApplicationFilterChain.internalDoFilter(ApplicationFilterChain.java:231)
2021-03-10 19:06:15,685 ERROR [http-nio-8080-exec-4] c.a.c.c.a.ExceptionAdvice [ExceptionAdvice.java:32] org.apache.catalina.core.ApplicationFilterChain.doFilter(ApplicationFilterChain.java:166)
2021-03-10 19:06:15,685 ERROR [http-nio-8080-exec-4] c.a.c.c.a.ExceptionAdvice [ExceptionAdvice.java:32] org.apache.tomcat.websocket.server.WsFilter.doFilter(WsFilter.java:53)
2021-03-10 19:06:15,685 ERROR [http-nio-8080-exec-4] c.a.c.c.a.ExceptionAdvice [ExceptionAdvice.java:32] org.apache.catalina.core.ApplicationFilterChain.internalDoFilter(ApplicationFilterChain.java:193)
2021-03-10 19:06:15,685 ERROR [http-nio-8080-exec-4] c.a.c.c.a.ExceptionAdvice [ExceptionAdvice.java:32] org.apache.catalina.core.ApplicationFilterChain.doFilter(ApplicationFilterChain.java:166)
2021-03-10 19:06:15,685 ERROR [http-nio-8080-exec-4] c.a.c.c.a.ExceptionAdvice [ExceptionAdvice.java:32] org.springframework.security.web.FilterChainProxy$VirtualFilterChain.doFilter(FilterChainProxy.java:320)
2021-03-10 19:06:15,686 ERROR [http-nio-8080-exec-4] c.a.c.c.a.ExceptionAdvice [ExceptionAdvice.java:32] org.springframework.security.web.access.ExceptionTranslationFilter.doFilter(ExceptionTranslationFilter.java:118)
2021-03-10 19:06:15,686 ERROR [http-nio-8080-exec-4] c.a.c.c.a.ExceptionAdvice [ExceptionAdvice.java:32] org.springframework.security.web.FilterChainProxy$VirtualFilterChain.doFilter(FilterChainProxy.java:334)
2021-03-10 19:06:15,686 ERROR [http-nio-8080-exec-4] c.a.c.c.a.ExceptionAdvice [ExceptionAdvice.java:32] org.springframework.security.web.session.SessionManagementFilter.doFilter(SessionManagementFilter.java:137)
2021-03-10 19:06:15,686 ERROR [http-nio-8080-exec-4] c.a.c.c.a.ExceptionAdvice [ExceptionAdvice.java:32] org.springframework.security.web.FilterChainProxy$VirtualFilterChain.doFilter(FilterChainProxy.java:334)
2021-03-10 19:06:15,686 ERROR [http-nio-8080-exec-4] c.a.c.c.a.ExceptionAdvice [ExceptionAdvice.java:32] org.springframework.security.web.authentication.AnonymousAuthenticationFilter.doFilter(AnonymousAuthenticationFilter.java:111)
2021-03-10 19:06:15,686 ERROR [http-nio-8080-exec-4] c.a.c.c.a.ExceptionAdvice [ExceptionAdvice.java:32] org.springframework.security.web.FilterChainProxy$VirtualFilterChain.doFilter(FilterChainProxy.java:334)
2021-03-10 19:06:15,686 ERROR [http-nio-8080-exec-4] c.a.c.c.a.ExceptionAdvice [ExceptionAdvice.java:32] org.springframework.security.web.servletapi.SecurityContextHolderAwareRequestFilter.doFilter(SecurityContextHolderAwareRequestFilter.java:158)
2021-03-10 19:06:15,687 ERROR [http-nio-8080-exec-4] c.a.c.c.a.ExceptionAdvice [ExceptionAdvice.java:32] org.springframework.security.web.FilterChainProxy$VirtualFilterChain.doFilter(FilterChainProxy.java:334)
2021-03-10 19:06:15,687 ERROR [http-nio-8080-exec-4] c.a.c.c.a.ExceptionAdvice [ExceptionAdvice.java:32] org.springframework.security.web.savedrequest.RequestCacheAwareFilter.doFilter(RequestCacheAwareFilter.java:63)
2021-03-10 19:06:15,687 ERROR [http-nio-8080-exec-4] c.a.c.c.a.ExceptionAdvice [ExceptionAdvice.java:32] org.springframework.security.web.FilterChainProxy$VirtualFilterChain.doFilter(FilterChainProxy.java:334)
2021-03-10 19:06:15,687 ERROR [http-nio-8080-exec-4] c.a.c.c.a.ExceptionAdvice [ExceptionAdvice.java:32] org.springframework.security.web.authentication.logout.LogoutFilter.doFilter(LogoutFilter.java:116)
2021-03-10 19:06:15,687 ERROR [http-nio-8080-exec-4] c.a.c.c.a.ExceptionAdvice [ExceptionAdvice.java:32] org.springframework.security.web.FilterChainProxy$VirtualFilterChain.doFilter(FilterChainProxy.java:334)
2021-03-10 19:06:15,687 ERROR [http-nio-8080-exec-4] c.a.c.c.a.ExceptionAdvice [ExceptionAdvice.java:32] org.springframework.security.web.header.HeaderWriterFilter.doHeadersAfter(HeaderWriterFilter.java:92)
2021-03-10 19:06:15,687 ERROR [http-nio-8080-exec-4] c.a.c.c.a.ExceptionAdvice [ExceptionAdvice.java:32] org.springframework.security.web.header.HeaderWriterFilter.doFilterInternal(HeaderWriterFilter.java:77)
2021-03-10 19:06:15,687 ERROR [http-nio-8080-exec-4] c.a.c.c.a.ExceptionAdvice [ExceptionAdvice.java:32] org.springframework.web.filter.OncePerRequestFilter.doFilter(OncePerRequestFilter.java:119)
2021-03-10 19:06:15,687 ERROR [http-nio-8080-exec-4] c.a.c.c.a.ExceptionAdvice [ExceptionAdvice.java:32] org.springframework.security.web.FilterChainProxy$VirtualFilterChain.doFilter(FilterChainProxy.java:334)
2021-03-10 19:06:15,687 ERROR [http-nio-8080-exec-4] c.a.c.c.a.ExceptionAdvice [ExceptionAdvice.java:32] org.springframework.security.web.context.SecurityContextPersistenceFilter.doFilter(SecurityContextPersistenceFilter.java:105)
2021-03-10 19:06:15,687 ERROR [http-nio-8080-exec-4] c.a.c.c.a.ExceptionAdvice [ExceptionAdvice.java:32] org.springframework.security.web.FilterChainProxy$VirtualFilterChain.doFilter(FilterChainProxy.java:334)
2021-03-10 19:06:15,687 ERROR [http-nio-8080-exec-4] c.a.c.c.a.ExceptionAdvice [ExceptionAdvice.java:32] org.springframework.security.web.context.request.async.WebAsyncManagerIntegrationFilter.doFilterInternal(WebAsyncManagerIntegrationFilter.java:56)
2021-03-10 19:06:15,688 ERROR [http-nio-8080-exec-4] c.a.c.c.a.ExceptionAdvice [ExceptionAdvice.java:32] org.springframework.web.filter.OncePerRequestFilter.doFilter(OncePerRequestFilter.java:119)
2021-03-10 19:06:15,688 ERROR [http-nio-8080-exec-4] c.a.c.c.a.ExceptionAdvice [ExceptionAdvice.java:32] org.springframework.security.web.FilterChainProxy$VirtualFilterChain.doFilter(FilterChainProxy.java:334)
2021-03-10 19:06:15,688 ERROR [http-nio-8080-exec-4] c.a.c.c.a.ExceptionAdvice [ExceptionAdvice.java:32] org.springframework.security.web.FilterChainProxy.doFilterInternal(FilterChainProxy.java:215)
2021-03-10 19:06:15,688 ERROR [http-nio-8080-exec-4] c.a.c.c.a.ExceptionAdvice [ExceptionAdvice.java:32] org.springframework.security.web.FilterChainProxy.doFilter(FilterChainProxy.java:178)
2021-03-10 19:06:15,688 ERROR [http-nio-8080-exec-4] c.a.c.c.a.ExceptionAdvice [ExceptionAdvice.java:32] org.springframework.web.filter.DelegatingFilterProxy.invokeDelegate(DelegatingFilterProxy.java:358)
2021-03-10 19:06:15,688 ERROR [http-nio-8080-exec-4] c.a.c.c.a.ExceptionAdvice [ExceptionAdvice.java:32] org.springframework.web.filter.DelegatingFilterProxy.doFilter(DelegatingFilterProxy.java:271)
2021-03-10 19:06:15,688 ERROR [http-nio-8080-exec-4] c.a.c.c.a.ExceptionAdvice [ExceptionAdvice.java:32] org.apache.catalina.core.ApplicationFilterChain.internalDoFilter(ApplicationFilterChain.java:193)
2021-03-10 19:06:15,688 ERROR [http-nio-8080-exec-4] c.a.c.c.a.ExceptionAdvice [ExceptionAdvice.java:32] org.apache.catalina.core.ApplicationFilterChain.doFilter(ApplicationFilterChain.java:166)
2021-03-10 19:06:15,689 ERROR [http-nio-8080-exec-4] c.a.c.c.a.ExceptionAdvice [ExceptionAdvice.java:32] org.springframework.web.filter.RequestContextFilter.doFilterInternal(RequestContextFilter.java:100)
2021-03-10 19:06:15,689 ERROR [http-nio-8080-exec-4] c.a.c.c.a.ExceptionAdvice [ExceptionAdvice.java:32] org.springframework.web.filter.OncePerRequestFilter.doFilter(OncePerRequestFilter.java:119)
2021-03-10 19:06:15,689 ERROR [http-nio-8080-exec-4] c.a.c.c.a.ExceptionAdvice [ExceptionAdvice.java:32] org.apache.catalina.core.ApplicationFilterChain.internalDoFilter(ApplicationFilterChain.java:193)
2021-03-10 19:06:15,689 ERROR [http-nio-8080-exec-4] c.a.c.c.a.ExceptionAdvice [ExceptionAdvice.java:32] org.apache.catalina.core.ApplicationFilterChain.doFilter(ApplicationFilterChain.java:166)
2021-03-10 19:06:15,689 ERROR [http-nio-8080-exec-4] c.a.c.c.a.ExceptionAdvice [ExceptionAdvice.java:32] org.springframework.web.filter.FormContentFilter.doFilterInternal(FormContentFilter.java:93)
2021-03-10 19:06:15,689 ERROR [http-nio-8080-exec-4] c.a.c.c.a.ExceptionAdvice [ExceptionAdvice.java:32] org.springframework.web.filter.OncePerRequestFilter.doFilter(OncePerRequestFilter.java:119)
2021-03-10 19:06:15,690 ERROR [http-nio-8080-exec-4] c.a.c.c.a.ExceptionAdvice [ExceptionAdvice.java:32] org.apache.catalina.core.ApplicationFilterChain.internalDoFilter(ApplicationFilterChain.java:193)
2021-03-10 19:06:15,690 ERROR [http-nio-8080-exec-4] c.a.c.c.a.ExceptionAdvice [ExceptionAdvice.java:32] org.apache.catalina.core.ApplicationFilterChain.doFilter(ApplicationFilterChain.java:166)
2021-03-10 19:06:15,690 ERROR [http-nio-8080-exec-4] c.a.c.c.a.ExceptionAdvice [ExceptionAdvice.java:32] org.springframework.web.filter.CharacterEncodingFilter.doFilterInternal(CharacterEncodingFilter.java:201)
2021-03-10 19:06:15,690 ERROR [http-nio-8080-exec-4] c.a.c.c.a.ExceptionAdvice [ExceptionAdvice.java:32] org.springframework.web.filter.OncePerRequestFilter.doFilter(OncePerRequestFilter.java:119)
2021-03-10 19:06:15,690 ERROR [http-nio-8080-exec-4] c.a.c.c.a.ExceptionAdvice [ExceptionAdvice.java:32] org.apache.catalina.core.ApplicationFilterChain.internalDoFilter(ApplicationFilterChain.java:193)
2021-03-10 19:06:15,691 ERROR [http-nio-8080-exec-4] c.a.c.c.a.ExceptionAdvice [ExceptionAdvice.java:32] org.apache.catalina.core.ApplicationFilterChain.doFilter(ApplicationFilterChain.java:166)
2021-03-10 19:06:15,691 ERROR [http-nio-8080-exec-4] c.a.c.c.a.ExceptionAdvice [ExceptionAdvice.java:32] org.apache.catalina.core.StandardWrapperValve.invoke(StandardWrapperValve.java:202)
2021-03-10 19:06:15,691 ERROR [http-nio-8080-exec-4] c.a.c.c.a.ExceptionAdvice [ExceptionAdvice.java:32] org.apache.catalina.core.StandardContextValve.invoke(StandardContextValve.java:97)
2021-03-10 19:06:15,691 ERROR [http-nio-8080-exec-4] c.a.c.c.a.ExceptionAdvice [ExceptionAdvice.java:32] org.apache.catalina.authenticator.AuthenticatorBase.invoke(AuthenticatorBase.java:542)
2021-03-10 19:06:15,691 ERROR [http-nio-8080-exec-4] c.a.c.c.a.ExceptionAdvice [ExceptionAdvice.java:32] org.apache.catalina.core.StandardHostValve.invoke(StandardHostValve.java:143)
2021-03-10 19:06:15,691 ERROR [http-nio-8080-exec-4] c.a.c.c.a.ExceptionAdvice [ExceptionAdvice.java:32] org.apache.catalina.valves.ErrorReportValve.invoke(ErrorReportValve.java:92)
2021-03-10 19:06:15,691 ERROR [http-nio-8080-exec-4] c.a.c.c.a.ExceptionAdvice [ExceptionAdvice.java:32] org.apache.catalina.core.StandardEngineValve.invoke(StandardEngineValve.java:78)
2021-03-10 19:06:15,691 ERROR [http-nio-8080-exec-4] c.a.c.c.a.ExceptionAdvice [ExceptionAdvice.java:32] org.apache.catalina.connector.CoyoteAdapter.service(CoyoteAdapter.java:343)
2021-03-10 19:06:15,691 ERROR [http-nio-8080-exec-4] c.a.c.c.a.ExceptionAdvice [ExceptionAdvice.java:32] org.apache.coyote.http11.Http11Processor.service(Http11Processor.java:374)
2021-03-10 19:06:15,691 ERROR [http-nio-8080-exec-4] c.a.c.c.a.ExceptionAdvice [ExceptionAdvice.java:32] org.apache.coyote.AbstractProcessorLight.process(AbstractProcessorLight.java:65)
2021-03-10 19:06:15,691 ERROR [http-nio-8080-exec-4] c.a.c.c.a.ExceptionAdvice [ExceptionAdvice.java:32] org.apache.coyote.AbstractProtocol$ConnectionHandler.process(AbstractProtocol.java:868)
2021-03-10 19:06:15,692 ERROR [http-nio-8080-exec-4] c.a.c.c.a.ExceptionAdvice [ExceptionAdvice.java:32] org.apache.tomcat.util.net.NioEndpoint$SocketProcessor.doRun(NioEndpoint.java:1590)
2021-03-10 19:06:15,692 ERROR [http-nio-8080-exec-4] c.a.c.c.a.ExceptionAdvice [ExceptionAdvice.java:32] org.apache.tomcat.util.net.SocketProcessorBase.run(SocketProcessorBase.java:49)
2021-03-10 19:06:15,692 ERROR [http-nio-8080-exec-4] c.a.c.c.a.ExceptionAdvice [ExceptionAdvice.java:32] java.base/java.util.concurrent.ThreadPoolExecutor.runWorker(ThreadPoolExecutor.java:1130)
2021-03-10 19:06:15,692 ERROR [http-nio-8080-exec-4] c.a.c.c.a.ExceptionAdvice [ExceptionAdvice.java:32] java.base/java.util.concurrent.ThreadPoolExecutor$Worker.run(ThreadPoolExecutor.java:630)
2021-03-10 19:06:15,692 ERROR [http-nio-8080-exec-4] c.a.c.c.a.ExceptionAdvice [ExceptionAdvice.java:32] org.apache.tomcat.util.threads.TaskThread$WrappingRunnable.run(TaskThread.java:61)
2021-03-10 19:06:15,692 ERROR [http-nio-8080-exec-4] c.a.c.c.a.ExceptionAdvice [ExceptionAdvice.java:32] java.base/java.lang.Thread.run(Thread.java:832)
