2021-02-21 18:57:00,235 INFO [Thread-18] o.s.s.c.ThreadPoolTaskExecutor [ExecutorConfigurationSupport.java:218] Shutting down ExecutorService 'applicationTaskExecutor'
2021-02-21 18:57:00,456 INFO [restartedMain] c.a.c.CommunityApplication [StartupInfoLogger.java:55] Starting CommunityApplication on fafadeMacBook-Pro.local with PID 30067 (/Users/fafacarbon/Downloads/DemoAll/community/target/classes started by fafacarbon in /Users/fafacarbon/Downloads/DemoAll/community)
2021-02-21 18:57:00,456 INFO [restartedMain] c.a.c.CommunityApplication [SpringApplication.java:651] No active profile set, falling back to default profiles: default
2021-02-21 18:57:01,825 INFO [restartedMain] o.s.b.w.e.t.TomcatWebServer [TomcatWebServer.java:108] Tomcat initialized with port(s): 8080 (http)
2021-02-21 18:57:01,828 INFO [restartedMain] o.a.c.h.Http11NioProtocol [DirectJDKLog.java:173] Initializing ProtocolHandler ["http-nio-8080"]
2021-02-21 18:57:01,829 INFO [restartedMain] o.a.c.c.StandardService [DirectJDKLog.java:173] Starting service [Tomcat]
2021-02-21 18:57:01,831 INFO [restartedMain] o.a.c.c.StandardEngine [DirectJDKLog.java:173] Starting Servlet engine: [Apache Tomcat/9.0.39]
2021-02-21 18:57:01,886 INFO [restartedMain] o.a.c.c.C.[.[.[/community] [DirectJDKLog.java:173] Initializing Spring embedded WebApplicationContext
2021-02-21 18:57:01,886 INFO [restartedMain] o.s.b.w.s.c.ServletWebServerApplicationContext [ServletWebServerApplicationContext.java:285] Root WebApplicationContext: initialization completed in 1425 ms
2021-02-21 18:57:02,717 INFO [restartedMain] o.s.b.a.s.s.UserDetailsServiceAutoConfiguration [UserDetailsServiceAutoConfiguration.java:86] 

Using generated security password: 1723a8c3-dfb1-4941-83cb-2016bcd2fbe5

2021-02-21 18:57:02,731 INFO [restartedMain] o.s.s.w.DefaultSecurityFilterChain [DefaultSecurityFilterChain.java:43] Creating filter chain: any request, [org.springframework.security.web.context.request.async.WebAsyncManagerIntegrationFilter@712972b0, org.springframework.security.web.context.SecurityContextPersistenceFilter@7d2b32f0, org.springframework.security.web.header.HeaderWriterFilter@5299c0e1, org.springframework.security.web.authentication.logout.LogoutFilter@5f46a86a, org.springframework.security.web.savedrequest.RequestCacheAwareFilter@12c654c3, org.springframework.security.web.servletapi.SecurityContextHolderAwareRequestFilter@ec410b2, org.springframework.security.web.authentication.AnonymousAuthenticationFilter@5e69bd0f, org.springframework.security.web.session.SessionManagementFilter@3e0d704e, org.springframework.security.web.access.ExceptionTranslationFilter@2319936d]
2021-02-21 18:57:02,918 INFO [restartedMain] o.s.s.c.ThreadPoolTaskExecutor [ExecutorConfigurationSupport.java:181] Initializing ExecutorService 'applicationTaskExecutor'
2021-02-21 18:57:03,043 INFO [restartedMain] o.s.b.a.w.s.WelcomePageHandlerMapping [WelcomePageHandlerMapping.java:58] Adding welcome page template: index
2021-02-21 18:57:03,357 INFO [restartedMain] o.s.b.d.a.OptionalLiveReloadServer [OptionalLiveReloadServer.java:58] LiveReload server is running on port 35729
2021-02-21 18:57:03,427 INFO [restartedMain] o.a.c.h.Http11NioProtocol [DirectJDKLog.java:173] Starting ProtocolHandler ["http-nio-8080"]
2021-02-21 18:57:03,436 INFO [restartedMain] o.s.b.w.e.t.TomcatWebServer [TomcatWebServer.java:220] Tomcat started on port(s): 8080 (http) with context path '/community'
2021-02-21 18:57:03,443 INFO [restartedMain] c.a.c.CommunityApplication [StartupInfoLogger.java:61] Started CommunityApplication in 3.034 seconds (JVM running for 53708.045)
2021-02-21 18:57:03,445 INFO [restartedMain] o.s.b.d.a.ConditionEvaluationDeltaLoggingListener [ConditionEvaluationDeltaLoggingListener.java:63] Condition evaluation unchanged
2021-02-21 18:57:05,677 INFO [main] c.a.c.MapperTests [StartupInfoLogger.java:55] Starting MapperTests on fafadeMacBook-Pro.local with PID 33964 (started by fafacarbon in /Users/fafacarbon/Downloads/DemoAll/community)
2021-02-21 18:57:05,682 INFO [main] c.a.c.MapperTests [SpringApplication.java:651] No active profile set, falling back to default profiles: default
2021-02-21 18:57:06,814 INFO [SpringContextShutdownHook] o.s.s.c.ThreadPoolTaskExecutor [ExecutorConfigurationSupport.java:218] Shutting down ExecutorService 'applicationTaskExecutor'
2021-02-21 18:57:10,905 INFO [restartedMain] c.a.c.CommunityApplication [StartupInfoLogger.java:55] Starting CommunityApplication on fafadeMacBook-Pro.local with PID 33968 (/Users/fafacarbon/Downloads/DemoAll/community/target/classes started by fafacarbon in /Users/fafacarbon/Downloads/DemoAll/community)
2021-02-21 18:57:11,008 INFO [restartedMain] c.a.c.CommunityApplication [SpringApplication.java:651] No active profile set, falling back to default profiles: default
2021-02-21 18:57:11,109 INFO [restartedMain] o.s.b.d.e.DevToolsPropertyDefaultsPostProcessor [DeferredLog.java:225] Devtools property defaults active! Set 'spring.devtools.add-properties' to 'false' to disable
2021-02-21 18:57:11,109 INFO [restartedMain] o.s.b.d.e.DevToolsPropertyDefaultsPostProcessor [DeferredLog.java:225] For additional web related logging consider setting the 'logging.level.web' property to 'DEBUG'
2021-02-21 18:57:13,236 INFO [main] o.s.b.a.s.s.UserDetailsServiceAutoConfiguration [UserDetailsServiceAutoConfiguration.java:86] 

Using generated security password: 60536e5f-c036-4a9e-8078-a0138c30c5f4

2021-02-21 18:57:13,651 INFO [main] o.s.s.w.DefaultSecurityFilterChain [DefaultSecurityFilterChain.java:43] Creating filter chain: any request, [org.springframework.security.web.context.request.async.WebAsyncManagerIntegrationFilter@49e2b3c5, org.springframework.security.web.context.SecurityContextPersistenceFilter@79d3473e, org.springframework.security.web.header.HeaderWriterFilter@f0a66bd, org.springframework.security.web.authentication.logout.LogoutFilter@7e7e962d, org.springframework.security.web.savedrequest.RequestCacheAwareFilter@164642a4, org.springframework.security.web.servletapi.SecurityContextHolderAwareRequestFilter@27e2287c, org.springframework.security.web.authentication.AnonymousAuthenticationFilter@56846330, org.springframework.security.web.session.SessionManagementFilter@2753316c, org.springframework.security.web.access.ExceptionTranslationFilter@250b5e5b]
2021-02-21 18:57:15,613 INFO [restartedMain] o.s.b.w.e.t.TomcatWebServer [TomcatWebServer.java:108] Tomcat initialized with port(s): 8080 (http)
2021-02-21 18:57:15,628 INFO [restartedMain] o.a.c.h.Http11NioProtocol [DirectJDKLog.java:173] Initializing ProtocolHandler ["http-nio-8080"]
2021-02-21 18:57:15,629 INFO [restartedMain] o.a.c.c.StandardService [DirectJDKLog.java:173] Starting service [Tomcat]
2021-02-21 18:57:15,629 INFO [restartedMain] o.a.c.c.StandardEngine [DirectJDKLog.java:173] Starting Servlet engine: [Apache Tomcat/9.0.39]
2021-02-21 18:57:15,673 INFO [main] o.s.s.c.ThreadPoolTaskExecutor [ExecutorConfigurationSupport.java:181] Initializing ExecutorService 'applicationTaskExecutor'
2021-02-21 18:57:15,859 INFO [restartedMain] o.a.c.c.C.[.[.[/community] [DirectJDKLog.java:173] Initializing Spring embedded WebApplicationContext
2021-02-21 18:57:15,860 INFO [restartedMain] o.s.b.w.s.c.ServletWebServerApplicationContext [ServletWebServerApplicationContext.java:285] Root WebApplicationContext: initialization completed in 4750 ms
2021-02-21 18:57:16,148 INFO [main] o.s.b.a.w.s.WelcomePageHandlerMapping [WelcomePageHandlerMapping.java:58] Adding welcome page template: index
2021-02-21 18:57:17,260 INFO [main] c.a.c.MapperTests [StartupInfoLogger.java:61] Started MapperTests in 13.429 seconds (JVM running for 17.155)
2021-02-21 18:57:17,583 INFO [restartedMain] o.s.b.a.s.s.UserDetailsServiceAutoConfiguration [UserDetailsServiceAutoConfiguration.java:86] 

Using generated security password: 2c0807a4-91d7-4075-a015-56456d1045ff

2021-02-21 18:57:17,675 INFO [restartedMain] o.s.s.w.DefaultSecurityFilterChain [DefaultSecurityFilterChain.java:43] Creating filter chain: any request, [org.springframework.security.web.context.request.async.WebAsyncManagerIntegrationFilter@749fd1a3, org.springframework.security.web.context.SecurityContextPersistenceFilter@50a24600, org.springframework.security.web.header.HeaderWriterFilter@24a352a7, org.springframework.security.web.authentication.logout.LogoutFilter@72ed41de, org.springframework.security.web.savedrequest.RequestCacheAwareFilter@197a2a14, org.springframework.security.web.servletapi.SecurityContextHolderAwareRequestFilter@6f40319c, org.springframework.security.web.authentication.AnonymousAuthenticationFilter@15ab938, org.springframework.security.web.session.SessionManagementFilter@75f6166c, org.springframework.security.web.access.ExceptionTranslationFilter@6167bd]
2021-02-21 18:57:17,879 INFO [restartedMain] o.s.s.c.ThreadPoolTaskExecutor [ExecutorConfigurationSupport.java:181] Initializing ExecutorService 'applicationTaskExecutor'
2021-02-21 18:57:18,010 INFO [restartedMain] o.s.b.a.w.s.WelcomePageHandlerMapping [WelcomePageHandlerMapping.java:58] Adding welcome page template: index
2021-02-21 18:57:18,153 INFO [restartedMain] o.s.b.d.a.OptionalLiveReloadServer [OptionalLiveReloadServer.java:58] LiveReload server is running on port 35729
2021-02-21 18:57:18,176 INFO [restartedMain] o.a.c.h.Http11NioProtocol [DirectJDKLog.java:173] Starting ProtocolHandler ["http-nio-8080"]
2021-02-21 18:57:18,224 INFO [restartedMain] o.s.b.w.e.t.TomcatWebServer [TomcatWebServer.java:220] Tomcat started on port(s): 8080 (http) with context path '/community'
2021-02-21 18:57:18,243 INFO [restartedMain] c.a.c.CommunityApplication [StartupInfoLogger.java:61] Started CommunityApplication in 8.654 seconds (JVM running for 10.226)
2021-02-21 18:57:18,358 INFO [main] c.z.h.HikariDataSource [HikariDataSource.java:110] HikariPool-1 - Starting...
2021-02-21 18:57:18,740 INFO [main] c.z.h.HikariDataSource [HikariDataSource.java:123] HikariPool-1 - Start completed.
2021-02-21 18:57:18,880 INFO [SpringContextShutdownHook] o.s.s.c.ThreadPoolTaskExecutor [ExecutorConfigurationSupport.java:218] Shutting down ExecutorService 'applicationTaskExecutor'
2021-02-21 18:57:18,885 INFO [SpringContextShutdownHook] c.z.h.HikariDataSource [HikariDataSource.java:350] HikariPool-1 - Shutdown initiated...
2021-02-21 18:57:18,899 INFO [SpringContextShutdownHook] c.z.h.HikariDataSource [HikariDataSource.java:352] HikariPool-1 - Shutdown completed.
2021-02-21 18:57:22,571 INFO [http-nio-8080-exec-1] o.a.c.c.C.[.[.[/community] [DirectJDKLog.java:173] Initializing Spring DispatcherServlet 'dispatcherServlet'
2021-02-21 18:57:22,571 INFO [http-nio-8080-exec-1] o.s.w.s.DispatcherServlet [FrameworkServlet.java:525] Initializing Servlet 'dispatcherServlet'
2021-02-21 18:57:22,580 INFO [http-nio-8080-exec-1] o.s.w.s.DispatcherServlet [FrameworkServlet.java:547] Completed initialization in 8 ms
2021-02-21 18:57:22,628 INFO [http-nio-8080-exec-1] c.z.h.HikariDataSource [HikariDataSource.java:110] HikariPool-1 - Starting...
2021-02-21 18:57:22,723 INFO [http-nio-8080-exec-1] c.z.h.HikariDataSource [HikariDataSource.java:123] HikariPool-1 - Start completed.
2021-02-21 18:59:33,965 INFO [SpringContextShutdownHook] o.s.s.c.ThreadPoolTaskExecutor [ExecutorConfigurationSupport.java:218] Shutting down ExecutorService 'applicationTaskExecutor'
2021-02-21 18:59:33,966 INFO [SpringContextShutdownHook] c.z.h.HikariDataSource [HikariDataSource.java:350] HikariPool-1 - Shutdown initiated...
2021-02-21 18:59:33,968 INFO [SpringContextShutdownHook] c.z.h.HikariDataSource [HikariDataSource.java:352] HikariPool-1 - Shutdown completed.
2021-02-21 18:59:39,512 INFO [restartedMain] c.a.c.CommunityApplication [StartupInfoLogger.java:55] Starting CommunityApplication on fafadeMacBook-Pro.local with PID 33999 (/Users/fafacarbon/Downloads/DemoAll/community/target/classes started by fafacarbon in /Users/fafacarbon/Downloads/DemoAll/community)
2021-02-21 18:59:39,522 INFO [restartedMain] c.a.c.CommunityApplication [SpringApplication.java:651] No active profile set, falling back to default profiles: default
2021-02-21 18:59:39,645 INFO [restartedMain] o.s.b.d.e.DevToolsPropertyDefaultsPostProcessor [DeferredLog.java:225] Devtools property defaults active! Set 'spring.devtools.add-properties' to 'false' to disable
2021-02-21 18:59:39,645 INFO [restartedMain] o.s.b.d.e.DevToolsPropertyDefaultsPostProcessor [DeferredLog.java:225] For additional web related logging consider setting the 'logging.level.web' property to 'DEBUG'
2021-02-21 18:59:41,166 INFO [restartedMain] o.s.b.w.e.t.TomcatWebServer [TomcatWebServer.java:108] Tomcat initialized with port(s): 8080 (http)
2021-02-21 18:59:41,175 INFO [restartedMain] o.a.c.h.Http11NioProtocol [DirectJDKLog.java:173] Initializing ProtocolHandler ["http-nio-8080"]
2021-02-21 18:59:41,176 INFO [restartedMain] o.a.c.c.StandardService [DirectJDKLog.java:173] Starting service [Tomcat]
2021-02-21 18:59:41,176 INFO [restartedMain] o.a.c.c.StandardEngine [DirectJDKLog.java:173] Starting Servlet engine: [Apache Tomcat/9.0.39]
2021-02-21 18:59:41,246 INFO [restartedMain] o.a.c.c.C.[.[.[/community] [DirectJDKLog.java:173] Initializing Spring embedded WebApplicationContext
2021-02-21 18:59:41,246 INFO [restartedMain] o.s.b.w.s.c.ServletWebServerApplicationContext [ServletWebServerApplicationContext.java:285] Root WebApplicationContext: initialization completed in 1600 ms
2021-02-21 18:59:41,819 INFO [restartedMain] o.s.b.a.s.s.UserDetailsServiceAutoConfiguration [UserDetailsServiceAutoConfiguration.java:86] 

Using generated security password: 2259f95e-dd81-4ed9-ae7e-074ebaa70b44

2021-02-21 18:59:41,867 INFO [restartedMain] o.s.s.w.DefaultSecurityFilterChain [DefaultSecurityFilterChain.java:43] Creating filter chain: any request, [org.springframework.security.web.context.request.async.WebAsyncManagerIntegrationFilter@582311c9, org.springframework.security.web.context.SecurityContextPersistenceFilter@3c3a8b3c, org.springframework.security.web.header.HeaderWriterFilter@2d00cd2a, org.springframework.security.web.authentication.logout.LogoutFilter@27f3cfe, org.springframework.security.web.savedrequest.RequestCacheAwareFilter@5f8680c5, org.springframework.security.web.servletapi.SecurityContextHolderAwareRequestFilter@5d1bf993, org.springframework.security.web.authentication.AnonymousAuthenticationFilter@532c3afe, org.springframework.security.web.session.SessionManagementFilter@56ae15af, org.springframework.security.web.access.ExceptionTranslationFilter@625f7678]
2021-02-21 18:59:41,972 INFO [restartedMain] o.s.s.c.ThreadPoolTaskExecutor [ExecutorConfigurationSupport.java:181] Initializing ExecutorService 'applicationTaskExecutor'
2021-02-21 18:59:42,042 INFO [restartedMain] o.s.b.a.w.s.WelcomePageHandlerMapping [WelcomePageHandlerMapping.java:58] Adding welcome page template: index
2021-02-21 18:59:42,198 INFO [restartedMain] o.s.b.d.a.OptionalLiveReloadServer [OptionalLiveReloadServer.java:58] LiveReload server is running on port 35729
2021-02-21 18:59:42,216 INFO [restartedMain] o.a.c.h.Http11NioProtocol [DirectJDKLog.java:173] Starting ProtocolHandler ["http-nio-8080"]
2021-02-21 18:59:42,240 INFO [restartedMain] o.s.b.w.e.t.TomcatWebServer [TomcatWebServer.java:220] Tomcat started on port(s): 8080 (http) with context path '/community'
2021-02-21 18:59:42,259 INFO [restartedMain] c.a.c.CommunityApplication [StartupInfoLogger.java:61] Started CommunityApplication in 3.565 seconds (JVM running for 5.758)
2021-02-21 18:59:44,975 INFO [http-nio-8080-exec-1] o.a.c.c.C.[.[.[/community] [DirectJDKLog.java:173] Initializing Spring DispatcherServlet 'dispatcherServlet'
2021-02-21 18:59:44,976 INFO [http-nio-8080-exec-1] o.s.w.s.DispatcherServlet [FrameworkServlet.java:525] Initializing Servlet 'dispatcherServlet'
2021-02-21 18:59:44,983 INFO [http-nio-8080-exec-1] o.s.w.s.DispatcherServlet [FrameworkServlet.java:547] Completed initialization in 6 ms
2021-02-21 18:59:45,026 INFO [http-nio-8080-exec-1] c.z.h.HikariDataSource [HikariDataSource.java:110] HikariPool-1 - Starting...
2021-02-21 18:59:45,164 INFO [http-nio-8080-exec-1] c.z.h.HikariDataSource [HikariDataSource.java:123] HikariPool-1 - Start completed.
2021-02-21 19:06:07,315 INFO [SpringContextShutdownHook] o.s.s.c.ThreadPoolTaskExecutor [ExecutorConfigurationSupport.java:218] Shutting down ExecutorService 'applicationTaskExecutor'
2021-02-21 19:06:07,316 INFO [SpringContextShutdownHook] c.z.h.HikariDataSource [HikariDataSource.java:350] HikariPool-1 - Shutdown initiated...
2021-02-21 19:06:07,319 INFO [SpringContextShutdownHook] c.z.h.HikariDataSource [HikariDataSource.java:352] HikariPool-1 - Shutdown completed.
2021-02-21 19:06:11,018 INFO [restartedMain] c.a.c.CommunityApplication [StartupInfoLogger.java:55] Starting CommunityApplication on fafadeMacBook-Pro.local with PID 34045 (/Users/fafacarbon/Downloads/DemoAll/community/target/classes started by fafacarbon in /Users/fafacarbon/Downloads/DemoAll/community)
2021-02-21 19:06:11,022 INFO [restartedMain] c.a.c.CommunityApplication [SpringApplication.java:651] No active profile set, falling back to default profiles: default
2021-02-21 19:06:11,191 INFO [restartedMain] o.s.b.d.e.DevToolsPropertyDefaultsPostProcessor [DeferredLog.java:225] Devtools property defaults active! Set 'spring.devtools.add-properties' to 'false' to disable
2021-02-21 19:06:11,194 INFO [restartedMain] o.s.b.d.e.DevToolsPropertyDefaultsPostProcessor [DeferredLog.java:225] For additional web related logging consider setting the 'logging.level.web' property to 'DEBUG'
2021-02-21 19:06:12,934 INFO [restartedMain] o.s.b.w.e.t.TomcatWebServer [TomcatWebServer.java:108] Tomcat initialized with port(s): 8080 (http)
2021-02-21 19:06:12,944 INFO [restartedMain] o.a.c.h.Http11NioProtocol [DirectJDKLog.java:173] Initializing ProtocolHandler ["http-nio-8080"]
2021-02-21 19:06:12,945 INFO [restartedMain] o.a.c.c.StandardService [DirectJDKLog.java:173] Starting service [Tomcat]
2021-02-21 19:06:12,946 INFO [restartedMain] o.a.c.c.StandardEngine [DirectJDKLog.java:173] Starting Servlet engine: [Apache Tomcat/9.0.39]
2021-02-21 19:06:13,020 INFO [restartedMain] o.a.c.c.C.[.[.[/community] [DirectJDKLog.java:173] Initializing Spring embedded WebApplicationContext
2021-02-21 19:06:13,021 INFO [restartedMain] o.s.b.w.s.c.ServletWebServerApplicationContext [ServletWebServerApplicationContext.java:285] Root WebApplicationContext: initialization completed in 1826 ms
2021-02-21 19:06:13,527 INFO [restartedMain] o.s.b.a.s.s.UserDetailsServiceAutoConfiguration [UserDetailsServiceAutoConfiguration.java:86] 

Using generated security password: d03e066e-401a-4783-a592-6329928e2e62

2021-02-21 19:06:13,573 INFO [restartedMain] o.s.s.w.DefaultSecurityFilterChain [DefaultSecurityFilterChain.java:43] Creating filter chain: any request, [org.springframework.security.web.context.request.async.WebAsyncManagerIntegrationFilter@68bcadc2, org.springframework.security.web.context.SecurityContextPersistenceFilter@61d1db7d, org.springframework.security.web.header.HeaderWriterFilter@13729ca0, org.springframework.security.web.authentication.logout.LogoutFilter@1b77acdb, org.springframework.security.web.savedrequest.RequestCacheAwareFilter@578e9f6, org.springframework.security.web.servletapi.SecurityContextHolderAwareRequestFilter@f2e7283, org.springframework.security.web.authentication.AnonymousAuthenticationFilter@41f62025, org.springframework.security.web.session.SessionManagementFilter@6867f47c, org.springframework.security.web.access.ExceptionTranslationFilter@103b638b]
2021-02-21 19:06:13,656 INFO [restartedMain] o.s.s.c.ThreadPoolTaskExecutor [ExecutorConfigurationSupport.java:181] Initializing ExecutorService 'applicationTaskExecutor'
2021-02-21 19:06:13,749 INFO [restartedMain] o.s.b.a.w.s.WelcomePageHandlerMapping [WelcomePageHandlerMapping.java:58] Adding welcome page template: index
2021-02-21 19:06:13,862 INFO [restartedMain] o.s.b.d.a.OptionalLiveReloadServer [OptionalLiveReloadServer.java:58] LiveReload server is running on port 35729
2021-02-21 19:06:13,893 INFO [restartedMain] o.a.c.h.Http11NioProtocol [DirectJDKLog.java:173] Starting ProtocolHandler ["http-nio-8080"]
2021-02-21 19:06:13,924 INFO [restartedMain] o.s.b.w.e.t.TomcatWebServer [TomcatWebServer.java:220] Tomcat started on port(s): 8080 (http) with context path '/community'
2021-02-21 19:06:13,942 INFO [restartedMain] c.a.c.CommunityApplication [StartupInfoLogger.java:61] Started CommunityApplication in 3.353 seconds (JVM running for 4.56)
2021-02-21 19:06:21,446 INFO [http-nio-8080-exec-1] o.a.c.c.C.[.[.[/community] [DirectJDKLog.java:173] Initializing Spring DispatcherServlet 'dispatcherServlet'
2021-02-21 19:06:21,447 INFO [http-nio-8080-exec-1] o.s.w.s.DispatcherServlet [FrameworkServlet.java:525] Initializing Servlet 'dispatcherServlet'
2021-02-21 19:06:21,452 INFO [http-nio-8080-exec-1] o.s.w.s.DispatcherServlet [FrameworkServlet.java:547] Completed initialization in 5 ms
2021-02-21 19:06:21,496 INFO [http-nio-8080-exec-1] c.z.h.HikariDataSource [HikariDataSource.java:110] HikariPool-1 - Starting...
2021-02-21 19:06:21,628 INFO [http-nio-8080-exec-1] c.z.h.HikariDataSource [HikariDataSource.java:123] HikariPool-1 - Start completed.
2021-02-21 19:06:28,641 INFO [SpringContextShutdownHook] o.s.s.c.ThreadPoolTaskExecutor [ExecutorConfigurationSupport.java:218] Shutting down ExecutorService 'applicationTaskExecutor'
2021-02-21 19:06:28,643 INFO [SpringContextShutdownHook] c.z.h.HikariDataSource [HikariDataSource.java:350] HikariPool-1 - Shutdown initiated...
2021-02-21 19:06:28,649 INFO [SpringContextShutdownHook] c.z.h.HikariDataSource [HikariDataSource.java:352] HikariPool-1 - Shutdown completed.
2021-02-21 19:06:32,704 INFO [restartedMain] c.a.c.CommunityApplication [StartupInfoLogger.java:55] Starting CommunityApplication on fafadeMacBook-Pro.local with PID 34049 (/Users/fafacarbon/Downloads/DemoAll/community/target/classes started by fafacarbon in /Users/fafacarbon/Downloads/DemoAll/community)
2021-02-21 19:06:32,713 INFO [restartedMain] c.a.c.CommunityApplication [SpringApplication.java:651] No active profile set, falling back to default profiles: default
2021-02-21 19:06:32,840 INFO [restartedMain] o.s.b.d.e.DevToolsPropertyDefaultsPostProcessor [DeferredLog.java:225] Devtools property defaults active! Set 'spring.devtools.add-properties' to 'false' to disable
2021-02-21 19:06:32,841 INFO [restartedMain] o.s.b.d.e.DevToolsPropertyDefaultsPostProcessor [DeferredLog.java:225] For additional web related logging consider setting the 'logging.level.web' property to 'DEBUG'
2021-02-21 19:06:34,177 INFO [restartedMain] o.s.b.w.e.t.TomcatWebServer [TomcatWebServer.java:108] Tomcat initialized with port(s): 8080 (http)
2021-02-21 19:06:34,184 INFO [restartedMain] o.a.c.h.Http11NioProtocol [DirectJDKLog.java:173] Initializing ProtocolHandler ["http-nio-8080"]
2021-02-21 19:06:34,184 INFO [restartedMain] o.a.c.c.StandardService [DirectJDKLog.java:173] Starting service [Tomcat]
2021-02-21 19:06:34,185 INFO [restartedMain] o.a.c.c.StandardEngine [DirectJDKLog.java:173] Starting Servlet engine: [Apache Tomcat/9.0.39]
2021-02-21 19:06:34,247 INFO [restartedMain] o.a.c.c.C.[.[.[/community] [DirectJDKLog.java:173] Initializing Spring embedded WebApplicationContext
2021-02-21 19:06:34,248 INFO [restartedMain] o.s.b.w.s.c.ServletWebServerApplicationContext [ServletWebServerApplicationContext.java:285] Root WebApplicationContext: initialization completed in 1407 ms
2021-02-21 19:06:34,710 INFO [restartedMain] o.s.b.a.s.s.UserDetailsServiceAutoConfiguration [UserDetailsServiceAutoConfiguration.java:86] 

Using generated security password: 6301694f-8fc2-478f-8268-521796e381c5

2021-02-21 19:06:34,758 INFO [restartedMain] o.s.s.w.DefaultSecurityFilterChain [DefaultSecurityFilterChain.java:43] Creating filter chain: any request, [org.springframework.security.web.context.request.async.WebAsyncManagerIntegrationFilter@55eabcad, org.springframework.security.web.context.SecurityContextPersistenceFilter@adc6a11, org.springframework.security.web.header.HeaderWriterFilter@5b713d64, org.springframework.security.web.authentication.logout.LogoutFilter@32a27be5, org.springframework.security.web.savedrequest.RequestCacheAwareFilter@6c284db2, org.springframework.security.web.servletapi.SecurityContextHolderAwareRequestFilter@18dbdc26, org.springframework.security.web.authentication.AnonymousAuthenticationFilter@5c995682, org.springframework.security.web.session.SessionManagementFilter@4042e068, org.springframework.security.web.access.ExceptionTranslationFilter@6a6a01c9]
2021-02-21 19:06:34,850 INFO [restartedMain] o.s.s.c.ThreadPoolTaskExecutor [ExecutorConfigurationSupport.java:181] Initializing ExecutorService 'applicationTaskExecutor'
2021-02-21 19:06:34,915 INFO [restartedMain] o.s.b.a.w.s.WelcomePageHandlerMapping [WelcomePageHandlerMapping.java:58] Adding welcome page template: index
2021-02-21 19:06:35,005 INFO [restartedMain] o.s.b.d.a.OptionalLiveReloadServer [OptionalLiveReloadServer.java:58] LiveReload server is running on port 35729
2021-02-21 19:06:35,019 INFO [restartedMain] o.a.c.h.Http11NioProtocol [DirectJDKLog.java:173] Starting ProtocolHandler ["http-nio-8080"]
2021-02-21 19:06:35,041 INFO [restartedMain] o.s.b.w.e.t.TomcatWebServer [TomcatWebServer.java:220] Tomcat started on port(s): 8080 (http) with context path '/community'
2021-02-21 19:06:35,052 INFO [restartedMain] c.a.c.CommunityApplication [StartupInfoLogger.java:61] Started CommunityApplication in 2.99 seconds (JVM running for 4.377)
2021-02-21 19:06:39,044 INFO [http-nio-8080-exec-1] o.a.c.c.C.[.[.[/community] [DirectJDKLog.java:173] Initializing Spring DispatcherServlet 'dispatcherServlet'
2021-02-21 19:06:39,045 INFO [http-nio-8080-exec-1] o.s.w.s.DispatcherServlet [FrameworkServlet.java:525] Initializing Servlet 'dispatcherServlet'
2021-02-21 19:06:39,049 INFO [http-nio-8080-exec-1] o.s.w.s.DispatcherServlet [FrameworkServlet.java:547] Completed initialization in 4 ms
2021-02-21 19:06:39,102 INFO [http-nio-8080-exec-1] c.z.h.HikariDataSource [HikariDataSource.java:110] HikariPool-1 - Starting...
2021-02-21 19:06:39,237 INFO [http-nio-8080-exec-1] c.z.h.HikariDataSource [HikariDataSource.java:123] HikariPool-1 - Start completed.
