2021-02-08 14:35:58,137 INFO [restartedMain] c.a.c.CommunityApplication [StartupInfoLogger.java:55] Starting CommunityApplication on fafadeMacBook-Pro.local with PID 8873 (/Users/fafacarbon/Downloads/DemoAll/community/target/classes started by fafacarbon in /Users/fafacarbon/Downloads/DemoAll/community)
2021-02-08 14:35:58,140 INFO [restartedMain] c.a.c.CommunityApplication [SpringApplication.java:651] No active profile set, falling back to default profiles: default
2021-02-08 14:35:58,204 INFO [restartedMain] o.s.b.d.e.DevToolsPropertyDefaultsPostProcessor [DeferredLog.java:225] Devtools property defaults active! Set 'spring.devtools.add-properties' to 'false' to disable
2021-02-08 14:35:58,205 INFO [restartedMain] o.s.b.d.e.DevToolsPropertyDefaultsPostProcessor [DeferredLog.java:225] For additional web related logging consider setting the 'logging.level.web' property to 'DEBUG'
2021-02-08 14:35:59,581 INFO [restartedMain] o.s.b.w.e.t.TomcatWebServer [TomcatWebServer.java:108] Tomcat initialized with port(s): 8080 (http)
2021-02-08 14:35:59,588 INFO [restartedMain] o.a.c.h.Http11NioProtocol [DirectJDKLog.java:173] Initializing ProtocolHandler ["http-nio-8080"]
2021-02-08 14:35:59,589 INFO [restartedMain] o.a.c.c.StandardService [DirectJDKLog.java:173] Starting service [Tomcat]
2021-02-08 14:35:59,589 INFO [restartedMain] o.a.c.c.StandardEngine [DirectJDKLog.java:173] Starting Servlet engine: [Apache Tomcat/9.0.39]
2021-02-08 14:35:59,649 INFO [restartedMain] o.a.c.c.C.[.[.[/community] [DirectJDKLog.java:173] Initializing Spring embedded WebApplicationContext
2021-02-08 14:35:59,650 INFO [restartedMain] o.s.b.w.s.c.ServletWebServerApplicationContext [ServletWebServerApplicationContext.java:285] Root WebApplicationContext: initialization completed in 1444 ms
2021-02-08 14:36:00,149 INFO [restartedMain] o.s.b.a.s.s.UserDetailsServiceAutoConfiguration [UserDetailsServiceAutoConfiguration.java:86] 

Using generated security password: c260f779-11b7-4809-846f-178acc822565

2021-02-08 14:36:00,213 INFO [restartedMain] o.s.s.w.DefaultSecurityFilterChain [DefaultSecurityFilterChain.java:43] Creating filter chain: any request, [org.springframework.security.web.context.request.async.WebAsyncManagerIntegrationFilter@383aded8, org.springframework.security.web.context.SecurityContextPersistenceFilter@48da1922, org.springframework.security.web.header.HeaderWriterFilter@31223df4, org.springframework.security.web.authentication.logout.LogoutFilter@630e604b, org.springframework.security.web.savedrequest.RequestCacheAwareFilter@db2b5d8, org.springframework.security.web.servletapi.SecurityContextHolderAwareRequestFilter@2559018b, org.springframework.security.web.authentication.AnonymousAuthenticationFilter@790e1dc1, org.springframework.security.web.session.SessionManagementFilter@14cd648, org.springframework.security.web.access.ExceptionTranslationFilter@60a5bd96]
2021-02-08 14:36:00,308 INFO [restartedMain] o.s.s.c.ThreadPoolTaskExecutor [ExecutorConfigurationSupport.java:181] Initializing ExecutorService 'applicationTaskExecutor'
2021-02-08 14:36:00,375 INFO [restartedMain] o.s.b.a.w.s.WelcomePageHandlerMapping [WelcomePageHandlerMapping.java:58] Adding welcome page template: index
2021-02-08 14:36:00,496 INFO [restartedMain] o.s.b.d.a.OptionalLiveReloadServer [OptionalLiveReloadServer.java:58] LiveReload server is running on port 35729
2021-02-08 14:36:00,510 INFO [restartedMain] o.a.c.h.Http11NioProtocol [DirectJDKLog.java:173] Starting ProtocolHandler ["http-nio-8080"]
2021-02-08 14:36:00,533 INFO [restartedMain] o.s.b.w.e.t.TomcatWebServer [TomcatWebServer.java:220] Tomcat started on port(s): 8080 (http) with context path '/community'
2021-02-08 14:36:00,545 INFO [restartedMain] c.a.c.CommunityApplication [StartupInfoLogger.java:61] Started CommunityApplication in 2.777 seconds (JVM running for 3.931)
2021-02-08 14:36:20,878 INFO [http-nio-8080-exec-1] o.a.c.c.C.[.[.[/community] [DirectJDKLog.java:173] Initializing Spring DispatcherServlet 'dispatcherServlet'
2021-02-08 14:36:20,879 INFO [http-nio-8080-exec-1] o.s.w.s.DispatcherServlet [FrameworkServlet.java:525] Initializing Servlet 'dispatcherServlet'
2021-02-08 14:36:20,886 INFO [http-nio-8080-exec-1] o.s.w.s.DispatcherServlet [FrameworkServlet.java:547] Completed initialization in 7 ms
2021-02-08 14:37:04,232 INFO [http-nio-8080-exec-1] c.z.h.HikariDataSource [HikariDataSource.java:110] HikariPool-1 - Starting...
2021-02-08 14:37:04,392 INFO [http-nio-8080-exec-1] c.z.h.HikariDataSource [HikariDataSource.java:123] HikariPool-1 - Start completed.
2021-02-08 14:37:40,625 INFO [SpringContextShutdownHook] o.s.s.c.ThreadPoolTaskExecutor [ExecutorConfigurationSupport.java:218] Shutting down ExecutorService 'applicationTaskExecutor'
2021-02-08 14:37:40,626 INFO [SpringContextShutdownHook] c.z.h.HikariDataSource [HikariDataSource.java:350] HikariPool-1 - Shutdown initiated...
2021-02-08 14:37:40,629 INFO [SpringContextShutdownHook] c.z.h.HikariDataSource [HikariDataSource.java:352] HikariPool-1 - Shutdown completed.
2021-02-08 14:37:44,683 INFO [restartedMain] c.a.c.CommunityApplication [StartupInfoLogger.java:55] Starting CommunityApplication on fafadeMacBook-Pro.local with PID 8891 (/Users/fafacarbon/Downloads/DemoAll/community/target/classes started by fafacarbon in /Users/fafacarbon/Downloads/DemoAll/community)
2021-02-08 14:37:44,687 INFO [restartedMain] c.a.c.CommunityApplication [SpringApplication.java:651] No active profile set, falling back to default profiles: default
2021-02-08 14:37:44,750 INFO [restartedMain] o.s.b.d.e.DevToolsPropertyDefaultsPostProcessor [DeferredLog.java:225] Devtools property defaults active! Set 'spring.devtools.add-properties' to 'false' to disable
2021-02-08 14:37:44,750 INFO [restartedMain] o.s.b.d.e.DevToolsPropertyDefaultsPostProcessor [DeferredLog.java:225] For additional web related logging consider setting the 'logging.level.web' property to 'DEBUG'
2021-02-08 14:37:46,036 INFO [restartedMain] o.s.b.w.e.t.TomcatWebServer [TomcatWebServer.java:108] Tomcat initialized with port(s): 8080 (http)
2021-02-08 14:37:46,043 INFO [restartedMain] o.a.c.h.Http11NioProtocol [DirectJDKLog.java:173] Initializing ProtocolHandler ["http-nio-8080"]
2021-02-08 14:37:46,044 INFO [restartedMain] o.a.c.c.StandardService [DirectJDKLog.java:173] Starting service [Tomcat]
2021-02-08 14:37:46,044 INFO [restartedMain] o.a.c.c.StandardEngine [DirectJDKLog.java:173] Starting Servlet engine: [Apache Tomcat/9.0.39]
2021-02-08 14:37:46,099 INFO [restartedMain] o.a.c.c.C.[.[.[/community] [DirectJDKLog.java:173] Initializing Spring embedded WebApplicationContext
2021-02-08 14:37:46,099 INFO [restartedMain] o.s.b.w.s.c.ServletWebServerApplicationContext [ServletWebServerApplicationContext.java:285] Root WebApplicationContext: initialization completed in 1348 ms
2021-02-08 14:37:46,516 INFO [restartedMain] o.s.b.a.s.s.UserDetailsServiceAutoConfiguration [UserDetailsServiceAutoConfiguration.java:86] 

Using generated security password: e347bc69-8e2a-4f8a-8382-5a71af39b9e9

2021-02-08 14:37:46,561 INFO [restartedMain] o.s.s.w.DefaultSecurityFilterChain [DefaultSecurityFilterChain.java:43] Creating filter chain: any request, [org.springframework.security.web.context.request.async.WebAsyncManagerIntegrationFilter@3a10b80b, org.springframework.security.web.context.SecurityContextPersistenceFilter@14fe708a, org.springframework.security.web.header.HeaderWriterFilter@44356391, org.springframework.security.web.authentication.logout.LogoutFilter@ee36990, org.springframework.security.web.savedrequest.RequestCacheAwareFilter@4b02f8b3, org.springframework.security.web.servletapi.SecurityContextHolderAwareRequestFilter@69596ddf, org.springframework.security.web.authentication.AnonymousAuthenticationFilter@40fbc000, org.springframework.security.web.session.SessionManagementFilter@749efdc, org.springframework.security.web.access.ExceptionTranslationFilter@1498e5d1]
2021-02-08 14:37:46,634 INFO [restartedMain] o.s.s.c.ThreadPoolTaskExecutor [ExecutorConfigurationSupport.java:181] Initializing ExecutorService 'applicationTaskExecutor'
2021-02-08 14:37:46,684 INFO [restartedMain] o.s.b.a.w.s.WelcomePageHandlerMapping [WelcomePageHandlerMapping.java:58] Adding welcome page template: index
2021-02-08 14:37:46,802 INFO [restartedMain] o.s.b.d.a.OptionalLiveReloadServer [OptionalLiveReloadServer.java:58] LiveReload server is running on port 35729
2021-02-08 14:37:46,822 INFO [restartedMain] o.a.c.h.Http11NioProtocol [DirectJDKLog.java:173] Starting ProtocolHandler ["http-nio-8080"]
2021-02-08 14:37:46,844 INFO [restartedMain] o.s.b.w.e.t.TomcatWebServer [TomcatWebServer.java:220] Tomcat started on port(s): 8080 (http) with context path '/community'
2021-02-08 14:37:46,856 INFO [restartedMain] c.a.c.CommunityApplication [StartupInfoLogger.java:61] Started CommunityApplication in 2.568 seconds (JVM running for 3.57)
2021-02-08 14:37:56,353 INFO [http-nio-8080-exec-1] o.a.c.c.C.[.[.[/community] [DirectJDKLog.java:173] Initializing Spring DispatcherServlet 'dispatcherServlet'
2021-02-08 14:37:56,354 INFO [http-nio-8080-exec-1] o.s.w.s.DispatcherServlet [FrameworkServlet.java:525] Initializing Servlet 'dispatcherServlet'
2021-02-08 14:37:56,359 INFO [http-nio-8080-exec-1] o.s.w.s.DispatcherServlet [FrameworkServlet.java:547] Completed initialization in 5 ms
2021-02-08 14:38:27,747 INFO [SpringContextShutdownHook] o.s.s.c.ThreadPoolTaskExecutor [ExecutorConfigurationSupport.java:218] Shutting down ExecutorService 'applicationTaskExecutor'
2021-02-08 14:38:32,112 INFO [restartedMain] c.a.c.CommunityApplication [StartupInfoLogger.java:55] Starting CommunityApplication on fafadeMacBook-Pro.local with PID 8903 (/Users/fafacarbon/Downloads/DemoAll/community/target/classes started by fafacarbon in /Users/fafacarbon/Downloads/DemoAll/community)
2021-02-08 14:38:32,118 INFO [restartedMain] c.a.c.CommunityApplication [SpringApplication.java:651] No active profile set, falling back to default profiles: default
2021-02-08 14:38:32,185 INFO [restartedMain] o.s.b.d.e.DevToolsPropertyDefaultsPostProcessor [DeferredLog.java:225] Devtools property defaults active! Set 'spring.devtools.add-properties' to 'false' to disable
2021-02-08 14:38:32,185 INFO [restartedMain] o.s.b.d.e.DevToolsPropertyDefaultsPostProcessor [DeferredLog.java:225] For additional web related logging consider setting the 'logging.level.web' property to 'DEBUG'
2021-02-08 14:38:33,334 INFO [restartedMain] o.s.b.w.e.t.TomcatWebServer [TomcatWebServer.java:108] Tomcat initialized with port(s): 8080 (http)
2021-02-08 14:38:33,341 INFO [restartedMain] o.a.c.h.Http11NioProtocol [DirectJDKLog.java:173] Initializing ProtocolHandler ["http-nio-8080"]
2021-02-08 14:38:33,342 INFO [restartedMain] o.a.c.c.StandardService [DirectJDKLog.java:173] Starting service [Tomcat]
2021-02-08 14:38:33,342 INFO [restartedMain] o.a.c.c.StandardEngine [DirectJDKLog.java:173] Starting Servlet engine: [Apache Tomcat/9.0.39]
2021-02-08 14:38:33,397 INFO [restartedMain] o.a.c.c.C.[.[.[/community] [DirectJDKLog.java:173] Initializing Spring embedded WebApplicationContext
2021-02-08 14:38:33,397 INFO [restartedMain] o.s.b.w.s.c.ServletWebServerApplicationContext [ServletWebServerApplicationContext.java:285] Root WebApplicationContext: initialization completed in 1211 ms
2021-02-08 14:38:33,871 INFO [restartedMain] o.s.b.a.s.s.UserDetailsServiceAutoConfiguration [UserDetailsServiceAutoConfiguration.java:86] 

Using generated security password: 49329582-1cb3-4657-824b-402237e43bea

2021-02-08 14:38:33,924 INFO [restartedMain] o.s.s.w.DefaultSecurityFilterChain [DefaultSecurityFilterChain.java:43] Creating filter chain: any request, [org.springframework.security.web.context.request.async.WebAsyncManagerIntegrationFilter@1a3be5e4, org.springframework.security.web.context.SecurityContextPersistenceFilter@7de13b4a, org.springframework.security.web.header.HeaderWriterFilter@30d890ed, org.springframework.security.web.authentication.logout.LogoutFilter@399521f8, org.springframework.security.web.savedrequest.RequestCacheAwareFilter@54683cc8, org.springframework.security.web.servletapi.SecurityContextHolderAwareRequestFilter@1be5c863, org.springframework.security.web.authentication.AnonymousAuthenticationFilter@1c0d589d, org.springframework.security.web.session.SessionManagementFilter@2c92102, org.springframework.security.web.access.ExceptionTranslationFilter@6952308b]
2021-02-08 14:38:33,995 INFO [restartedMain] o.s.s.c.ThreadPoolTaskExecutor [ExecutorConfigurationSupport.java:181] Initializing ExecutorService 'applicationTaskExecutor'
2021-02-08 14:38:34,044 INFO [restartedMain] o.s.b.a.w.s.WelcomePageHandlerMapping [WelcomePageHandlerMapping.java:58] Adding welcome page template: index
2021-02-08 14:38:34,173 INFO [restartedMain] o.s.b.d.a.OptionalLiveReloadServer [OptionalLiveReloadServer.java:58] LiveReload server is running on port 35729
2021-02-08 14:38:34,187 INFO [restartedMain] o.a.c.h.Http11NioProtocol [DirectJDKLog.java:173] Starting ProtocolHandler ["http-nio-8080"]
2021-02-08 14:38:34,208 INFO [restartedMain] o.s.b.w.e.t.TomcatWebServer [TomcatWebServer.java:220] Tomcat started on port(s): 8080 (http) with context path '/community'
2021-02-08 14:38:34,219 INFO [restartedMain] c.a.c.CommunityApplication [StartupInfoLogger.java:61] Started CommunityApplication in 2.545 seconds (JVM running for 3.635)
2021-02-08 14:39:07,174 INFO [http-nio-8080-exec-1] o.a.c.c.C.[.[.[/community] [DirectJDKLog.java:173] Initializing Spring DispatcherServlet 'dispatcherServlet'
2021-02-08 14:39:07,175 INFO [http-nio-8080-exec-1] o.s.w.s.DispatcherServlet [FrameworkServlet.java:525] Initializing Servlet 'dispatcherServlet'
2021-02-08 14:39:07,184 INFO [http-nio-8080-exec-1] o.s.w.s.DispatcherServlet [FrameworkServlet.java:547] Completed initialization in 9 ms
2021-02-08 14:43:45,006 INFO [SpringContextShutdownHook] o.s.s.c.ThreadPoolTaskExecutor [ExecutorConfigurationSupport.java:218] Shutting down ExecutorService 'applicationTaskExecutor'
2021-02-08 14:43:49,317 INFO [restartedMain] c.a.c.CommunityApplication [StartupInfoLogger.java:55] Starting CommunityApplication on fafadeMacBook-Pro.local with PID 8938 (/Users/fafacarbon/Downloads/DemoAll/community/target/classes started by fafacarbon in /Users/fafacarbon/Downloads/DemoAll/community)
2021-02-08 14:43:49,320 INFO [restartedMain] c.a.c.CommunityApplication [SpringApplication.java:651] No active profile set, falling back to default profiles: default
2021-02-08 14:43:49,370 INFO [restartedMain] o.s.b.d.e.DevToolsPropertyDefaultsPostProcessor [DeferredLog.java:225] Devtools property defaults active! Set 'spring.devtools.add-properties' to 'false' to disable
2021-02-08 14:43:49,371 INFO [restartedMain] o.s.b.d.e.DevToolsPropertyDefaultsPostProcessor [DeferredLog.java:225] For additional web related logging consider setting the 'logging.level.web' property to 'DEBUG'
2021-02-08 14:43:50,769 INFO [restartedMain] o.s.b.w.e.t.TomcatWebServer [TomcatWebServer.java:108] Tomcat initialized with port(s): 8080 (http)
2021-02-08 14:43:50,776 INFO [restartedMain] o.a.c.h.Http11NioProtocol [DirectJDKLog.java:173] Initializing ProtocolHandler ["http-nio-8080"]
2021-02-08 14:43:50,776 INFO [restartedMain] o.a.c.c.StandardService [DirectJDKLog.java:173] Starting service [Tomcat]
2021-02-08 14:43:50,776 INFO [restartedMain] o.a.c.c.StandardEngine [DirectJDKLog.java:173] Starting Servlet engine: [Apache Tomcat/9.0.39]
2021-02-08 14:43:50,832 INFO [restartedMain] o.a.c.c.C.[.[.[/community] [DirectJDKLog.java:173] Initializing Spring embedded WebApplicationContext
2021-02-08 14:43:50,832 INFO [restartedMain] o.s.b.w.s.c.ServletWebServerApplicationContext [ServletWebServerApplicationContext.java:285] Root WebApplicationContext: initialization completed in 1461 ms
2021-02-08 14:43:51,262 INFO [restartedMain] o.s.b.a.s.s.UserDetailsServiceAutoConfiguration [UserDetailsServiceAutoConfiguration.java:86] 

Using generated security password: 48387384-13db-4fdc-9952-4dcefba791cc

2021-02-08 14:43:51,309 INFO [restartedMain] o.s.s.w.DefaultSecurityFilterChain [DefaultSecurityFilterChain.java:43] Creating filter chain: any request, [org.springframework.security.web.context.request.async.WebAsyncManagerIntegrationFilter@590dbf75, org.springframework.security.web.context.SecurityContextPersistenceFilter@5c1bb2f4, org.springframework.security.web.header.HeaderWriterFilter@c60934a, org.springframework.security.web.authentication.logout.LogoutFilter@5b42e6c0, org.springframework.security.web.savedrequest.RequestCacheAwareFilter@628a6585, org.springframework.security.web.servletapi.SecurityContextHolderAwareRequestFilter@7e5383f3, org.springframework.security.web.authentication.AnonymousAuthenticationFilter@b9fec13, org.springframework.security.web.session.SessionManagementFilter@2d2406bc, org.springframework.security.web.access.ExceptionTranslationFilter@3383c492]
2021-02-08 14:43:51,382 INFO [restartedMain] o.s.s.c.ThreadPoolTaskExecutor [ExecutorConfigurationSupport.java:181] Initializing ExecutorService 'applicationTaskExecutor'
2021-02-08 14:43:51,444 INFO [restartedMain] o.s.b.a.w.s.WelcomePageHandlerMapping [WelcomePageHandlerMapping.java:58] Adding welcome page template: index
2021-02-08 14:43:51,570 INFO [restartedMain] o.s.b.d.a.OptionalLiveReloadServer [OptionalLiveReloadServer.java:58] LiveReload server is running on port 35729
2021-02-08 14:43:51,584 INFO [restartedMain] o.a.c.h.Http11NioProtocol [DirectJDKLog.java:173] Starting ProtocolHandler ["http-nio-8080"]
2021-02-08 14:43:51,606 INFO [restartedMain] o.s.b.w.e.t.TomcatWebServer [TomcatWebServer.java:220] Tomcat started on port(s): 8080 (http) with context path '/community'
2021-02-08 14:43:51,617 INFO [restartedMain] c.a.c.CommunityApplication [StartupInfoLogger.java:61] Started CommunityApplication in 2.665 seconds (JVM running for 3.642)
2021-02-08 14:43:57,761 INFO [http-nio-8080-exec-1] o.a.c.c.C.[.[.[/community] [DirectJDKLog.java:173] Initializing Spring DispatcherServlet 'dispatcherServlet'
2021-02-08 14:43:57,762 INFO [http-nio-8080-exec-1] o.s.w.s.DispatcherServlet [FrameworkServlet.java:525] Initializing Servlet 'dispatcherServlet'
2021-02-08 14:43:57,768 INFO [http-nio-8080-exec-1] o.s.w.s.DispatcherServlet [FrameworkServlet.java:547] Completed initialization in 5 ms
2021-02-08 14:44:06,271 INFO [http-nio-8080-exec-6] c.z.h.HikariDataSource [HikariDataSource.java:110] HikariPool-1 - Starting...
2021-02-08 14:44:06,415 INFO [http-nio-8080-exec-6] c.z.h.HikariDataSource [HikariDataSource.java:123] HikariPool-1 - Start completed.
2021-02-08 14:45:40,240 INFO [SpringContextShutdownHook] o.s.s.c.ThreadPoolTaskExecutor [ExecutorConfigurationSupport.java:218] Shutting down ExecutorService 'applicationTaskExecutor'
2021-02-08 14:45:40,241 INFO [SpringContextShutdownHook] c.z.h.HikariDataSource [HikariDataSource.java:350] HikariPool-1 - Shutdown initiated...
2021-02-08 14:45:40,244 INFO [SpringContextShutdownHook] c.z.h.HikariDataSource [HikariDataSource.java:352] HikariPool-1 - Shutdown completed.
2021-02-08 14:45:44,143 INFO [restartedMain] c.a.c.CommunityApplication [StartupInfoLogger.java:55] Starting CommunityApplication on fafadeMacBook-Pro.local with PID 8960 (/Users/fafacarbon/Downloads/DemoAll/community/target/classes started by fafacarbon in /Users/fafacarbon/Downloads/DemoAll/community)
2021-02-08 14:45:44,147 INFO [restartedMain] c.a.c.CommunityApplication [SpringApplication.java:651] No active profile set, falling back to default profiles: default
2021-02-08 14:45:44,204 INFO [restartedMain] o.s.b.d.e.DevToolsPropertyDefaultsPostProcessor [DeferredLog.java:225] Devtools property defaults active! Set 'spring.devtools.add-properties' to 'false' to disable
2021-02-08 14:45:44,204 INFO [restartedMain] o.s.b.d.e.DevToolsPropertyDefaultsPostProcessor [DeferredLog.java:225] For additional web related logging consider setting the 'logging.level.web' property to 'DEBUG'
2021-02-08 14:45:45,832 INFO [restartedMain] o.s.b.w.e.t.TomcatWebServer [TomcatWebServer.java:108] Tomcat initialized with port(s): 8080 (http)
2021-02-08 14:45:45,840 INFO [restartedMain] o.a.c.h.Http11NioProtocol [DirectJDKLog.java:173] Initializing ProtocolHandler ["http-nio-8080"]
2021-02-08 14:45:45,840 INFO [restartedMain] o.a.c.c.StandardService [DirectJDKLog.java:173] Starting service [Tomcat]
2021-02-08 14:45:45,840 INFO [restartedMain] o.a.c.c.StandardEngine [DirectJDKLog.java:173] Starting Servlet engine: [Apache Tomcat/9.0.39]
2021-02-08 14:45:45,910 INFO [restartedMain] o.a.c.c.C.[.[.[/community] [DirectJDKLog.java:173] Initializing Spring embedded WebApplicationContext
2021-02-08 14:45:45,910 INFO [restartedMain] o.s.b.w.s.c.ServletWebServerApplicationContext [ServletWebServerApplicationContext.java:285] Root WebApplicationContext: initialization completed in 1705 ms
2021-02-08 14:45:46,454 INFO [restartedMain] o.s.b.a.s.s.UserDetailsServiceAutoConfiguration [UserDetailsServiceAutoConfiguration.java:86] 

Using generated security password: dfd28ba9-4bce-43e6-8444-ce36f7e72766

2021-02-08 14:45:46,521 INFO [restartedMain] o.s.s.w.DefaultSecurityFilterChain [DefaultSecurityFilterChain.java:43] Creating filter chain: any request, [org.springframework.security.web.context.request.async.WebAsyncManagerIntegrationFilter@47ab6161, org.springframework.security.web.context.SecurityContextPersistenceFilter@399521f8, org.springframework.security.web.header.HeaderWriterFilter@43cfa9e5, org.springframework.security.web.authentication.logout.LogoutFilter@2c66522d, org.springframework.security.web.savedrequest.RequestCacheAwareFilter@34091808, org.springframework.security.web.servletapi.SecurityContextHolderAwareRequestFilter@7f2fd22c, org.springframework.security.web.authentication.AnonymousAuthenticationFilter@3630ac4f, org.springframework.security.web.session.SessionManagementFilter@701953d4, org.springframework.security.web.access.ExceptionTranslationFilter@7c9c37aa]
2021-02-08 14:45:46,603 INFO [restartedMain] o.s.s.c.ThreadPoolTaskExecutor [ExecutorConfigurationSupport.java:181] Initializing ExecutorService 'applicationTaskExecutor'
2021-02-08 14:45:52,912 INFO [restartedMain] o.s.b.a.w.s.WelcomePageHandlerMapping [WelcomePageHandlerMapping.java:58] Adding welcome page template: index
2021-02-08 14:45:53,037 INFO [restartedMain] o.s.b.d.a.OptionalLiveReloadServer [OptionalLiveReloadServer.java:58] LiveReload server is running on port 35729
2021-02-08 14:45:53,051 INFO [restartedMain] o.a.c.h.Http11NioProtocol [DirectJDKLog.java:173] Starting ProtocolHandler ["http-nio-8080"]
2021-02-08 14:45:53,074 INFO [restartedMain] o.s.b.w.e.t.TomcatWebServer [TomcatWebServer.java:220] Tomcat started on port(s): 8080 (http) with context path '/community'
2021-02-08 14:45:53,088 INFO [restartedMain] c.a.c.CommunityApplication [StartupInfoLogger.java:61] Started CommunityApplication in 9.274 seconds (JVM running for 10.28)
2021-02-08 14:45:57,898 INFO [http-nio-8080-exec-1] o.a.c.c.C.[.[.[/community] [DirectJDKLog.java:173] Initializing Spring DispatcherServlet 'dispatcherServlet'
2021-02-08 14:45:57,899 INFO [http-nio-8080-exec-1] o.s.w.s.DispatcherServlet [FrameworkServlet.java:525] Initializing Servlet 'dispatcherServlet'
2021-02-08 14:45:57,906 INFO [http-nio-8080-exec-1] o.s.w.s.DispatcherServlet [FrameworkServlet.java:547] Completed initialization in 7 ms
2021-02-08 19:30:08,316 INFO [SpringContextShutdownHook] o.s.s.c.ThreadPoolTaskExecutor [ExecutorConfigurationSupport.java:218] Shutting down ExecutorService 'applicationTaskExecutor'
2021-02-08 19:30:15,366 INFO [restartedMain] c.a.c.CommunityApplication [StartupInfoLogger.java:55] Starting CommunityApplication on fafadeMacBook-Pro.local with PID 9830 (/Users/fafacarbon/Downloads/DemoAll/community/target/classes started by fafacarbon in /Users/fafacarbon/Downloads/DemoAll/community)
2021-02-08 19:30:15,370 INFO [restartedMain] c.a.c.CommunityApplication [SpringApplication.java:651] No active profile set, falling back to default profiles: default
2021-02-08 19:30:15,467 INFO [restartedMain] o.s.b.d.e.DevToolsPropertyDefaultsPostProcessor [DeferredLog.java:225] Devtools property defaults active! Set 'spring.devtools.add-properties' to 'false' to disable
2021-02-08 19:30:15,469 INFO [restartedMain] o.s.b.d.e.DevToolsPropertyDefaultsPostProcessor [DeferredLog.java:225] For additional web related logging consider setting the 'logging.level.web' property to 'DEBUG'
2021-02-08 19:30:16,981 INFO [restartedMain] o.s.b.w.e.t.TomcatWebServer [TomcatWebServer.java:108] Tomcat initialized with port(s): 8080 (http)
2021-02-08 19:30:16,990 INFO [restartedMain] o.a.c.h.Http11NioProtocol [DirectJDKLog.java:173] Initializing ProtocolHandler ["http-nio-8080"]
2021-02-08 19:30:16,990 INFO [restartedMain] o.a.c.c.StandardService [DirectJDKLog.java:173] Starting service [Tomcat]
2021-02-08 19:30:16,991 INFO [restartedMain] o.a.c.c.StandardEngine [DirectJDKLog.java:173] Starting Servlet engine: [Apache Tomcat/9.0.39]
2021-02-08 19:30:17,062 INFO [restartedMain] o.a.c.c.C.[.[.[/community] [DirectJDKLog.java:173] Initializing Spring embedded WebApplicationContext
2021-02-08 19:30:17,062 INFO [restartedMain] o.s.b.w.s.c.ServletWebServerApplicationContext [ServletWebServerApplicationContext.java:285] Root WebApplicationContext: initialization completed in 1592 ms
2021-02-08 19:30:17,539 INFO [restartedMain] o.s.b.a.s.s.UserDetailsServiceAutoConfiguration [UserDetailsServiceAutoConfiguration.java:86] 

Using generated security password: 4a21afa6-abc8-473a-b6a6-04c2cb7eb9bf

2021-02-08 19:30:17,607 INFO [restartedMain] o.s.s.w.DefaultSecurityFilterChain [DefaultSecurityFilterChain.java:43] Creating filter chain: any request, [org.springframework.security.web.context.request.async.WebAsyncManagerIntegrationFilter@5e129a7d, org.springframework.security.web.context.SecurityContextPersistenceFilter@333e71ea, org.springframework.security.web.header.HeaderWriterFilter@269c1a4c, org.springframework.security.web.authentication.logout.LogoutFilter@535af503, org.springframework.security.web.savedrequest.RequestCacheAwareFilter@22b7bb83, org.springframework.security.web.servletapi.SecurityContextHolderAwareRequestFilter@c6f048f, org.springframework.security.web.authentication.AnonymousAuthenticationFilter@7a69c734, org.springframework.security.web.session.SessionManagementFilter@312c4786, org.springframework.security.web.access.ExceptionTranslationFilter@4b3733ac]
2021-02-08 19:30:17,698 INFO [restartedMain] o.s.s.c.ThreadPoolTaskExecutor [ExecutorConfigurationSupport.java:181] Initializing ExecutorService 'applicationTaskExecutor'
2021-02-08 19:30:17,773 INFO [restartedMain] o.s.b.a.w.s.WelcomePageHandlerMapping [WelcomePageHandlerMapping.java:58] Adding welcome page template: index
2021-02-08 19:30:17,896 INFO [restartedMain] o.s.b.d.a.OptionalLiveReloadServer [OptionalLiveReloadServer.java:58] LiveReload server is running on port 35729
2021-02-08 19:30:17,916 INFO [restartedMain] o.a.c.h.Http11NioProtocol [DirectJDKLog.java:173] Starting ProtocolHandler ["http-nio-8080"]
2021-02-08 19:30:17,943 INFO [restartedMain] o.s.b.w.e.t.TomcatWebServer [TomcatWebServer.java:220] Tomcat started on port(s): 8080 (http) with context path '/community'
2021-02-08 19:30:17,955 INFO [restartedMain] c.a.c.CommunityApplication [StartupInfoLogger.java:61] Started CommunityApplication in 3.36 seconds (JVM running for 4.671)
2021-02-08 19:30:29,108 INFO [http-nio-8080-exec-2] o.a.c.c.C.[.[.[/community] [DirectJDKLog.java:173] Initializing Spring DispatcherServlet 'dispatcherServlet'
2021-02-08 19:30:29,110 INFO [http-nio-8080-exec-2] o.s.w.s.DispatcherServlet [FrameworkServlet.java:525] Initializing Servlet 'dispatcherServlet'
2021-02-08 19:30:29,124 INFO [http-nio-8080-exec-2] o.s.w.s.DispatcherServlet [FrameworkServlet.java:547] Completed initialization in 14 ms
2021-02-08 19:30:29,176 INFO [http-nio-8080-exec-2] c.z.h.HikariDataSource [HikariDataSource.java:110] HikariPool-1 - Starting...
2021-02-08 19:30:29,365 INFO [http-nio-8080-exec-2] c.z.h.HikariDataSource [HikariDataSource.java:123] HikariPool-1 - Start completed.
2021-02-08 19:30:50,990 INFO [SpringContextShutdownHook] o.s.s.c.ThreadPoolTaskExecutor [ExecutorConfigurationSupport.java:218] Shutting down ExecutorService 'applicationTaskExecutor'
2021-02-08 19:30:50,999 INFO [SpringContextShutdownHook] c.z.h.HikariDataSource [HikariDataSource.java:350] HikariPool-1 - Shutdown initiated...
2021-02-08 19:30:51,018 INFO [SpringContextShutdownHook] c.z.h.HikariDataSource [HikariDataSource.java:352] HikariPool-1 - Shutdown completed.
2021-02-08 19:30:56,304 INFO [restartedMain] c.a.c.CommunityApplication [StartupInfoLogger.java:55] Starting CommunityApplication on fafadeMacBook-Pro.local with PID 9840 (/Users/fafacarbon/Downloads/DemoAll/community/target/classes started by fafacarbon in /Users/fafacarbon/Downloads/DemoAll/community)
2021-02-08 19:30:56,307 INFO [restartedMain] c.a.c.CommunityApplication [SpringApplication.java:651] No active profile set, falling back to default profiles: default
2021-02-08 19:30:56,364 INFO [restartedMain] o.s.b.d.e.DevToolsPropertyDefaultsPostProcessor [DeferredLog.java:225] Devtools property defaults active! Set 'spring.devtools.add-properties' to 'false' to disable
2021-02-08 19:30:56,365 INFO [restartedMain] o.s.b.d.e.DevToolsPropertyDefaultsPostProcessor [DeferredLog.java:225] For additional web related logging consider setting the 'logging.level.web' property to 'DEBUG'
2021-02-08 19:30:57,487 INFO [restartedMain] o.s.b.w.e.t.TomcatWebServer [TomcatWebServer.java:108] Tomcat initialized with port(s): 8080 (http)
2021-02-08 19:30:57,494 INFO [restartedMain] o.a.c.h.Http11NioProtocol [DirectJDKLog.java:173] Initializing ProtocolHandler ["http-nio-8080"]
2021-02-08 19:30:57,494 INFO [restartedMain] o.a.c.c.StandardService [DirectJDKLog.java:173] Starting service [Tomcat]
2021-02-08 19:30:57,495 INFO [restartedMain] o.a.c.c.StandardEngine [DirectJDKLog.java:173] Starting Servlet engine: [Apache Tomcat/9.0.39]
2021-02-08 19:30:57,551 INFO [restartedMain] o.a.c.c.C.[.[.[/community] [DirectJDKLog.java:173] Initializing Spring embedded WebApplicationContext
2021-02-08 19:30:57,552 INFO [restartedMain] o.s.b.w.s.c.ServletWebServerApplicationContext [ServletWebServerApplicationContext.java:285] Root WebApplicationContext: initialization completed in 1186 ms
2021-02-08 19:30:57,968 INFO [restartedMain] o.s.b.a.s.s.UserDetailsServiceAutoConfiguration [UserDetailsServiceAutoConfiguration.java:86] 

Using generated security password: 274137f3-bda3-4c3f-81df-d2bc64e23284

2021-02-08 19:30:58,012 INFO [restartedMain] o.s.s.w.DefaultSecurityFilterChain [DefaultSecurityFilterChain.java:43] Creating filter chain: any request, [org.springframework.security.web.context.request.async.WebAsyncManagerIntegrationFilter@3f4b9f07, org.springframework.security.web.context.SecurityContextPersistenceFilter@4a023131, org.springframework.security.web.header.HeaderWriterFilter@45a7c3c5, org.springframework.security.web.authentication.logout.LogoutFilter@23107ca, org.springframework.security.web.savedrequest.RequestCacheAwareFilter@68affb2d, org.springframework.security.web.servletapi.SecurityContextHolderAwareRequestFilter@55481f42, org.springframework.security.web.authentication.AnonymousAuthenticationFilter@7787b125, org.springframework.security.web.session.SessionManagementFilter@5cc5722e, org.springframework.security.web.access.ExceptionTranslationFilter@1c161923]
2021-02-08 19:30:58,083 INFO [restartedMain] o.s.s.c.ThreadPoolTaskExecutor [ExecutorConfigurationSupport.java:181] Initializing ExecutorService 'applicationTaskExecutor'
2021-02-08 19:30:58,149 INFO [restartedMain] o.s.b.a.w.s.WelcomePageHandlerMapping [WelcomePageHandlerMapping.java:58] Adding welcome page template: index
2021-02-08 19:30:58,261 INFO [restartedMain] o.s.b.d.a.OptionalLiveReloadServer [OptionalLiveReloadServer.java:58] LiveReload server is running on port 35729
2021-02-08 19:30:58,277 INFO [restartedMain] o.a.c.h.Http11NioProtocol [DirectJDKLog.java:173] Starting ProtocolHandler ["http-nio-8080"]
2021-02-08 19:30:58,300 INFO [restartedMain] o.s.b.w.e.t.TomcatWebServer [TomcatWebServer.java:220] Tomcat started on port(s): 8080 (http) with context path '/community'
2021-02-08 19:30:58,311 INFO [restartedMain] c.a.c.CommunityApplication [StartupInfoLogger.java:61] Started CommunityApplication in 2.651 seconds (JVM running for 4.647)
2021-02-08 19:31:12,355 INFO [http-nio-8080-exec-1] o.a.c.c.C.[.[.[/community] [DirectJDKLog.java:173] Initializing Spring DispatcherServlet 'dispatcherServlet'
2021-02-08 19:31:12,356 INFO [http-nio-8080-exec-1] o.s.w.s.DispatcherServlet [FrameworkServlet.java:525] Initializing Servlet 'dispatcherServlet'
2021-02-08 19:31:12,364 INFO [http-nio-8080-exec-1] o.s.w.s.DispatcherServlet [FrameworkServlet.java:547] Completed initialization in 8 ms
2021-02-08 19:31:12,404 INFO [http-nio-8080-exec-1] c.z.h.HikariDataSource [HikariDataSource.java:110] HikariPool-1 - Starting...
2021-02-08 19:31:12,529 INFO [http-nio-8080-exec-1] c.z.h.HikariDataSource [HikariDataSource.java:123] HikariPool-1 - Start completed.
2021-02-08 19:37:56,189 INFO [SpringContextShutdownHook] o.s.s.c.ThreadPoolTaskExecutor [ExecutorConfigurationSupport.java:218] Shutting down ExecutorService 'applicationTaskExecutor'
2021-02-08 19:37:56,190 INFO [SpringContextShutdownHook] c.z.h.HikariDataSource [HikariDataSource.java:350] HikariPool-1 - Shutdown initiated...
2021-02-08 19:37:56,192 INFO [SpringContextShutdownHook] c.z.h.HikariDataSource [HikariDataSource.java:352] HikariPool-1 - Shutdown completed.
2021-02-08 19:38:01,297 INFO [restartedMain] c.a.c.CommunityApplication [StartupInfoLogger.java:55] Starting CommunityApplication on fafadeMacBook-Pro.local with PID 9902 (/Users/fafacarbon/Downloads/DemoAll/community/target/classes started by fafacarbon in /Users/fafacarbon/Downloads/DemoAll/community)
2021-02-08 19:38:01,341 INFO [restartedMain] c.a.c.CommunityApplication [SpringApplication.java:651] No active profile set, falling back to default profiles: default
2021-02-08 19:38:01,472 INFO [restartedMain] o.s.b.d.e.DevToolsPropertyDefaultsPostProcessor [DeferredLog.java:225] Devtools property defaults active! Set 'spring.devtools.add-properties' to 'false' to disable
2021-02-08 19:38:01,472 INFO [restartedMain] o.s.b.d.e.DevToolsPropertyDefaultsPostProcessor [DeferredLog.java:225] For additional web related logging consider setting the 'logging.level.web' property to 'DEBUG'
2021-02-08 19:38:02,722 INFO [restartedMain] o.s.b.w.e.t.TomcatWebServer [TomcatWebServer.java:108] Tomcat initialized with port(s): 8080 (http)
2021-02-08 19:38:02,730 INFO [restartedMain] o.a.c.h.Http11NioProtocol [DirectJDKLog.java:173] Initializing ProtocolHandler ["http-nio-8080"]
2021-02-08 19:38:02,730 INFO [restartedMain] o.a.c.c.StandardService [DirectJDKLog.java:173] Starting service [Tomcat]
2021-02-08 19:38:02,731 INFO [restartedMain] o.a.c.c.StandardEngine [DirectJDKLog.java:173] Starting Servlet engine: [Apache Tomcat/9.0.39]
2021-02-08 19:38:02,792 INFO [restartedMain] o.a.c.c.C.[.[.[/community] [DirectJDKLog.java:173] Initializing Spring embedded WebApplicationContext
2021-02-08 19:38:02,792 INFO [restartedMain] o.s.b.w.s.c.ServletWebServerApplicationContext [ServletWebServerApplicationContext.java:285] Root WebApplicationContext: initialization completed in 1319 ms
2021-02-08 19:38:03,209 INFO [restartedMain] o.s.b.a.s.s.UserDetailsServiceAutoConfiguration [UserDetailsServiceAutoConfiguration.java:86] 

Using generated security password: c2fee24d-8dca-40d3-ad7c-6eeb00126613

2021-02-08 19:38:03,256 INFO [restartedMain] o.s.s.w.DefaultSecurityFilterChain [DefaultSecurityFilterChain.java:43] Creating filter chain: any request, [org.springframework.security.web.context.request.async.WebAsyncManagerIntegrationFilter@71fe4f66, org.springframework.security.web.context.SecurityContextPersistenceFilter@189e28d5, org.springframework.security.web.header.HeaderWriterFilter@7c71d8ef, org.springframework.security.web.authentication.logout.LogoutFilter@327554f, org.springframework.security.web.savedrequest.RequestCacheAwareFilter@6517c14c, org.springframework.security.web.servletapi.SecurityContextHolderAwareRequestFilter@14fe708a, org.springframework.security.web.authentication.AnonymousAuthenticationFilter@72412915, org.springframework.security.web.session.SessionManagementFilter@1fdbfaa6, org.springframework.security.web.access.ExceptionTranslationFilter@3f17b8c1]
2021-02-08 19:38:03,334 INFO [restartedMain] o.s.s.c.ThreadPoolTaskExecutor [ExecutorConfigurationSupport.java:181] Initializing ExecutorService 'applicationTaskExecutor'
2021-02-08 19:38:03,430 INFO [restartedMain] o.s.b.a.w.s.WelcomePageHandlerMapping [WelcomePageHandlerMapping.java:58] Adding welcome page template: index
2021-02-08 19:38:03,581 INFO [restartedMain] o.s.b.d.a.OptionalLiveReloadServer [OptionalLiveReloadServer.java:58] LiveReload server is running on port 35729
2021-02-08 19:38:03,600 INFO [restartedMain] o.a.c.h.Http11NioProtocol [DirectJDKLog.java:173] Starting ProtocolHandler ["http-nio-8080"]
2021-02-08 19:38:03,627 INFO [restartedMain] o.s.b.w.e.t.TomcatWebServer [TomcatWebServer.java:220] Tomcat started on port(s): 8080 (http) with context path '/community'
2021-02-08 19:38:03,642 INFO [restartedMain] c.a.c.CommunityApplication [StartupInfoLogger.java:61] Started CommunityApplication in 2.857 seconds (JVM running for 3.994)
2021-02-08 19:38:40,727 INFO [http-nio-8080-exec-1] o.a.c.c.C.[.[.[/community] [DirectJDKLog.java:173] Initializing Spring DispatcherServlet 'dispatcherServlet'
2021-02-08 19:38:40,727 INFO [http-nio-8080-exec-1] o.s.w.s.DispatcherServlet [FrameworkServlet.java:525] Initializing Servlet 'dispatcherServlet'
2021-02-08 19:38:40,734 INFO [http-nio-8080-exec-1] o.s.w.s.DispatcherServlet [FrameworkServlet.java:547] Completed initialization in 7 ms
2021-02-08 19:38:40,774 INFO [http-nio-8080-exec-1] c.z.h.HikariDataSource [HikariDataSource.java:110] HikariPool-1 - Starting...
2021-02-08 19:38:40,901 INFO [http-nio-8080-exec-1] c.z.h.HikariDataSource [HikariDataSource.java:123] HikariPool-1 - Start completed.
2021-02-08 19:40:46,278 INFO [SpringContextShutdownHook] o.s.s.c.ThreadPoolTaskExecutor [ExecutorConfigurationSupport.java:218] Shutting down ExecutorService 'applicationTaskExecutor'
2021-02-08 19:40:46,279 INFO [SpringContextShutdownHook] c.z.h.HikariDataSource [HikariDataSource.java:350] HikariPool-1 - Shutdown initiated...
2021-02-08 19:40:46,281 INFO [SpringContextShutdownHook] c.z.h.HikariDataSource [HikariDataSource.java:352] HikariPool-1 - Shutdown completed.
2021-02-08 19:40:51,494 INFO [restartedMain] c.a.c.CommunityApplication [StartupInfoLogger.java:55] Starting CommunityApplication on fafadeMacBook-Pro.local with PID 9924 (/Users/fafacarbon/Downloads/DemoAll/community/target/classes started by fafacarbon in /Users/fafacarbon/Downloads/DemoAll/community)
2021-02-08 19:40:51,500 INFO [restartedMain] c.a.c.CommunityApplication [SpringApplication.java:651] No active profile set, falling back to default profiles: default
2021-02-08 19:40:51,558 INFO [restartedMain] o.s.b.d.e.DevToolsPropertyDefaultsPostProcessor [DeferredLog.java:225] Devtools property defaults active! Set 'spring.devtools.add-properties' to 'false' to disable
2021-02-08 19:40:51,560 INFO [restartedMain] o.s.b.d.e.DevToolsPropertyDefaultsPostProcessor [DeferredLog.java:225] For additional web related logging consider setting the 'logging.level.web' property to 'DEBUG'
2021-02-08 19:40:52,522 INFO [restartedMain] o.s.b.w.e.t.TomcatWebServer [TomcatWebServer.java:108] Tomcat initialized with port(s): 8080 (http)
2021-02-08 19:40:52,528 INFO [restartedMain] o.a.c.h.Http11NioProtocol [DirectJDKLog.java:173] Initializing ProtocolHandler ["http-nio-8080"]
2021-02-08 19:40:52,529 INFO [restartedMain] o.a.c.c.StandardService [DirectJDKLog.java:173] Starting service [Tomcat]
2021-02-08 19:40:52,530 INFO [restartedMain] o.a.c.c.StandardEngine [DirectJDKLog.java:173] Starting Servlet engine: [Apache Tomcat/9.0.39]
2021-02-08 19:40:52,583 INFO [restartedMain] o.a.c.c.C.[.[.[/community] [DirectJDKLog.java:173] Initializing Spring embedded WebApplicationContext
2021-02-08 19:40:52,583 INFO [restartedMain] o.s.b.w.s.c.ServletWebServerApplicationContext [ServletWebServerApplicationContext.java:285] Root WebApplicationContext: initialization completed in 1023 ms
2021-02-08 19:40:52,974 INFO [restartedMain] o.s.b.a.s.s.UserDetailsServiceAutoConfiguration [UserDetailsServiceAutoConfiguration.java:86] 

Using generated security password: 9869a0f5-32ea-4d0c-9e57-c3ae638d98db

2021-02-08 19:40:53,017 INFO [restartedMain] o.s.s.w.DefaultSecurityFilterChain [DefaultSecurityFilterChain.java:43] Creating filter chain: any request, [org.springframework.security.web.context.request.async.WebAsyncManagerIntegrationFilter@47a4fc79, org.springframework.security.web.context.SecurityContextPersistenceFilter@4699fadb, org.springframework.security.web.header.HeaderWriterFilter@50b4e26e, org.springframework.security.web.authentication.logout.LogoutFilter@587b34f6, org.springframework.security.web.savedrequest.RequestCacheAwareFilter@daa1494, org.springframework.security.web.servletapi.SecurityContextHolderAwareRequestFilter@4127ea0a, org.springframework.security.web.authentication.AnonymousAuthenticationFilter@1737b686, org.springframework.security.web.session.SessionManagementFilter@6ff1669c, org.springframework.security.web.access.ExceptionTranslationFilter@4003274e]
2021-02-08 19:40:53,087 INFO [restartedMain] o.s.s.c.ThreadPoolTaskExecutor [ExecutorConfigurationSupport.java:181] Initializing ExecutorService 'applicationTaskExecutor'
2021-02-08 19:40:53,149 INFO [restartedMain] o.s.b.a.w.s.WelcomePageHandlerMapping [WelcomePageHandlerMapping.java:58] Adding welcome page template: index
2021-02-08 19:40:53,266 INFO [restartedMain] o.s.b.d.a.OptionalLiveReloadServer [OptionalLiveReloadServer.java:58] LiveReload server is running on port 35729
2021-02-08 19:40:53,282 INFO [restartedMain] o.a.c.h.Http11NioProtocol [DirectJDKLog.java:173] Starting ProtocolHandler ["http-nio-8080"]
2021-02-08 19:40:53,304 INFO [restartedMain] o.s.b.w.e.t.TomcatWebServer [TomcatWebServer.java:220] Tomcat started on port(s): 8080 (http) with context path '/community'
2021-02-08 19:40:53,315 INFO [restartedMain] c.a.c.CommunityApplication [StartupInfoLogger.java:61] Started CommunityApplication in 2.444 seconds (JVM running for 4.522)
2021-02-08 19:41:19,052 INFO [http-nio-8080-exec-1] o.a.c.c.C.[.[.[/community] [DirectJDKLog.java:173] Initializing Spring DispatcherServlet 'dispatcherServlet'
2021-02-08 19:41:19,052 INFO [http-nio-8080-exec-1] o.s.w.s.DispatcherServlet [FrameworkServlet.java:525] Initializing Servlet 'dispatcherServlet'
2021-02-08 19:41:19,058 INFO [http-nio-8080-exec-1] o.s.w.s.DispatcherServlet [FrameworkServlet.java:547] Completed initialization in 5 ms
2021-02-08 19:41:19,103 INFO [http-nio-8080-exec-1] c.z.h.HikariDataSource [HikariDataSource.java:110] HikariPool-1 - Starting...
2021-02-08 19:41:19,275 INFO [http-nio-8080-exec-1] c.z.h.HikariDataSource [HikariDataSource.java:123] HikariPool-1 - Start completed.
2021-02-08 22:22:07,674 INFO [SpringContextShutdownHook] o.s.s.c.ThreadPoolTaskExecutor [ExecutorConfigurationSupport.java:218] Shutting down ExecutorService 'applicationTaskExecutor'
2021-02-08 22:22:07,676 INFO [SpringContextShutdownHook] c.z.h.HikariDataSource [HikariDataSource.java:350] HikariPool-1 - Shutdown initiated...
2021-02-08 22:22:07,678 INFO [SpringContextShutdownHook] c.z.h.HikariDataSource [HikariDataSource.java:352] HikariPool-1 - Shutdown completed.
2021-02-08 22:22:14,249 INFO [restartedMain] c.a.c.CommunityApplication [StartupInfoLogger.java:55] Starting CommunityApplication on fafadeMacBook-Pro.local with PID 10239 (/Users/fafacarbon/Downloads/DemoAll/community/target/classes started by fafacarbon in /Users/fafacarbon/Downloads/DemoAll/community)
2021-02-08 22:22:14,253 INFO [restartedMain] c.a.c.CommunityApplication [SpringApplication.java:651] No active profile set, falling back to default profiles: default
2021-02-08 22:22:14,333 INFO [restartedMain] o.s.b.d.e.DevToolsPropertyDefaultsPostProcessor [DeferredLog.java:225] Devtools property defaults active! Set 'spring.devtools.add-properties' to 'false' to disable
2021-02-08 22:22:14,334 INFO [restartedMain] o.s.b.d.e.DevToolsPropertyDefaultsPostProcessor [DeferredLog.java:225] For additional web related logging consider setting the 'logging.level.web' property to 'DEBUG'
2021-02-08 22:22:15,527 INFO [restartedMain] o.s.b.w.e.t.TomcatWebServer [TomcatWebServer.java:108] Tomcat initialized with port(s): 8080 (http)
2021-02-08 22:22:15,535 INFO [restartedMain] o.a.c.h.Http11NioProtocol [DirectJDKLog.java:173] Initializing ProtocolHandler ["http-nio-8080"]
2021-02-08 22:22:15,536 INFO [restartedMain] o.a.c.c.StandardService [DirectJDKLog.java:173] Starting service [Tomcat]
2021-02-08 22:22:15,536 INFO [restartedMain] o.a.c.c.StandardEngine [DirectJDKLog.java:173] Starting Servlet engine: [Apache Tomcat/9.0.39]
2021-02-08 22:22:15,597 INFO [restartedMain] o.a.c.c.C.[.[.[/community] [DirectJDKLog.java:173] Initializing Spring embedded WebApplicationContext
2021-02-08 22:22:15,598 INFO [restartedMain] o.s.b.w.s.c.ServletWebServerApplicationContext [ServletWebServerApplicationContext.java:285] Root WebApplicationContext: initialization completed in 1263 ms
2021-02-08 22:22:16,060 INFO [restartedMain] o.s.b.a.s.s.UserDetailsServiceAutoConfiguration [UserDetailsServiceAutoConfiguration.java:86] 

Using generated security password: 01b30d6e-d4f6-4c9c-81f2-4fdf06200eb7

2021-02-08 22:22:16,127 INFO [restartedMain] o.s.s.w.DefaultSecurityFilterChain [DefaultSecurityFilterChain.java:43] Creating filter chain: any request, [org.springframework.security.web.context.request.async.WebAsyncManagerIntegrationFilter@786a2149, org.springframework.security.web.context.SecurityContextPersistenceFilter@6fe022e5, org.springframework.security.web.header.HeaderWriterFilter@68288d0b, org.springframework.security.web.authentication.logout.LogoutFilter@2f3831c8, org.springframework.security.web.savedrequest.RequestCacheAwareFilter@317d232b, org.springframework.security.web.servletapi.SecurityContextHolderAwareRequestFilter@5c085ea8, org.springframework.security.web.authentication.AnonymousAuthenticationFilter@5436f9c, org.springframework.security.web.session.SessionManagementFilter@29bdd421, org.springframework.security.web.access.ExceptionTranslationFilter@41f584d]
2021-02-08 22:22:16,216 INFO [restartedMain] o.s.s.c.ThreadPoolTaskExecutor [ExecutorConfigurationSupport.java:181] Initializing ExecutorService 'applicationTaskExecutor'
2021-02-08 22:22:16,301 INFO [restartedMain] o.s.b.a.w.s.WelcomePageHandlerMapping [WelcomePageHandlerMapping.java:58] Adding welcome page template: index
2021-02-08 22:22:16,448 INFO [restartedMain] o.s.b.d.a.OptionalLiveReloadServer [OptionalLiveReloadServer.java:58] LiveReload server is running on port 35729
2021-02-08 22:22:16,471 INFO [restartedMain] o.a.c.h.Http11NioProtocol [DirectJDKLog.java:173] Starting ProtocolHandler ["http-nio-8080"]
2021-02-08 22:22:16,495 INFO [restartedMain] o.s.b.w.e.t.TomcatWebServer [TomcatWebServer.java:220] Tomcat started on port(s): 8080 (http) with context path '/community'
2021-02-08 22:22:16,509 INFO [restartedMain] c.a.c.CommunityApplication [StartupInfoLogger.java:61] Started CommunityApplication in 2.913 seconds (JVM running for 4.104)
2021-02-08 22:22:31,555 INFO [http-nio-8080-exec-1] o.a.c.c.C.[.[.[/community] [DirectJDKLog.java:173] Initializing Spring DispatcherServlet 'dispatcherServlet'
2021-02-08 22:22:31,556 INFO [http-nio-8080-exec-1] o.s.w.s.DispatcherServlet [FrameworkServlet.java:525] Initializing Servlet 'dispatcherServlet'
2021-02-08 22:22:31,564 INFO [http-nio-8080-exec-1] o.s.w.s.DispatcherServlet [FrameworkServlet.java:547] Completed initialization in 7 ms
2021-02-08 22:22:31,627 INFO [http-nio-8080-exec-1] c.z.h.HikariDataSource [HikariDataSource.java:110] HikariPool-1 - Starting...
2021-02-08 22:22:31,766 INFO [http-nio-8080-exec-1] c.z.h.HikariDataSource [HikariDataSource.java:123] HikariPool-1 - Start completed.
2021-02-08 22:25:13,446 INFO [SpringContextShutdownHook] o.s.s.c.ThreadPoolTaskExecutor [ExecutorConfigurationSupport.java:218] Shutting down ExecutorService 'applicationTaskExecutor'
2021-02-08 22:25:13,449 INFO [SpringContextShutdownHook] c.z.h.HikariDataSource [HikariDataSource.java:350] HikariPool-1 - Shutdown initiated...
2021-02-08 22:25:13,453 INFO [SpringContextShutdownHook] c.z.h.HikariDataSource [HikariDataSource.java:352] HikariPool-1 - Shutdown completed.
2021-02-08 22:25:17,668 INFO [restartedMain] c.a.c.CommunityApplication [StartupInfoLogger.java:55] Starting CommunityApplication on fafadeMacBook-Pro.local with PID 10264 (/Users/fafacarbon/Downloads/DemoAll/community/target/classes started by fafacarbon in /Users/fafacarbon/Downloads/DemoAll/community)
2021-02-08 22:25:17,674 INFO [restartedMain] c.a.c.CommunityApplication [SpringApplication.java:651] No active profile set, falling back to default profiles: default
2021-02-08 22:25:17,763 INFO [restartedMain] o.s.b.d.e.DevToolsPropertyDefaultsPostProcessor [DeferredLog.java:225] Devtools property defaults active! Set 'spring.devtools.add-properties' to 'false' to disable
2021-02-08 22:25:17,770 INFO [restartedMain] o.s.b.d.e.DevToolsPropertyDefaultsPostProcessor [DeferredLog.java:225] For additional web related logging consider setting the 'logging.level.web' property to 'DEBUG'
2021-02-08 22:25:19,137 INFO [restartedMain] o.s.b.w.e.t.TomcatWebServer [TomcatWebServer.java:108] Tomcat initialized with port(s): 8080 (http)
2021-02-08 22:25:19,144 INFO [restartedMain] o.a.c.h.Http11NioProtocol [DirectJDKLog.java:173] Initializing ProtocolHandler ["http-nio-8080"]
2021-02-08 22:25:19,145 INFO [restartedMain] o.a.c.c.StandardService [DirectJDKLog.java:173] Starting service [Tomcat]
2021-02-08 22:25:19,146 INFO [restartedMain] o.a.c.c.StandardEngine [DirectJDKLog.java:173] Starting Servlet engine: [Apache Tomcat/9.0.39]
2021-02-08 22:25:19,202 INFO [restartedMain] o.a.c.c.C.[.[.[/community] [DirectJDKLog.java:173] Initializing Spring embedded WebApplicationContext
2021-02-08 22:25:19,202 INFO [restartedMain] o.s.b.w.s.c.ServletWebServerApplicationContext [ServletWebServerApplicationContext.java:285] Root WebApplicationContext: initialization completed in 1430 ms
2021-02-08 22:25:19,788 INFO [restartedMain] o.s.b.a.s.s.UserDetailsServiceAutoConfiguration [UserDetailsServiceAutoConfiguration.java:86] 

Using generated security password: 95dfc4d0-bade-446d-9f00-dcc98e3e03b1

2021-02-08 22:25:19,836 INFO [restartedMain] o.s.s.w.DefaultSecurityFilterChain [DefaultSecurityFilterChain.java:43] Creating filter chain: any request, [org.springframework.security.web.context.request.async.WebAsyncManagerIntegrationFilter@5c24d6a7, org.springframework.security.web.context.SecurityContextPersistenceFilter@1921c6ac, org.springframework.security.web.header.HeaderWriterFilter@208510ca, org.springframework.security.web.authentication.logout.LogoutFilter@3a693e78, org.springframework.security.web.savedrequest.RequestCacheAwareFilter@450090e6, org.springframework.security.web.servletapi.SecurityContextHolderAwareRequestFilter@1b310fc6, org.springframework.security.web.authentication.AnonymousAuthenticationFilter@71656db5, org.springframework.security.web.session.SessionManagementFilter@34eedcb7, org.springframework.security.web.access.ExceptionTranslationFilter@db2b5d8]
2021-02-08 22:25:19,911 INFO [restartedMain] o.s.s.c.ThreadPoolTaskExecutor [ExecutorConfigurationSupport.java:181] Initializing ExecutorService 'applicationTaskExecutor'
2021-02-08 22:25:19,996 INFO [restartedMain] o.s.b.a.w.s.WelcomePageHandlerMapping [WelcomePageHandlerMapping.java:58] Adding welcome page template: index
2021-02-08 22:25:20,240 INFO [restartedMain] o.s.b.d.a.OptionalLiveReloadServer [OptionalLiveReloadServer.java:58] LiveReload server is running on port 35729
2021-02-08 22:25:20,264 INFO [restartedMain] o.a.c.h.Http11NioProtocol [DirectJDKLog.java:173] Starting ProtocolHandler ["http-nio-8080"]
2021-02-08 22:25:20,294 INFO [restartedMain] o.s.b.w.e.t.TomcatWebServer [TomcatWebServer.java:220] Tomcat started on port(s): 8080 (http) with context path '/community'
2021-02-08 22:25:20,307 INFO [restartedMain] c.a.c.CommunityApplication [StartupInfoLogger.java:61] Started CommunityApplication in 3.185 seconds (JVM running for 4.386)
2021-02-08 22:25:29,353 INFO [http-nio-8080-exec-1] o.a.c.c.C.[.[.[/community] [DirectJDKLog.java:173] Initializing Spring DispatcherServlet 'dispatcherServlet'
2021-02-08 22:25:29,354 INFO [http-nio-8080-exec-1] o.s.w.s.DispatcherServlet [FrameworkServlet.java:525] Initializing Servlet 'dispatcherServlet'
2021-02-08 22:25:29,359 INFO [http-nio-8080-exec-1] o.s.w.s.DispatcherServlet [FrameworkServlet.java:547] Completed initialization in 5 ms
2021-02-08 22:25:29,405 INFO [http-nio-8080-exec-1] c.z.h.HikariDataSource [HikariDataSource.java:110] HikariPool-1 - Starting...
2021-02-08 22:25:29,540 INFO [http-nio-8080-exec-1] c.z.h.HikariDataSource [HikariDataSource.java:123] HikariPool-1 - Start completed.
