2021-03-07 20:14:25,877 INFO [http-nio-8080-exec-1] o.a.c.c.C.[.[.[/community] [DirectJDKLog.java:173] Initializing Spring DispatcherServlet 'dispatcherServlet'
2021-03-07 20:14:25,912 INFO [http-nio-8080-exec-1] o.s.w.s.DispatcherServlet [FrameworkServlet.java:525] Initializing Servlet 'dispatcherServlet'
2021-03-07 20:14:25,950 INFO [http-nio-8080-exec-1] o.s.w.s.DispatcherServlet [FrameworkServlet.java:547] Completed initialization in 37 ms
2021-03-07 20:14:25,978 INFO [http-nio-8080-exec-1] c.a.c.a.ServiceLogAspect [ServiceLogAspect.java:34] 用户[0:0:0:0:0:0:0:1]在[2021-03-07 20:14:25]时间访问了[com.animalcrossing.community.service.UserService.findLoginTicketByTicket]
2021-03-07 20:14:26,028 INFO [http-nio-8080-exec-1] c.a.c.a.ServiceLogAspect [ServiceLogAspect.java:34] 用户[0:0:0:0:0:0:0:1]在[2021-03-07 20:14:26]时间访问了[com.animalcrossing.community.service.UserService.findUserById]
2021-03-07 20:14:26,036 INFO [http-nio-8080-exec-1] c.z.h.HikariDataSource [HikariDataSource.java:110] HikariPool-2 - Starting...
2021-03-07 20:14:26,104 INFO [http-nio-8080-exec-1] c.z.h.HikariDataSource [HikariDataSource.java:123] HikariPool-2 - Start completed.
2021-03-07 20:14:26,137 INFO [http-nio-8080-exec-1] c.a.c.a.ServiceLogAspect [ServiceLogAspect.java:34] 用户[0:0:0:0:0:0:0:1]在[2021-03-07 20:14:26]时间访问了[com.animalcrossing.community.service.DiscussPostService.findDiscussPostRows]
2021-03-07 20:14:26,153 INFO [http-nio-8080-exec-1] c.a.c.a.ServiceLogAspect [ServiceLogAspect.java:34] 用户[0:0:0:0:0:0:0:1]在[2021-03-07 20:14:26]时间访问了[com.animalcrossing.community.service.DiscussPostService.findDiscussPosts]
2021-03-07 20:14:26,163 INFO [http-nio-8080-exec-1] c.a.c.a.ServiceLogAspect [ServiceLogAspect.java:34] 用户[0:0:0:0:0:0:0:1]在[2021-03-07 20:14:26]时间访问了[com.animalcrossing.community.service.UserService.findUserById]
2021-03-07 20:14:26,167 INFO [http-nio-8080-exec-1] c.a.c.a.ServiceLogAspect [ServiceLogAspect.java:34] 用户[0:0:0:0:0:0:0:1]在[2021-03-07 20:14:26]时间访问了[com.animalcrossing.community.service.LikeService.findEntityLikeCount]
2021-03-07 20:14:26,172 INFO [http-nio-8080-exec-1] c.a.c.a.ServiceLogAspect [ServiceLogAspect.java:34] 用户[0:0:0:0:0:0:0:1]在[2021-03-07 20:14:26]时间访问了[com.animalcrossing.community.service.UserService.findUserById]
2021-03-07 20:14:26,174 INFO [http-nio-8080-exec-1] c.a.c.a.ServiceLogAspect [ServiceLogAspect.java:34] 用户[0:0:0:0:0:0:0:1]在[2021-03-07 20:14:26]时间访问了[com.animalcrossing.community.service.LikeService.findEntityLikeCount]
2021-03-07 20:14:26,174 INFO [http-nio-8080-exec-1] c.a.c.a.ServiceLogAspect [ServiceLogAspect.java:34] 用户[0:0:0:0:0:0:0:1]在[2021-03-07 20:14:26]时间访问了[com.animalcrossing.community.service.UserService.findUserById]
2021-03-07 20:14:26,177 INFO [http-nio-8080-exec-1] c.a.c.a.ServiceLogAspect [ServiceLogAspect.java:34] 用户[0:0:0:0:0:0:0:1]在[2021-03-07 20:14:26]时间访问了[com.animalcrossing.community.service.LikeService.findEntityLikeCount]
2021-03-07 20:14:26,178 INFO [http-nio-8080-exec-1] c.a.c.a.ServiceLogAspect [ServiceLogAspect.java:34] 用户[0:0:0:0:0:0:0:1]在[2021-03-07 20:14:26]时间访问了[com.animalcrossing.community.service.UserService.findUserById]
2021-03-07 20:14:26,179 INFO [http-nio-8080-exec-1] c.a.c.a.ServiceLogAspect [ServiceLogAspect.java:34] 用户[0:0:0:0:0:0:0:1]在[2021-03-07 20:14:26]时间访问了[com.animalcrossing.community.service.LikeService.findEntityLikeCount]
2021-03-07 20:14:26,180 INFO [http-nio-8080-exec-1] c.a.c.a.ServiceLogAspect [ServiceLogAspect.java:34] 用户[0:0:0:0:0:0:0:1]在[2021-03-07 20:14:26]时间访问了[com.animalcrossing.community.service.UserService.findUserById]
2021-03-07 20:14:26,184 INFO [http-nio-8080-exec-1] c.a.c.a.ServiceLogAspect [ServiceLogAspect.java:34] 用户[0:0:0:0:0:0:0:1]在[2021-03-07 20:14:26]时间访问了[com.animalcrossing.community.service.LikeService.findEntityLikeCount]
2021-03-07 20:14:26,185 INFO [http-nio-8080-exec-1] c.a.c.a.ServiceLogAspect [ServiceLogAspect.java:34] 用户[0:0:0:0:0:0:0:1]在[2021-03-07 20:14:26]时间访问了[com.animalcrossing.community.service.UserService.findUserById]
2021-03-07 20:14:26,186 INFO [http-nio-8080-exec-1] c.a.c.a.ServiceLogAspect [ServiceLogAspect.java:34] 用户[0:0:0:0:0:0:0:1]在[2021-03-07 20:14:26]时间访问了[com.animalcrossing.community.service.LikeService.findEntityLikeCount]
2021-03-07 20:14:26,187 INFO [http-nio-8080-exec-1] c.a.c.a.ServiceLogAspect [ServiceLogAspect.java:34] 用户[0:0:0:0:0:0:0:1]在[2021-03-07 20:14:26]时间访问了[com.animalcrossing.community.service.UserService.findUserById]
2021-03-07 20:14:26,188 INFO [http-nio-8080-exec-1] c.a.c.a.ServiceLogAspect [ServiceLogAspect.java:34] 用户[0:0:0:0:0:0:0:1]在[2021-03-07 20:14:26]时间访问了[com.animalcrossing.community.service.LikeService.findEntityLikeCount]
2021-03-07 20:14:26,188 INFO [http-nio-8080-exec-1] c.a.c.a.ServiceLogAspect [ServiceLogAspect.java:34] 用户[0:0:0:0:0:0:0:1]在[2021-03-07 20:14:26]时间访问了[com.animalcrossing.community.service.UserService.findUserById]
2021-03-07 20:14:26,191 INFO [http-nio-8080-exec-1] c.a.c.a.ServiceLogAspect [ServiceLogAspect.java:34] 用户[0:0:0:0:0:0:0:1]在[2021-03-07 20:14:26]时间访问了[com.animalcrossing.community.service.LikeService.findEntityLikeCount]
2021-03-07 20:14:26,192 INFO [http-nio-8080-exec-1] c.a.c.a.ServiceLogAspect [ServiceLogAspect.java:34] 用户[0:0:0:0:0:0:0:1]在[2021-03-07 20:14:26]时间访问了[com.animalcrossing.community.service.UserService.findUserById]
2021-03-07 20:14:26,195 INFO [http-nio-8080-exec-1] c.a.c.a.ServiceLogAspect [ServiceLogAspect.java:34] 用户[0:0:0:0:0:0:0:1]在[2021-03-07 20:14:26]时间访问了[com.animalcrossing.community.service.LikeService.findEntityLikeCount]
2021-03-07 20:14:26,195 INFO [http-nio-8080-exec-1] c.a.c.a.ServiceLogAspect [ServiceLogAspect.java:34] 用户[0:0:0:0:0:0:0:1]在[2021-03-07 20:14:26]时间访问了[com.animalcrossing.community.service.UserService.findUserById]
2021-03-07 20:14:26,199 INFO [http-nio-8080-exec-1] c.a.c.a.ServiceLogAspect [ServiceLogAspect.java:34] 用户[0:0:0:0:0:0:0:1]在[2021-03-07 20:14:26]时间访问了[com.animalcrossing.community.service.LikeService.findEntityLikeCount]
